------Start of DE processing------ = [5/1/20 19:02:26:714 BRT]
Exception = com.ibm.wsspi.adaptable.module.UnableToAdaptException
Source = com.ibm.ws.app.manager.war.internal.WARApplicationHandlerImpl
probeid = 50
Stack Dump = com.ibm.wsspi.adaptable.module.UnableToAdaptException: com.ibm.ws.javaee.ddmodel.DDParser$ParseException: CWWKC2262E: The server is unable to process the 3.1 version and the http://java.sun.com/xml/ns/javaee namespace in the /WEB-INF/web.xml deployment descriptor on line 6.
	at com.ibm.ws.javaee.ddmodel.web.WebAppEntryAdapter.adapt(WebAppEntryAdapter.java:61)
	at com.ibm.ws.javaee.ddmodel.web.WebAppEntryAdapter.adapt(WebAppEntryAdapter.java:26)
	at com.ibm.ws.adaptable.module.internal.AdapterFactoryServiceImpl.adapt(AdapterFactoryServiceImpl.java:231)
	at com.ibm.ws.adaptable.module.internal.AdaptableEntryImpl.adapt(AdaptableEntryImpl.java:121)
	at com.ibm.ws.javaee.ddmodel.web.WebAppAdapter.adapt(WebAppAdapter.java:38)
	at com.ibm.ws.javaee.ddmodel.web.WebAppAdapter.adapt(WebAppAdapter.java:24)
	at com.ibm.ws.adaptable.module.internal.AdapterFactoryServiceImpl.adapt(AdapterFactoryServiceImpl.java:200)
	at com.ibm.ws.adaptable.module.internal.AdaptableContainerImpl.adapt(AdaptableContainerImpl.java:174)
	at com.ibm.ws.app.manager.module.internal.SimpleDeployedAppInfoBase$ModuleContainerInfoBase.<init>(SimpleDeployedAppInfoBase.java:171)
	at com.ibm.ws.app.manager.module.internal.SimpleDeployedAppInfoBase$WebModuleContainerInfo.<init>(SimpleDeployedAppInfoBase.java:352)
	at com.ibm.ws.app.manager.war.internal.WARDeployedAppInfo.<init>(WARDeployedAppInfo.java:65)
	at com.ibm.ws.app.manager.war.internal.WARDeployedAppInfoFactoryImpl.createDeployedAppInfo(WARDeployedAppInfoFactoryImpl.java:120)
	at com.ibm.ws.app.manager.war.internal.WARDeployedAppInfoFactoryImpl.createDeployedAppInfo(WARDeployedAppInfoFactoryImpl.java:35)
	at com.ibm.ws.app.manager.war.internal.WARApplicationHandlerImpl.setUpApplicationMonitoring(WARApplicationHandlerImpl.java:49)
	at com.ibm.ws.app.manager.internal.statemachine.StartAction.execute(StartAction.java:136)
	at com.ibm.ws.app.manager.internal.statemachine.ApplicationStateMachineImpl.enterState(ApplicationStateMachineImpl.java:1286)
	at com.ibm.ws.app.manager.internal.statemachine.ApplicationStateMachineImpl.run(ApplicationStateMachineImpl.java:884)
	at com.ibm.ws.threading.internal.ExecutorServiceImpl$RunnableWrapper.run(ExecutorServiceImpl.java:239)
	at java.util.concurrent.ThreadPoolExecutor.runWorker(ThreadPoolExecutor.java:1149)
	at java.util.concurrent.ThreadPoolExecutor$Worker.run(ThreadPoolExecutor.java:624)
	at java.lang.Thread.run(Thread.java:748)
Caused by: com.ibm.ws.javaee.ddmodel.DDParser$ParseException: CWWKC2262E: The server is unable to process the 3.1 version and the http://java.sun.com/xml/ns/javaee namespace in the /WEB-INF/web.xml deployment descriptor on line 6.
	at com.ibm.ws.javaee.ddmodel.web.WebAppDDParser.createRootParsable(WebAppDDParser.java:99)
	at com.ibm.ws.javaee.ddmodel.DDParser.parseRootElement(DDParser.java:578)
	at com.ibm.ws.javaee.ddmodel.web.WebAppDDParser.parse(WebAppDDParser.java:32)
	at com.ibm.ws.javaee.ddmodel.web.WebAppEntryAdapter.adapt(WebAppEntryAdapter.java:59)
	... 20 more

Dump of callerThis
Object type = com.ibm.ws.app.manager.war.internal.WARApplicationHandlerImpl
  futureMonitor = class com.ibm.ws.threading.internal.FutureMonitorImpl@2c11017d
    _monitor = class java.util.concurrent.ConcurrentLinkedQueue@757a6d22
      serialVersionUID = 196745693267521676
      head = class java.util.concurrent.ConcurrentLinkedQueue$Node@50062de
      tail = class java.util.concurrent.ConcurrentLinkedQueue$Node@50062de
      UNSAFE = class sun.misc.Unsafe@1965d748
      headOffset = 12
      tailOffset = 16
      MAX_ARRAY_SIZE = 2147483639
    _executor = class com.ibm.ws.threading.internal.ScheduledExecutorImpl@d0edcc7
      threadGroupName = "Scheduled Executor Thread Group"
      executor = class com.ibm.ws.threading.internal.ExecutorServiceImpl@646fca47
      serialVersionUID = -9110693807503469597
      $$$tc$$$ = class com.ibm.websphere.ras.TraceComponent@72706b53
      continueExistingPeriodicTasksAfterShutdown = false
      executeExistingDelayedTasksAfterShutdown = true
      removeOnCancel = false
      sequencer = class java.util.concurrent.atomic.AtomicLong@40548de3
      ctl = class java.util.concurrent.atomic.AtomicInteger@46c401a5
      COUNT_BITS = 29
      CAPACITY = 536870911
      RUNNING = -536870912
      SHUTDOWN = 0
      STOP = 536870912
      TIDYING = 1073741824
      TERMINATED = 1610612736
      workQueue = class java.util.concurrent.ScheduledThreadPoolExecutor$DelayedWorkQueue@3ff7ec1
      mainLock = class java.util.concurrent.locks.ReentrantLock@1958a10b
      workers = class java.util.HashSet@7d870c56
      termination = class java.util.concurrent.locks.AbstractQueuedSynchronizer$ConditionObject@1ba8f36a
      largestPoolSize = 1
      completedTaskCount = 0
      threadFactory = class com.ibm.ws.threading.internal.ThreadFactoryImpl@63d98fa8
      handler = class java.util.concurrent.ThreadPoolExecutor$AbortPolicy@3f552a21
      keepAliveTime = 0
      allowCoreThreadTimeOut = false
      corePoolSize = 1
      maximumPoolSize = 2147483647
      defaultHandler = class java.util.concurrent.ThreadPoolExecutor$AbortPolicy@3f552a21
      shutdownPerm = class java.lang.RuntimePermission@7a756421
      acc = null
      ONLY_ONE = true
      $assertionsDisabled = true
    _threadRunning = class java.util.concurrent.atomic.AtomicBoolean@779af5fa
      serialVersionUID = 4654671469794556979
      unsafe = class sun.misc.Unsafe@1965d748
      valueOffset = 12
      value = 0
    _thread = class com.ibm.ws.threading.internal.FutureMonitorImpl$1@5ee57352
      this$0 = class com.ibm.ws.threading.internal.FutureMonitorImpl@2c11017d
      serialVersionUID = 2422512430832938099
      $$$tc$$$ = class com.ibm.websphere.ras.TraceComponent@2b62610d
    serialVersionUID = 2765238413969174390
    $$$tc$$$ = class com.ibm.websphere.ras.TraceComponent@33eed538
      strings[0] = "TraceComponent[com.ibm.ws.threading.internal.FutureMonitorImpl,class com.ibm.ws.threading.internal.FutureMonitorImpl,[Threading],com.ibm.ws.threading.internal.resources.ThreadingMessages,null]"
  deployedAppFactory = class com.ibm.ws.app.manager.war.internal.WARDeployedAppInfoFactoryImpl@1caaef34
    tc = class com.ibm.websphere.ras.TraceComponent@359b81a2
      strings[0] = "TraceComponent[com.ibm.ws.app.manager.war.internal.WARDeployedAppInfoFactoryImpl,class com.ibm.ws.app.manager.war.internal.WARDeployedAppInfoFactoryImpl,[webcontainer, applications, app.manager],com.ibm.ws.app.manager.war.internal.resources.Messages,null]"
    deployedAppServices = class com.ibm.ws.app.manager.module.internal.DeployedAppServicesImpl@785016d1
      SERVER_APPS_DIR = "${server.output.dir}/apps/"
      EXPANDED_APPS_DIR = "${server.output.dir}/apps/expanded/"
      bundleContext = class org.eclipse.osgi.internal.framework.BundleContextImpl@6ead3f6a
      applicationInfoFactory = class com.ibm.ws.container.service.app.deploy.internal.ApplicationInfoFactoryImpl@565c9d84
      futureMonitor = class com.ibm.ws.threading.internal.FutureMonitorImpl@2c11017d
      classLoadingService = class com.ibm.ws.classloading.internal.ClassLoadingServiceImpl@45f019ea
      globalSharedLibrary = class com.ibm.ws.library.internal.SharedLibraryImpl@2ec2ef00
      globalSharedLibraryPid = "com.ibm.ws.classloading.sharedlibrary_14"
      configAdmin = class com.ibm.ws.config.admin.internal.ConfigurationAdminImpl@35b5c3e5
      metaDataService = class com.ibm.ws.container.service.metadata.internal.MetaDataServiceImpl@265a54f1
      stateChangeService = class com.ibm.ws.container.service.state.internal.StateChangeServiceImpl@14585d03
      allModuleTypes = class java.lang.String[4]
      moduleMetaDataExtenders = class java.util.concurrent.ConcurrentHashMap@366a4ed2
      nestedModuleMetaDataFactories = class java.util.concurrent.ConcurrentHashMap@42637932
      permissionManager = class com.ibm.ws.classloading.java2sec.PermissionManager@14858438
      locAdmin = class com.ibm.ws.kernel.service.location.internal.WsLocationAdminImpl@6ccbdcab
      artifactFactory = class com.ibm.ws.artifact.internal.ArtifactContainerFactoryService@30fbcc88
      moduleFactory = class com.ibm.ws.adaptable.module.internal.AdaptableModuleFactoryImpl@18c399f4
      serialVersionUID = 8537801607979767986
      $$$tc$$$ = class com.ibm.websphere.ras.TraceComponent@5c84d304
    webModuleHandler = class com.ibm.ws.app.manager.web.internal.WebModuleHandlerImpl@3c305f8
      serialVersionUID = 4795602325763828210
      $$$tc$$$ = class com.ibm.websphere.ras.TraceComponent@52ec2faf
      futureMonitor = class com.ibm.ws.threading.internal.FutureMonitorImpl@2c11017d
      metaDataService = class com.ibm.ws.container.service.metadata.internal.MetaDataServiceImpl@265a54f1
      stateChangeService = class com.ibm.ws.container.service.state.internal.StateChangeServiceImpl@14585d03
      moduleRuntimeContainer = class com.ibm.ws.webcontainer.osgi.WebContainer@1f03a323
      firstFailure = null
      serialVersionUID = -4563697739413190872
      $$$tc$$$ = class com.ibm.websphere.ras.TraceComponent@7acde27f
    applicationManager = class com.ibm.ws.app.manager.ApplicationManager@2356055f
      expandApps = true
      useJandex = false
      startTimeout = 30
      stopTimeout = 30
      extractedLog = class java.io.File@261afba6
      extractsDataLog = class java.util.concurrent.ConcurrentHashMap@9119402
      serialVersionUID = -5498707950408457980
      $$$tc$$$ = class com.ibm.websphere.ras.TraceComponent@7d721322
    serialVersionUID = -7594168883236154685
    serialVersionUID = 6498862425241821545
    $$$tc$$$ = class com.ibm.websphere.ras.TraceComponent@5e9651c
      strings[0] = "TraceComponent[com.ibm.ws.app.manager.module.AbstractDeployedAppInfoFactory,class com.ibm.ws.app.manager.module.AbstractDeployedAppInfoFactory,[applications, app.manager],null,null]"
  serialVersionUID = 4622845147410944782
  $$$tc$$$ = class com.ibm.websphere.ras.TraceComponent@40c7c3f9
    strings[0] = "TraceComponent[com.ibm.ws.app.manager.war.internal.WARApplicationHandlerImpl,class com.ibm.ws.app.manager.war.internal.WARApplicationHandlerImpl,[webcontainer, applications, app.manager],com.ibm.ws.app.manager.war.internal.resources.Messages,null]"

Dump of objectArray[0]
Object type = com.ibm.ws.app.manager.internal.ApplicationInstallInfo
  _config = class com.ibm.ws.app.manager.internal.ApplicationConfig@70984a78
    tc = class com.ibm.websphere.ras.TraceComponent@554b838c
      strings[0] = "TraceComponent[com.ibm.ws.app.manager.internal.ApplicationConfig,class com.ibm.ws.app.manager.internal.ApplicationConfig,[applications, app.manager],com.ibm.ws.app.manager.internal.resources.AppManagerMessages,null]"
    _configPid = "com.ibm.ws.app.manager_19"
    _config = class com.ibm.ws.config.admin.ConfigurationDictionary@3ff3218e
      serialVersionUID = 7966152868712543805
      simpleTypes = class java.util.Arrays$ArrayList@30c4c079
      primitiveArrayTypes = class java.util.Arrays$ArrayList@6bf6af4f
      simpleArrayTypes = class java.util.Arrays$ArrayList@6a29b533
      extendedTypes = class java.util.Arrays$ArrayList@7a2c453
      CASE_INSENSITIVE = class com.ibm.ws.config.admin.ConfigurationDictionary$CaseInsensitive@11731bd6
      properties = class java.util.Collections$SynchronizedMap@4f215260
    _applicationManager = class com.ibm.ws.app.manager.ApplicationManager@2356055f
      expandApps = true
      useJandex = false
      startTimeout = 30
      stopTimeout = 30
      extractedLog = class java.io.File@261afba6
      extractsDataLog = class java.util.concurrent.ConcurrentHashMap@9119402
      serialVersionUID = -5498707950408457980
      $$$tc$$$ = class com.ibm.websphere.ras.TraceComponent@7d721322
    _location = "/c/Users/ernmarti/Downloads/wlp-webProfile8-20.0.0.4/wlp/usr/servers/defaultServer/apps/test.war"
    _type = "war"
    _name = "TestApp"
    _notificationBroadcasterSupport = class javax.management.NotificationBroadcasterSupport@2f7862c0
      listenerList = class java.util.concurrent.CopyOnWriteArrayList@24aefb4d
      executor = class com.ibm.ws.threading.internal.ExecutorServiceImpl@646fca47
      notifInfo = class javax.management.MBeanNotificationInfo[2]
      defaultExecutor = class javax.management.NotificationBroadcasterSupport$1@18e8702e
      NO_NOTIFICATION_INFO = class javax.management.MBeanNotificationInfo[0]
      logger = class com.sun.jmx.remote.util.ClassLogger@21d4114b
    ONE_TIME_JANDEX_MSGS_DISPLAYED = true
    serialVersionUID = -2151423388299667431
  _handlerInfo = class java.util.concurrent.atomic.AtomicReference@62fb7e82
    serialVersionUID = -1848883965231344442
    unsafe = class sun.misc.Unsafe@1965d748
    valueOffset = 12
    value = null
  _container = class java.util.concurrent.atomic.AtomicReference@122da23f
    serialVersionUID = -1848883965231344442
    unsafe = class sun.misc.Unsafe@1965d748
      theUnsafe = class sun.misc.Unsafe@1965d748
      INVALID_FIELD_OFFSET = -1
      ARRAY_BOOLEAN_BASE_OFFSET = 16
      ARRAY_BYTE_BASE_OFFSET = 16
      ARRAY_SHORT_BASE_OFFSET = 16
      ARRAY_CHAR_BASE_OFFSET = 16
      ARRAY_INT_BASE_OFFSET = 16
      ARRAY_LONG_BASE_OFFSET = 16
      ARRAY_FLOAT_BASE_OFFSET = 16
      ARRAY_DOUBLE_BASE_OFFSET = 16
      ARRAY_OBJECT_BASE_OFFSET = 16
      ARRAY_BOOLEAN_INDEX_SCALE = 1
      ARRAY_BYTE_INDEX_SCALE = 1
      ARRAY_SHORT_INDEX_SCALE = 2
      ARRAY_CHAR_INDEX_SCALE = 2
      ARRAY_INT_INDEX_SCALE = 4
      ARRAY_LONG_INDEX_SCALE = 8
      ARRAY_FLOAT_INDEX_SCALE = 4
      ARRAY_DOUBLE_INDEX_SCALE = 8
      ARRAY_OBJECT_INDEX_SCALE = 4
      ADDRESS_SIZE = 8
    valueOffset = 12
    value = class com.ibm.ws.adaptable.module.internal.AdaptableContainerImpl@382924f
      root = class com.ibm.ws.adaptable.module.internal.AdaptableContainerImpl@382924f
      rootOverlay = class com.ibm.ws.artifact.overlay.internal.DirectoryBasedOverlayContainerImpl@25ce59b1
      factoryHolder = class com.ibm.ws.adaptable.module.internal.AdaptableModuleFactoryImpl@18c399f4
      delegate = class com.ibm.ws.artifact.overlay.internal.DirectoryBasedOverlayContainerImpl@25ce59b1
      notifier = null
      serialVersionUID = -5950528200509051684
      $$$tc$$$ = class com.ibm.websphere.ras.TraceComponent@80bec78
  _resolvedLocation = class java.util.concurrent.atomic.AtomicReference@235962e6
    serialVersionUID = -1848883965231344442
    unsafe = class sun.misc.Unsafe@1965d748
    valueOffset = 12
    value = class com.ibm.ws.kernel.service.location.internal.LocalFileResource@84ded00
      strings[0] = "LocalFileResource[FILE;@-1205853052;<undefined>;/c/Users/ernmarti/Downloads/wlp-webProfile8-20.0.0.4/wlp/usr/servers/defaultServer/apps/test.war]"
  _handler = class com.ibm.ws.app.manager.war.internal.WARApplicationHandlerImpl@1a4c775e
    futureMonitor = class com.ibm.ws.threading.internal.FutureMonitorImpl@2c11017d
    deployedAppFactory = class com.ibm.ws.app.manager.war.internal.WARDeployedAppInfoFactoryImpl@1caaef34
      tc = class com.ibm.websphere.ras.TraceComponent@359b81a2
      deployedAppServices = class com.ibm.ws.app.manager.module.internal.DeployedAppServicesImpl@785016d1
      webModuleHandler = class com.ibm.ws.app.manager.web.internal.WebModuleHandlerImpl@3c305f8
      applicationManager = class com.ibm.ws.app.manager.ApplicationManager@2356055f
      serialVersionUID = -7594168883236154685
      serialVersionUID = 6498862425241821545
      $$$tc$$$ = class com.ibm.websphere.ras.TraceComponent@5e9651c
    serialVersionUID = 4622845147410944782
    $$$tc$$$ = class com.ibm.websphere.ras.TraceComponent@40c7c3f9
      strings[0] = "TraceComponent[com.ibm.ws.app.manager.war.internal.WARApplicationHandlerImpl,class com.ibm.ws.app.manager.war.internal.WARApplicationHandlerImpl,[webcontainer, applications, app.manager],com.ibm.ws.app.manager.war.internal.resources.Messages,null]"
  _ami = class java.util.concurrent.atomic.AtomicReference@1120377f
    serialVersionUID = -1848883965231344442
    unsafe = class sun.misc.Unsafe@1965d748
    valueOffset = 12
    value = null
  _updateHandler = class com.ibm.ws.app.manager.internal.statemachine.ApplicationStateMachineImpl@289654b7
    _tc = class com.ibm.websphere.ras.TraceComponent@5ba2af86
      strings[0] = "TraceComponent[com.ibm.ws.app.manager.internal.statemachine.ApplicationStateMachineImpl,class com.ibm.ws.app.manager.internal.statemachine.ApplicationStateMachineImpl,[applications, app.manager],com.ibm.ws.app.manager.internal.resources.AppManagerMessages,null]"
    EMPTY_FUTURE_ARRAY = interface java.util.concurrent.Future[0]
    asmSequenceNumber = class java.util.concurrent.atomic.AtomicLong@4bc47239
      serialVersionUID = 1927816293512124184
      unsafe = class sun.misc.Unsafe@1965d748
      valueOffset = 16
      VM_SUPPORTS_LONG_CAS = true
      value = 1
      serialVersionUID = -8742448824652078965
    _qscaCounter = class java.util.concurrent.atomic.AtomicInteger@6d1dc59e
      serialVersionUID = 6214790243416807050
      unsafe = class sun.misc.Unsafe@1965d748
      valueOffset = 12
      value = 1
      serialVersionUID = -8742448824652078965
    _failedThrowable = null
    _interruptibleLock = class com.ibm.ws.app.manager.internal.statemachine.ApplicationStateMachineImpl$2@11fd49f
      this$0 = class com.ibm.ws.app.manager.internal.statemachine.ApplicationStateMachineImpl@289654b7
      serialVersionUID = 1428897424970146289
      $$$tc$$$ = class com.ibm.websphere.ras.TraceComponent@38192031
    _interruptible = false
    _performingQueuedActions = true
    _queuedActions = class java.util.concurrent.ConcurrentLinkedQueue@3935dec0
      serialVersionUID = 196745693267521676
      head = class java.util.concurrent.ConcurrentLinkedQueue$Node@25d3274e
      tail = class java.util.concurrent.ConcurrentLinkedQueue$Node@69dd39c1
      UNSAFE = class sun.misc.Unsafe@1965d748
      headOffset = 12
      tailOffset = 16
      MAX_ARRAY_SIZE = 2147483639
    _callbackState = class java.util.concurrent.atomic.AtomicReference@51882665
      serialVersionUID = -1848883965231344442
      unsafe = class sun.misc.Unsafe@1965d748
      valueOffset = 12
      value = class com.ibm.ws.app.manager.internal.statemachine.ApplicationStateMachineImpl$CallbackState@9a6b742
    blockAppStartingFutures = class java.util.Collections$SetFromMap@52ba28ff
      m = class java.util.concurrent.ConcurrentHashMap@314ec0a7
      s = class java.util.concurrent.ConcurrentHashMap$KeySetView@8cfe9f6
      serialVersionUID = 2454657854757543876
      MAX_ARRAY_SIZE = 2147483639
    waitingForAppHandlerFuture = class java.util.concurrent.atomic.AtomicReference@2d7eb51b
      serialVersionUID = -1848883965231344442
      unsafe = class sun.misc.Unsafe@1965d748
      valueOffset = 12
      value = class com.ibm.ws.app.manager.internal.ApplicationDependency@2ed89ccb
    waitingForExplicitStartFuture = class java.util.concurrent.atomic.AtomicReference@3aaaadaa
      serialVersionUID = -1848883965231344442
      unsafe = class sun.misc.Unsafe@1965d748
      valueOffset = 12
      value = null
    startAfterFutures = class java.util.Collections$SetFromMap@2a011f94
      m = class java.util.concurrent.ConcurrentHashMap@2665d51d
      s = class java.util.concurrent.ConcurrentHashMap$KeySetView@650fc24e
      serialVersionUID = 2454657854757543876
      MAX_ARRAY_SIZE = 2147483639
    completionListener = class java.util.concurrent.atomic.AtomicReference@297f37fb
      serialVersionUID = -1848883965231344442
      unsafe = class sun.misc.Unsafe@1965d748
      valueOffset = 12
      value = null
    _notifyAppStopped = class java.util.concurrent.ConcurrentLinkedQueue@717199a2
      serialVersionUID = 196745693267521676
      head = class java.util.concurrent.ConcurrentLinkedQueue$Node@17c7e0a4
      tail = class java.util.concurrent.ConcurrentLinkedQueue$Node@50cb4103
      UNSAFE = class sun.misc.Unsafe@1965d748
      headOffset = 12
      tailOffset = 16
      MAX_ARRAY_SIZE = 2147483639
    _notifyAppStarting = class java.util.concurrent.ConcurrentLinkedQueue@1ed9addb
      serialVersionUID = 196745693267521676
      head = class java.util.concurrent.ConcurrentLinkedQueue$Node@54661b72
      tail = class java.util.concurrent.ConcurrentLinkedQueue$Node@49d4da78
      UNSAFE = class sun.misc.Unsafe@1965d748
      headOffset = 12
      tailOffset = 16
      MAX_ARRAY_SIZE = 2147483639
    _notifyAppInstallCalled = class java.util.concurrent.ConcurrentLinkedQueue@3c06ec2b
      serialVersionUID = 196745693267521676
      head = class java.util.concurrent.ConcurrentLinkedQueue$Node@4f87d4b1
      tail = class java.util.concurrent.ConcurrentLinkedQueue$Node@4f87d4b1
      UNSAFE = class sun.misc.Unsafe@1965d748
      headOffset = 12
      tailOffset = 16
      MAX_ARRAY_SIZE = 2147483639
    _notifyAppStarted = class java.util.concurrent.ConcurrentLinkedQueue@6c96c4bf
      serialVersionUID = 196745693267521676
      head = class java.util.concurrent.ConcurrentLinkedQueue$Node@6145b0ed
      tail = class java.util.concurrent.ConcurrentLinkedQueue$Node@6145b0ed
      UNSAFE = class sun.misc.Unsafe@1965d748
      headOffset = 12
      tailOffset = 16
      MAX_ARRAY_SIZE = 2147483639
    _notifyAppRemoved = class java.util.concurrent.ConcurrentLinkedQueue@11d7fc06
      serialVersionUID = 196745693267521676
      head = class java.util.concurrent.ConcurrentLinkedQueue$Node@1526cfeb
      tail = class java.util.concurrent.ConcurrentLinkedQueue$Node@1526cfeb
      UNSAFE = class sun.misc.Unsafe@1965d748
      headOffset = 12
      tailOffset = 16
      MAX_ARRAY_SIZE = 2147483639
    _stateLock = class com.ibm.ws.app.manager.internal.statemachine.ApplicationStateMachineImpl$3@42b32c92
      this$0 = class com.ibm.ws.app.manager.internal.statemachine.ApplicationStateMachineImpl@289654b7
      serialVersionUID = -2844785999478513305
      $$$tc$$$ = class com.ibm.websphere.ras.TraceComponent@452dc382
    _internalState = class java.util.concurrent.atomic.AtomicReference@49dff75b
      serialVersionUID = -1848883965231344442
      unsafe = class sun.misc.Unsafe@1965d748
      valueOffset = 12
      value = class com.ibm.ws.app.manager.internal.statemachine.ApplicationStateMachineImpl$InternalState@2e961baf
    _currentAction = class java.util.concurrent.atomic.AtomicReference@13b671e3
      serialVersionUID = -1848883965231344442
      unsafe = class sun.misc.Unsafe@1965d748
      valueOffset = 12
      value = class com.ibm.ws.app.manager.internal.statemachine.StartAction@533e71e9
    _rfa = class java.util.concurrent.atomic.AtomicReference@3daf985f
      serialVersionUID = -1848883965231344442
      unsafe = class sun.misc.Unsafe@1965d748
      valueOffset = 12
      value = null
    _appInstallInfo = class java.util.concurrent.atomic.AtomicReference@66a3e4c4
      serialVersionUID = -1848883965231344442
      unsafe = class sun.misc.Unsafe@1965d748
      valueOffset = 12
      value = class com.ibm.ws.app.manager.internal.ApplicationInstallInfo@6612d694
    _update = class java.util.concurrent.atomic.AtomicBoolean@5070a264
      serialVersionUID = 4654671469794556979
      unsafe = class sun.misc.Unsafe@1965d748
      valueOffset = 12
      value = 1
    _appConfig = class java.util.concurrent.atomic.AtomicReference@7069e8e0
      serialVersionUID = -1848883965231344442
      unsafe = class sun.misc.Unsafe@1965d748
      valueOffset = 12
      value = class com.ibm.ws.app.manager.internal.ApplicationConfig@70984a78
    _nextAppConfig = class java.util.concurrent.atomic.AtomicReference@31c5fbd2
      serialVersionUID = -1848883965231344442
      unsafe = class sun.misc.Unsafe@1965d748
      valueOffset = 12
      value = null
    _appContainer = class java.util.concurrent.atomic.AtomicReference@4839bcea
      serialVersionUID = -1848883965231344442
      unsafe = class sun.misc.Unsafe@1965d748
      valueOffset = 12
      value = null
    _resolvedLocation = class java.util.concurrent.atomic.AtomicReference@1d0f540b
      serialVersionUID = -1848883965231344442
      unsafe = class sun.misc.Unsafe@1965d748
      valueOffset = 12
      value = null
    _handler = class java.util.concurrent.atomic.AtomicReference@229e91a2
      serialVersionUID = -1848883965231344442
      unsafe = class sun.misc.Unsafe@1965d748
      valueOffset = 12
      value = class com.ibm.ws.app.manager.war.internal.WARApplicationHandlerImpl@1a4c775e
    _asmSeqNo = 0
    _ctx = class org.eclipse.osgi.internal.framework.BundleContextImpl@1ba94db0
      findHookName = "org.osgi.framework.hooks.bundle.FindHook"
      valid = true
      bundle = class org.eclipse.osgi.internal.framework.EquinoxBundle@bd03bb9
      container = class org.eclipse.osgi.internal.framework.EquinoxContainer@4c89038a
      debug = class org.eclipse.osgi.internal.debug.Debug@f3b300e
      servicesInUse = class java.util.HashMap@1d0a5b16
      activator = null
      contextLock = class java.lang.Object@154fa897
    _locAdmin = class com.ibm.ws.kernel.service.location.internal.WsLocationAdminImpl@6ccbdcab
      tc = class com.ibm.websphere.ras.TraceComponent@62ecb54a
      LOC_INTERNAL_LIB_DIR = "wlp.lib.dir"
      LOC_INTERNAL_WORKAREA_DIR = "wlp.workarea.dir"
      LOC_AREA_NAME_APPS = "shared/apps/"
      LOC_AREA_NAME_CONFIG = "shared/config/"
      LOC_AREA_NAME_RESC = "shared/resources/"
      LOC_AREA_NAME_STATE = "logs/state/"
      LOC_AREA_NAME_SERVERS = "servers/"
      LOC_AREA_NAME_CLIENTS = "clients/"
      LOC_AREA_NAME_WORKING = "workarea/"
      LOC_AREA_NAME_EXTENSION = "extension/"
      instance = class com.ibm.ws.kernel.service.location.internal.WsLocationAdminImpl@6ccbdcab
      installRoot = class com.ibm.ws.kernel.service.location.internal.SymbolicRootResource@202bb8ad
      installParentRoot = class com.ibm.ws.kernel.service.location.internal.SymbolicRootResource@546cf88b
      userRoot = class com.ibm.ws.kernel.service.location.internal.SymbolicRootResource@3f3b9d94
      usrExtensionRoot = class com.ibm.ws.kernel.service.location.internal.SymbolicRootResource@266773d5
      serverConfigDir = class com.ibm.ws.kernel.service.location.internal.SymbolicRootResource@5bf44964
      serverOutputDir = class com.ibm.ws.kernel.service.location.internal.SymbolicRootResource@5bf44964
      bootstrapLib = class com.ibm.ws.kernel.service.location.internal.LocalFileResource@686f4a31
      serverWorkarea = class com.ibm.ws.kernel.service.location.internal.LocalFileResource@bdbad95
      serverState = class com.ibm.ws.kernel.service.location.internal.LocalFileResource@163f8ee0
      sharedAppsRoot = class com.ibm.ws.kernel.service.location.internal.SymbolicRootResource@6f795a2a
      sharedConfigRoot = class com.ibm.ws.kernel.service.location.internal.SymbolicRootResource@7d55bb36
      sharedResourceRoot = class com.ibm.ws.kernel.service.location.internal.SymbolicRootResource@2b34160c
      tmpRoot = class com.ibm.ws.kernel.service.location.internal.SymbolicRootResource@4196d504
      serverName = "defaultServer"
      resourcePaths = class java.util.ArrayList@641b6f16
      resourceGroups = class java.util.HashMap@34c7f4a8
      commonRoot = class com.ibm.ws.kernel.service.location.internal.VirtualRootResource@3fc8104a
      serialVersionUID = -5748835026800463299
    _futureMonitor = class com.ibm.ws.threading.internal.FutureMonitorImpl@2c11017d
      _monitor = class java.util.concurrent.ConcurrentLinkedQueue@757a6d22
      _executor = class com.ibm.ws.threading.internal.ScheduledExecutorImpl@d0edcc7
      _threadRunning = class java.util.concurrent.atomic.AtomicBoolean@779af5fa
      _thread = class com.ibm.ws.threading.internal.FutureMonitorImpl$1@5ee57352
      serialVersionUID = 2765238413969174390
      $$$tc$$$ = class com.ibm.websphere.ras.TraceComponent@33eed538
    _artifactFactory = class com.ibm.ws.artifact.internal.ArtifactContainerFactoryService@30fbcc88
      CATEGORY_PROP_NAME = "category"
      ENTRY_KEY = "com.ibm.wsspi.artifact.ArtifactEntry"
      helperMap = class com.ibm.wsspi.kernel.service.utils.ConcurrentServiceReferenceSetMap@7a0f592d
      contributorMap = class com.ibm.wsspi.kernel.service.utils.ConcurrentServiceReferenceSetMap@2365a10c
      helperCategoryMap = class com.ibm.wsspi.kernel.service.utils.ConcurrentServiceReferenceSetMap@f9a0bb4
      contributorCategoryMap = class com.ibm.wsspi.kernel.service.utils.ConcurrentServiceReferenceSetMap@17096586
      categories = class java.util.Collections$SynchronizedSet@174f907b
      baseProperties = class org.apache.felix.scr.impl.helper.ReadOnlyDictionary@192c2e5f
      registration = class com.ibm.ws.kernel.service.util.ServiceRegistrationModifier@46b45165
      serialVersionUID = 6566424214406946230
      $$$tc$$$ = class com.ibm.websphere.ras.TraceComponent@d7ee7c3
    _moduleFactory = class com.ibm.ws.adaptable.module.internal.AdaptableModuleFactoryImpl@18c399f4
      adapterFactoryService = class com.ibm.ws.adaptable.module.internal.AdapterFactoryServiceImpl@734138be
      containerFactory = class com.ibm.ws.artifact.internal.ArtifactContainerFactoryService@30fbcc88
      overlayContainerFactory = class com.ibm.ws.artifact.overlay.internal.OverlayContainerFactoryImpl@5f455ddf
      serialVersionUID = 4200251809856292987
      $$$tc$$$ = class com.ibm.websphere.ras.TraceComponent@1bfb58b9
    _executorService = class com.ibm.ws.threading.internal.ExecutorServiceImpl@646fca47
      threadPool = class java.util.concurrent.ThreadPoolExecutor@67b9b3df
      threadPoolController = class com.ibm.ws.threading.internal.ThreadPoolController@64feb4f0
      poolName = "Default Executor"
      MINIMUM_POOL_SIZE = 4
      componentConfig = class org.apache.felix.scr.impl.helper.ReadOnlyDictionary@273b3ce2
      interceptorsActive = false
      interceptors = class java.util.concurrent.CopyOnWriteArraySet@738783d1
      threadFactory = null
      serverStopping = false
      phaser = class java.util.concurrent.Phaser@598af135
      serialVersionUID = 6930666794455919448
      $$$tc$$$ = class com.ibm.websphere.ras.TraceComponent@5c74e675
    _scheduledExecutorService = class com.ibm.ws.threading.internal.ScheduledExecutorImpl@d0edcc7
      threadGroupName = "Scheduled Executor Thread Group"
      executor = class com.ibm.ws.threading.internal.ExecutorServiceImpl@646fca47
      serialVersionUID = -9110693807503469597
      $$$tc$$$ = class com.ibm.websphere.ras.TraceComponent@72706b53
      continueExistingPeriodicTasksAfterShutdown = false
      executeExistingDelayedTasksAfterShutdown = true
      removeOnCancel = false
      sequencer = class java.util.concurrent.atomic.AtomicLong@40548de3
      ctl = class java.util.concurrent.atomic.AtomicInteger@46c401a5
      COUNT_BITS = 29
      CAPACITY = 536870911
      RUNNING = -536870912
      SHUTDOWN = 0
      STOP = 536870912
      TIDYING = 1073741824
      TERMINATED = 1610612736
      workQueue = class java.util.concurrent.ScheduledThreadPoolExecutor$DelayedWorkQueue@3ff7ec1
      mainLock = class java.util.concurrent.locks.ReentrantLock@1958a10b
      workers = class java.util.HashSet@7d870c56
      termination = class java.util.concurrent.locks.AbstractQueuedSynchronizer$ConditionObject@1ba8f36a
      largestPoolSize = 1
      completedTaskCount = 0
      threadFactory = class com.ibm.ws.threading.internal.ThreadFactoryImpl@63d98fa8
      handler = class java.util.concurrent.ThreadPoolExecutor$AbortPolicy@3f552a21
      keepAliveTime = 0
      allowCoreThreadTimeOut = false
      corePoolSize = 1
      maximumPoolSize = 2147483647
      defaultHandler = class java.util.concurrent.ThreadPoolExecutor$AbortPolicy@3f552a21
      shutdownPerm = class java.lang.RuntimePermission@7a756421
      acc = null
      ONLY_ONE = true
      $assertionsDisabled = true
    _asmHelper = class com.ibm.ws.app.manager.internal.ApplicationConfigurator$NamedApplication@d7389f7
      appName = "TestApp"
      configPid = "com.ibm.ws.app.manager_19"
      bundleContext = class org.eclipse.osgi.internal.framework.BundleContextImpl@1ba94db0
      mbeanNotifier = class javax.management.NotificationBroadcasterSupport@2f7862c0
      sequence = class java.util.concurrent.atomic.AtomicLong@5a87af73
      appConfig = class com.ibm.ws.app.manager.internal.ApplicationConfig@70984a78
      asm = class com.ibm.ws.app.manager.internal.statemachine.ApplicationStateMachineImpl@289654b7
      appTypeSupport = class com.ibm.ws.app.manager.internal.ApplicationConfigurator$ApplicationTypeSupport@356fa941
      appRecycleContext = null
      appStateRef = class java.util.concurrent.atomic.AtomicReference@2bba8720
      appReg = class com.ibm.ws.app.manager.internal.lifecycle.ServiceReg@61dc3890
      mbeanReg = class com.ibm.ws.app.manager.internal.lifecycle.ServiceReg@6c7efef
      dynamicMBean = class java.util.concurrent.atomic.AtomicReference@4eaa6bd7
      serialVersionUID = -2429219244222002679
      $$$tc$$$ = class com.ibm.websphere.ras.TraceComponent@58edc1f6
    _appMonitor = class com.ibm.ws.app.manager.internal.monitor.ApplicationMonitor@3c9bf548
      tc = class com.ibm.websphere.ras.TraceComponent@35b834b7
      _config = class java.util.concurrent.atomic.AtomicReference@273c82b5
      _executorService = class java.util.concurrent.atomic.AtomicReference@446582e
      _appListeners = class java.util.concurrent.ConcurrentHashMap@2c2c4ac2
      serialVersionUID = -6677716415972806660
    enterStateCalled = class java.util.concurrent.atomic.AtomicBoolean@39c0d0dd
      serialVersionUID = 4654671469794556979
      unsafe = class sun.misc.Unsafe@1965d748
      valueOffset = 12
      value = 1
    serialVersionUID = -6687078902976391966
    serialVersionUID = 300267208965883056
    $$$tc$$$ = class com.ibm.websphere.ras.TraceComponent@11b89b87
      strings[0] = "TraceComponent[com.ibm.ws.app.manager.internal.statemachine.ApplicationStateMachine,class com.ibm.ws.app.manager.internal.statemachine.ApplicationStateMachine,[applications, app.manager],com.ibm.ws.app.manager.internal.resources.AppManagerMessages,null]"
  serialVersionUID = 2630639237123415755
  $$$tc$$$ = class com.ibm.websphere.ras.TraceComponent@664098d1
    strings[0] = "TraceComponent[com.ibm.ws.app.manager.internal.ApplicationInstallInfo,class com.ibm.ws.app.manager.internal.ApplicationInstallInfo,[applications, app.manager],com.ibm.ws.app.manager.internal.resources.AppManagerMessages,null]"

