------Start of DE processing------ = [5/1/20 18:51:00:358 BRT]
Exception = com.ibm.wsspi.adaptable.module.UnableToAdaptException
Source = com.ibm.ws.app.manager.war.internal.WARApplicationHandlerImpl
probeid = 50
Stack Dump = com.ibm.wsspi.adaptable.module.UnableToAdaptException: com.ibm.ws.javaee.ddmodel.DDParser$ParseException: CWWKC2262E: The server is unable to process the 3.1 version and the http://java.sun.com/xml/ns/javaee namespace in the /WEB-INF/web.xml deployment descriptor on line 6.
	at com.ibm.ws.javaee.ddmodel.web.WebAppEntryAdapter.adapt(WebAppEntryAdapter.java:61)
	at com.ibm.ws.javaee.ddmodel.web.WebAppEntryAdapter.adapt(WebAppEntryAdapter.java:26)
	at com.ibm.ws.adaptable.module.internal.AdapterFactoryServiceImpl.adapt(AdapterFactoryServiceImpl.java:231)
	at com.ibm.ws.adaptable.module.internal.AdaptableEntryImpl.adapt(AdaptableEntryImpl.java:121)
	at com.ibm.ws.javaee.ddmodel.web.WebAppAdapter.adapt(WebAppAdapter.java:38)
	at com.ibm.ws.javaee.ddmodel.web.WebAppAdapter.adapt(WebAppAdapter.java:24)
	at com.ibm.ws.adaptable.module.internal.AdapterFactoryServiceImpl.adapt(AdapterFactoryServiceImpl.java:200)
	at com.ibm.ws.adaptable.module.internal.AdaptableContainerImpl.adapt(AdaptableContainerImpl.java:174)
	at com.ibm.ws.app.manager.module.internal.SimpleDeployedAppInfoBase$ModuleContainerInfoBase.<init>(SimpleDeployedAppInfoBase.java:171)
	at com.ibm.ws.app.manager.module.internal.SimpleDeployedAppInfoBase$WebModuleContainerInfo.<init>(SimpleDeployedAppInfoBase.java:352)
	at com.ibm.ws.app.manager.war.internal.WARDeployedAppInfo.<init>(WARDeployedAppInfo.java:65)
	at com.ibm.ws.app.manager.war.internal.WARDeployedAppInfoFactoryImpl.createDeployedAppInfo(WARDeployedAppInfoFactoryImpl.java:120)
	at com.ibm.ws.app.manager.war.internal.WARDeployedAppInfoFactoryImpl.createDeployedAppInfo(WARDeployedAppInfoFactoryImpl.java:35)
	at com.ibm.ws.app.manager.war.internal.WARApplicationHandlerImpl.setUpApplicationMonitoring(WARApplicationHandlerImpl.java:49)
	at com.ibm.ws.app.manager.internal.statemachine.StartAction.execute(StartAction.java:136)
	at com.ibm.ws.app.manager.internal.statemachine.ApplicationStateMachineImpl.enterState(ApplicationStateMachineImpl.java:1286)
	at com.ibm.ws.app.manager.internal.statemachine.ApplicationStateMachineImpl.performAction(ApplicationStateMachineImpl.java:1144)
	at com.ibm.ws.app.manager.internal.statemachine.ApplicationStateMachineImpl.run(ApplicationStateMachineImpl.java:892)
	at com.ibm.ws.threading.internal.ExecutorServiceImpl$RunnableWrapper.run(ExecutorServiceImpl.java:239)
	at java.util.concurrent.ThreadPoolExecutor.runWorker(ThreadPoolExecutor.java:1149)
	at java.util.concurrent.ThreadPoolExecutor$Worker.run(ThreadPoolExecutor.java:624)
	at java.lang.Thread.run(Thread.java:748)
Caused by: com.ibm.ws.javaee.ddmodel.DDParser$ParseException: CWWKC2262E: The server is unable to process the 3.1 version and the http://java.sun.com/xml/ns/javaee namespace in the /WEB-INF/web.xml deployment descriptor on line 6.
	at com.ibm.ws.javaee.ddmodel.web.WebAppDDParser.createRootParsable(WebAppDDParser.java:99)
	at com.ibm.ws.javaee.ddmodel.DDParser.parseRootElement(DDParser.java:578)
	at com.ibm.ws.javaee.ddmodel.web.WebAppDDParser.parse(WebAppDDParser.java:32)
	at com.ibm.ws.javaee.ddmodel.web.WebAppEntryAdapter.adapt(WebAppEntryAdapter.java:59)
	... 21 more

Dump of callerThis
Object type = com.ibm.ws.app.manager.war.internal.WARApplicationHandlerImpl
  futureMonitor = class com.ibm.ws.threading.internal.FutureMonitorImpl@7e9bc7e6
    _monitor = class java.util.concurrent.ConcurrentLinkedQueue@3468003e
      serialVersionUID = 196745693267521676
      head = class java.util.concurrent.ConcurrentLinkedQueue$Node@3f547408
      tail = class java.util.concurrent.ConcurrentLinkedQueue$Node@3f547408
      UNSAFE = class sun.misc.Unsafe@33541b17
      headOffset = 12
      tailOffset = 16
      MAX_ARRAY_SIZE = 2147483639
    _executor = class com.ibm.ws.threading.internal.ScheduledExecutorImpl@57151bba
      threadGroupName = "Scheduled Executor Thread Group"
      executor = class com.ibm.ws.threading.internal.ExecutorServiceImpl@12819b50
      serialVersionUID = -9110693807503469597
      $$$tc$$$ = class com.ibm.websphere.ras.TraceComponent@3a95e1db
      continueExistingPeriodicTasksAfterShutdown = false
      executeExistingDelayedTasksAfterShutdown = true
      removeOnCancel = false
      sequencer = class java.util.concurrent.atomic.AtomicLong@492d8d58
      ctl = class java.util.concurrent.atomic.AtomicInteger@1ee26a7d
      COUNT_BITS = 29
      CAPACITY = 536870911
      RUNNING = -536870912
      SHUTDOWN = 0
      STOP = 536870912
      TIDYING = 1073741824
      TERMINATED = 1610612736
      workQueue = class java.util.concurrent.ScheduledThreadPoolExecutor$DelayedWorkQueue@274bd8e
      mainLock = class java.util.concurrent.locks.ReentrantLock@1c31fd8b
      workers = class java.util.HashSet@39d3f418
      termination = class java.util.concurrent.locks.AbstractQueuedSynchronizer$ConditionObject@34efd0dd
      largestPoolSize = 1
      completedTaskCount = 0
      threadFactory = class com.ibm.ws.threading.internal.ThreadFactoryImpl@13d08303
      handler = class java.util.concurrent.ThreadPoolExecutor$AbortPolicy@9ee957
      keepAliveTime = 0
      allowCoreThreadTimeOut = false
      corePoolSize = 1
      maximumPoolSize = 2147483647
      defaultHandler = class java.util.concurrent.ThreadPoolExecutor$AbortPolicy@9ee957
      shutdownPerm = class java.lang.RuntimePermission@26cbae68
      acc = null
      ONLY_ONE = true
      $assertionsDisabled = true
    _threadRunning = class java.util.concurrent.atomic.AtomicBoolean@5c373942
      serialVersionUID = 4654671469794556979
      unsafe = class sun.misc.Unsafe@33541b17
      valueOffset = 12
      value = 0
    _thread = class com.ibm.ws.threading.internal.FutureMonitorImpl$1@550a3c58
      this$0 = class com.ibm.ws.threading.internal.FutureMonitorImpl@7e9bc7e6
      serialVersionUID = 2422512430832938099
      $$$tc$$$ = class com.ibm.websphere.ras.TraceComponent@6d286ea2
    serialVersionUID = 2765238413969174390
    $$$tc$$$ = class com.ibm.websphere.ras.TraceComponent@3e14b6f1
      strings[0] = "TraceComponent[com.ibm.ws.threading.internal.FutureMonitorImpl,class com.ibm.ws.threading.internal.FutureMonitorImpl,[Threading],com.ibm.ws.threading.internal.resources.ThreadingMessages,null]"
  deployedAppFactory = class com.ibm.ws.app.manager.war.internal.WARDeployedAppInfoFactoryImpl@59298632
    tc = class com.ibm.websphere.ras.TraceComponent@29958eed
      strings[0] = "TraceComponent[com.ibm.ws.app.manager.war.internal.WARDeployedAppInfoFactoryImpl,class com.ibm.ws.app.manager.war.internal.WARDeployedAppInfoFactoryImpl,[webcontainer, applications, app.manager],com.ibm.ws.app.manager.war.internal.resources.Messages,null]"
    deployedAppServices = class com.ibm.ws.app.manager.module.internal.DeployedAppServicesImpl@5506c31a
      SERVER_APPS_DIR = "${server.output.dir}/apps/"
      EXPANDED_APPS_DIR = "${server.output.dir}/apps/expanded/"
      bundleContext = class org.eclipse.osgi.internal.framework.BundleContextImpl@30709525
      applicationInfoFactory = class com.ibm.ws.container.service.app.deploy.internal.ApplicationInfoFactoryImpl@befea54
      futureMonitor = class com.ibm.ws.threading.internal.FutureMonitorImpl@7e9bc7e6
      classLoadingService = class com.ibm.ws.classloading.internal.ClassLoadingServiceImpl@17eedcf4
      globalSharedLibrary = class com.ibm.ws.library.internal.SharedLibraryImpl@546e56
      globalSharedLibraryPid = "com.ibm.ws.classloading.sharedlibrary_24"
      configAdmin = class com.ibm.ws.config.admin.internal.ConfigurationAdminImpl@62f28da
      metaDataService = class com.ibm.ws.container.service.metadata.internal.MetaDataServiceImpl@789e75da
      stateChangeService = class com.ibm.ws.container.service.state.internal.StateChangeServiceImpl@e0d3bd
      allModuleTypes = class java.lang.String[4]
      moduleMetaDataExtenders = class java.util.concurrent.ConcurrentHashMap@2eaebb3b
      nestedModuleMetaDataFactories = class java.util.concurrent.ConcurrentHashMap@d2b5666
      permissionManager = class com.ibm.ws.classloading.java2sec.PermissionManager@723dc6e1
      locAdmin = class com.ibm.ws.kernel.service.location.internal.WsLocationAdminImpl@4141c6a6
      artifactFactory = class com.ibm.ws.artifact.internal.ArtifactContainerFactoryService@43593db
      moduleFactory = class com.ibm.ws.adaptable.module.internal.AdaptableModuleFactoryImpl@42a6c5c9
      serialVersionUID = 8537801607979767986
      $$$tc$$$ = class com.ibm.websphere.ras.TraceComponent@26294d35
    webModuleHandler = class com.ibm.ws.app.manager.web.internal.WebModuleHandlerImpl@161490b
      serialVersionUID = 4795602325763828210
      $$$tc$$$ = class com.ibm.websphere.ras.TraceComponent@6267e8d7
      futureMonitor = class com.ibm.ws.threading.internal.FutureMonitorImpl@7e9bc7e6
      metaDataService = class com.ibm.ws.container.service.metadata.internal.MetaDataServiceImpl@789e75da
      stateChangeService = class com.ibm.ws.container.service.state.internal.StateChangeServiceImpl@e0d3bd
      moduleRuntimeContainer = class com.ibm.ws.webcontainer.osgi.WebContainer@1c08139d
      firstFailure = null
      serialVersionUID = -4563697739413190872
      $$$tc$$$ = class com.ibm.websphere.ras.TraceComponent@6b5ba417
    applicationManager = class com.ibm.ws.app.manager.ApplicationManager@21651a36
      expandApps = true
      useJandex = false
      startTimeout = 30
      stopTimeout = 30
      extractedLog = class java.io.File@5e20b874
      extractsDataLog = class java.util.concurrent.ConcurrentHashMap@3bb877db
      serialVersionUID = -5498707950408457980
      $$$tc$$$ = class com.ibm.websphere.ras.TraceComponent@1bd3da13
    serialVersionUID = -7594168883236154685
    serialVersionUID = 6498862425241821545
    $$$tc$$$ = class com.ibm.websphere.ras.TraceComponent@2c3f016
      strings[0] = "TraceComponent[com.ibm.ws.app.manager.module.AbstractDeployedAppInfoFactory,class com.ibm.ws.app.manager.module.AbstractDeployedAppInfoFactory,[applications, app.manager],null,null]"
  serialVersionUID = 4622845147410944782
  $$$tc$$$ = class com.ibm.websphere.ras.TraceComponent@4bf782a8
    strings[0] = "TraceComponent[com.ibm.ws.app.manager.war.internal.WARApplicationHandlerImpl,class com.ibm.ws.app.manager.war.internal.WARApplicationHandlerImpl,[webcontainer, applications, app.manager],com.ibm.ws.app.manager.war.internal.resources.Messages,null]"

Dump of objectArray[0]
Object type = com.ibm.ws.app.manager.internal.ApplicationInstallInfo
  _config = class com.ibm.ws.app.manager.internal.ApplicationConfig@2fbb56c3
    tc = class com.ibm.websphere.ras.TraceComponent@10e77f7a
      strings[0] = "TraceComponent[com.ibm.ws.app.manager.internal.ApplicationConfig,class com.ibm.ws.app.manager.internal.ApplicationConfig,[applications, app.manager],com.ibm.ws.app.manager.internal.resources.AppManagerMessages,null]"
    _configPid = "com.ibm.ws.app.manager_18"
    _config = class com.ibm.ws.config.admin.ConfigurationDictionary@7ba6e86f
      serialVersionUID = 7966152868712543805
      simpleTypes = class java.util.Arrays$ArrayList@1c409fbc
      primitiveArrayTypes = class java.util.Arrays$ArrayList@791d0670
      simpleArrayTypes = class java.util.Arrays$ArrayList@5837d66c
      extendedTypes = class java.util.Arrays$ArrayList@63a2469f
      CASE_INSENSITIVE = class com.ibm.ws.config.admin.ConfigurationDictionary$CaseInsensitive@7b878828
      properties = class java.util.Collections$SynchronizedMap@6ab83fae
    _applicationManager = class com.ibm.ws.app.manager.ApplicationManager@21651a36
      expandApps = true
      useJandex = false
      startTimeout = 30
      stopTimeout = 30
      extractedLog = class java.io.File@5e20b874
      extractsDataLog = class java.util.concurrent.ConcurrentHashMap@3bb877db
      serialVersionUID = -5498707950408457980
      $$$tc$$$ = class com.ibm.websphere.ras.TraceComponent@1bd3da13
    _location = "/c/Users/ernmarti/Downloads/wlp-webProfile8-20.0.0.4/wlp/usr/servers/defaultServer/apps/test1.war"
    _type = "war"
    _name = "TestApp"
    _notificationBroadcasterSupport = null
    ONE_TIME_JANDEX_MSGS_DISPLAYED = true
    serialVersionUID = -2151423388299667431
  _handlerInfo = class java.util.concurrent.atomic.AtomicReference@3fe29c1f
    serialVersionUID = -1848883965231344442
    unsafe = class sun.misc.Unsafe@33541b17
    valueOffset = 12
    value = null
  _container = class java.util.concurrent.atomic.AtomicReference@635f396e
    serialVersionUID = -1848883965231344442
    unsafe = class sun.misc.Unsafe@33541b17
      theUnsafe = class sun.misc.Unsafe@33541b17
      INVALID_FIELD_OFFSET = -1
      ARRAY_BOOLEAN_BASE_OFFSET = 16
      ARRAY_BYTE_BASE_OFFSET = 16
      ARRAY_SHORT_BASE_OFFSET = 16
      ARRAY_CHAR_BASE_OFFSET = 16
      ARRAY_INT_BASE_OFFSET = 16
      ARRAY_LONG_BASE_OFFSET = 16
      ARRAY_FLOAT_BASE_OFFSET = 16
      ARRAY_DOUBLE_BASE_OFFSET = 16
      ARRAY_OBJECT_BASE_OFFSET = 16
      ARRAY_BOOLEAN_INDEX_SCALE = 1
      ARRAY_BYTE_INDEX_SCALE = 1
      ARRAY_SHORT_INDEX_SCALE = 2
      ARRAY_CHAR_INDEX_SCALE = 2
      ARRAY_INT_INDEX_SCALE = 4
      ARRAY_LONG_INDEX_SCALE = 8
      ARRAY_FLOAT_INDEX_SCALE = 4
      ARRAY_DOUBLE_INDEX_SCALE = 8
      ARRAY_OBJECT_INDEX_SCALE = 4
      ADDRESS_SIZE = 8
    valueOffset = 12
    value = class com.ibm.ws.adaptable.module.internal.AdaptableContainerImpl@48a39926
      root = class com.ibm.ws.adaptable.module.internal.AdaptableContainerImpl@48a39926
      rootOverlay = class com.ibm.ws.artifact.overlay.internal.DirectoryBasedOverlayContainerImpl@5ce51914
      factoryHolder = class com.ibm.ws.adaptable.module.internal.AdaptableModuleFactoryImpl@42a6c5c9
      delegate = class com.ibm.ws.artifact.overlay.internal.DirectoryBasedOverlayContainerImpl@5ce51914
      notifier = null
      serialVersionUID = -5950528200509051684
      $$$tc$$$ = class com.ibm.websphere.ras.TraceComponent@166e5d6b
  _resolvedLocation = class java.util.concurrent.atomic.AtomicReference@6e82c37b
    serialVersionUID = -1848883965231344442
    unsafe = class sun.misc.Unsafe@33541b17
    valueOffset = 12
    value = class com.ibm.ws.kernel.service.location.internal.LocalFileResource@43bcaca3
      strings[0] = "LocalFileResource[FILE;@1273877601;<undefined>;/c/Users/ernmarti/Downloads/wlp-webProfile8-20.0.0.4/wlp/usr/servers/defaultServer/apps/test1.war]"
  _handler = class com.ibm.ws.app.manager.war.internal.WARApplicationHandlerImpl@92ba302
    futureMonitor = class com.ibm.ws.threading.internal.FutureMonitorImpl@7e9bc7e6
    deployedAppFactory = class com.ibm.ws.app.manager.war.internal.WARDeployedAppInfoFactoryImpl@59298632
      tc = class com.ibm.websphere.ras.TraceComponent@29958eed
      deployedAppServices = class com.ibm.ws.app.manager.module.internal.DeployedAppServicesImpl@5506c31a
      webModuleHandler = class com.ibm.ws.app.manager.web.internal.WebModuleHandlerImpl@161490b
      applicationManager = class com.ibm.ws.app.manager.ApplicationManager@21651a36
      serialVersionUID = -7594168883236154685
      serialVersionUID = 6498862425241821545
      $$$tc$$$ = class com.ibm.websphere.ras.TraceComponent@2c3f016
    serialVersionUID = 4622845147410944782
    $$$tc$$$ = class com.ibm.websphere.ras.TraceComponent@4bf782a8
      strings[0] = "TraceComponent[com.ibm.ws.app.manager.war.internal.WARApplicationHandlerImpl,class com.ibm.ws.app.manager.war.internal.WARApplicationHandlerImpl,[webcontainer, applications, app.manager],com.ibm.ws.app.manager.war.internal.resources.Messages,null]"
  _ami = class java.util.concurrent.atomic.AtomicReference@1b7a9d26
    serialVersionUID = -1848883965231344442
    unsafe = class sun.misc.Unsafe@33541b17
    valueOffset = 12
    value = null
  _updateHandler = class com.ibm.ws.app.manager.internal.statemachine.ApplicationStateMachineImpl@3053f832
    _tc = class com.ibm.websphere.ras.TraceComponent@2e79ac5b
      strings[0] = "TraceComponent[com.ibm.ws.app.manager.internal.statemachine.ApplicationStateMachineImpl,class com.ibm.ws.app.manager.internal.statemachine.ApplicationStateMachineImpl,[applications, app.manager],com.ibm.ws.app.manager.internal.resources.AppManagerMessages,null]"
    EMPTY_FUTURE_ARRAY = interface java.util.concurrent.Future[0]
    asmSequenceNumber = class java.util.concurrent.atomic.AtomicLong@52bca424
      serialVersionUID = 1927816293512124184
      unsafe = class sun.misc.Unsafe@33541b17
      valueOffset = 16
      VM_SUPPORTS_LONG_CAS = true
      value = 1
      serialVersionUID = -8742448824652078965
    _qscaCounter = class java.util.concurrent.atomic.AtomicInteger@1de080f8
      serialVersionUID = 6214790243416807050
      unsafe = class sun.misc.Unsafe@33541b17
      valueOffset = 12
      value = 2
      serialVersionUID = -8742448824652078965
    _failedThrowable = null
    _interruptibleLock = class com.ibm.ws.app.manager.internal.statemachine.ApplicationStateMachineImpl$2@32dd791e
      this$0 = class com.ibm.ws.app.manager.internal.statemachine.ApplicationStateMachineImpl@3053f832
      serialVersionUID = 1428897424970146289
      $$$tc$$$ = class com.ibm.websphere.ras.TraceComponent@77829cb2
    _interruptible = false
    _performingQueuedActions = true
    _queuedActions = class java.util.concurrent.ConcurrentLinkedQueue@71db7181
      serialVersionUID = 196745693267521676
      head = class java.util.concurrent.ConcurrentLinkedQueue$Node@37ee7395
      tail = class java.util.concurrent.ConcurrentLinkedQueue$Node@37ee7395
      UNSAFE = class sun.misc.Unsafe@33541b17
      headOffset = 12
      tailOffset = 16
      MAX_ARRAY_SIZE = 2147483639
    _callbackState = class java.util.concurrent.atomic.AtomicReference@4671661a
      serialVersionUID = -1848883965231344442
      unsafe = class sun.misc.Unsafe@33541b17
      valueOffset = 12
      value = class com.ibm.ws.app.manager.internal.statemachine.ApplicationStateMachineImpl$CallbackState@e549650
    blockAppStartingFutures = class java.util.Collections$SetFromMap@5f8fc96c
      m = class java.util.concurrent.ConcurrentHashMap@7f1a1100
      s = class java.util.concurrent.ConcurrentHashMap$KeySetView@3182c69a
      serialVersionUID = 2454657854757543876
      MAX_ARRAY_SIZE = 2147483639
    waitingForAppHandlerFuture = class java.util.concurrent.atomic.AtomicReference@6c35e0a
      serialVersionUID = -1848883965231344442
      unsafe = class sun.misc.Unsafe@33541b17
      valueOffset = 12
      value = class com.ibm.ws.app.manager.internal.ApplicationDependency@41ec1cfb
    waitingForExplicitStartFuture = class java.util.concurrent.atomic.AtomicReference@2c3e702a
      serialVersionUID = -1848883965231344442
      unsafe = class sun.misc.Unsafe@33541b17
      valueOffset = 12
      value = null
    startAfterFutures = class java.util.Collections$SetFromMap@61b29201
      m = class java.util.concurrent.ConcurrentHashMap@731fd7cd
      s = class java.util.concurrent.ConcurrentHashMap$KeySetView@59d339e8
      serialVersionUID = 2454657854757543876
      MAX_ARRAY_SIZE = 2147483639
    completionListener = class java.util.concurrent.atomic.AtomicReference@4057f3f2
      serialVersionUID = -1848883965231344442
      unsafe = class sun.misc.Unsafe@33541b17
      valueOffset = 12
      value = null
    _notifyAppStopped = class java.util.concurrent.ConcurrentLinkedQueue@5c78c6fc
      serialVersionUID = 196745693267521676
      head = class java.util.concurrent.ConcurrentLinkedQueue$Node@2a0ed22a
      tail = class java.util.concurrent.ConcurrentLinkedQueue$Node@2a0ed22a
      UNSAFE = class sun.misc.Unsafe@33541b17
      headOffset = 12
      tailOffset = 16
      MAX_ARRAY_SIZE = 2147483639
    _notifyAppStarting = class java.util.concurrent.ConcurrentLinkedQueue@3985279
      serialVersionUID = 196745693267521676
      head = class java.util.concurrent.ConcurrentLinkedQueue$Node@7d717c5
      tail = class java.util.concurrent.ConcurrentLinkedQueue$Node@7d717c5
      UNSAFE = class sun.misc.Unsafe@33541b17
      headOffset = 12
      tailOffset = 16
      MAX_ARRAY_SIZE = 2147483639
    _notifyAppInstallCalled = class java.util.concurrent.ConcurrentLinkedQueue@764fea91
      serialVersionUID = 196745693267521676
      head = class java.util.concurrent.ConcurrentLinkedQueue$Node@134c838d
      tail = class java.util.concurrent.ConcurrentLinkedQueue$Node@5114e91
      UNSAFE = class sun.misc.Unsafe@33541b17
      headOffset = 12
      tailOffset = 16
      MAX_ARRAY_SIZE = 2147483639
    _notifyAppStarted = class java.util.concurrent.ConcurrentLinkedQueue@9785fc9
      serialVersionUID = 196745693267521676
      head = class java.util.concurrent.ConcurrentLinkedQueue$Node@7b33f1a7
      tail = class java.util.concurrent.ConcurrentLinkedQueue$Node@548e6dd0
      UNSAFE = class sun.misc.Unsafe@33541b17
      headOffset = 12
      tailOffset = 16
      MAX_ARRAY_SIZE = 2147483639
    _notifyAppRemoved = class java.util.concurrent.ConcurrentLinkedQueue@13ad373c
      serialVersionUID = 196745693267521676
      head = class java.util.concurrent.ConcurrentLinkedQueue$Node@4d55e479
      tail = class java.util.concurrent.ConcurrentLinkedQueue$Node@4d55e479
      UNSAFE = class sun.misc.Unsafe@33541b17
      headOffset = 12
      tailOffset = 16
      MAX_ARRAY_SIZE = 2147483639
    _stateLock = class com.ibm.ws.app.manager.internal.statemachine.ApplicationStateMachineImpl$3@5267b4aa
      this$0 = class com.ibm.ws.app.manager.internal.statemachine.ApplicationStateMachineImpl@3053f832
      serialVersionUID = -2844785999478513305
      $$$tc$$$ = class com.ibm.websphere.ras.TraceComponent@3b1a5c4
    _internalState = class java.util.concurrent.atomic.AtomicReference@5bf5c715
      serialVersionUID = -1848883965231344442
      unsafe = class sun.misc.Unsafe@33541b17
      valueOffset = 12
      value = class com.ibm.ws.app.manager.internal.statemachine.ApplicationStateMachineImpl$InternalState@4361a6e7
    _currentAction = class java.util.concurrent.atomic.AtomicReference@10b84db5
      serialVersionUID = -1848883965231344442
      unsafe = class sun.misc.Unsafe@33541b17
      valueOffset = 12
      value = class com.ibm.ws.app.manager.internal.statemachine.StartAction@7dbd2989
    _rfa = class java.util.concurrent.atomic.AtomicReference@6a568c49
      serialVersionUID = -1848883965231344442
      unsafe = class sun.misc.Unsafe@33541b17
      valueOffset = 12
      value = null
    _appInstallInfo = class java.util.concurrent.atomic.AtomicReference@5fbb74d
      serialVersionUID = -1848883965231344442
      unsafe = class sun.misc.Unsafe@33541b17
      valueOffset = 12
      value = class com.ibm.ws.app.manager.internal.ApplicationInstallInfo@1fbb34e
    _update = class java.util.concurrent.atomic.AtomicBoolean@70430588
      serialVersionUID = 4654671469794556979
      unsafe = class sun.misc.Unsafe@33541b17
      valueOffset = 12
      value = 1
    _appConfig = class java.util.concurrent.atomic.AtomicReference@22442bd0
      serialVersionUID = -1848883965231344442
      unsafe = class sun.misc.Unsafe@33541b17
      valueOffset = 12
      value = class com.ibm.ws.app.manager.internal.ApplicationConfig@2fbb56c3
    _nextAppConfig = class java.util.concurrent.atomic.AtomicReference@7c2edf15
      serialVersionUID = -1848883965231344442
      unsafe = class sun.misc.Unsafe@33541b17
      valueOffset = 12
      value = null
    _appContainer = class java.util.concurrent.atomic.AtomicReference@24374e02
      serialVersionUID = -1848883965231344442
      unsafe = class sun.misc.Unsafe@33541b17
      valueOffset = 12
      value = null
    _resolvedLocation = class java.util.concurrent.atomic.AtomicReference@4cb06049
      serialVersionUID = -1848883965231344442
      unsafe = class sun.misc.Unsafe@33541b17
      valueOffset = 12
      value = null
    _handler = class java.util.concurrent.atomic.AtomicReference@4fa9c8a4
      serialVersionUID = -1848883965231344442
      unsafe = class sun.misc.Unsafe@33541b17
      valueOffset = 12
      value = class com.ibm.ws.app.manager.war.internal.WARApplicationHandlerImpl@92ba302
    _asmSeqNo = 0
    _ctx = class org.eclipse.osgi.internal.framework.BundleContextImpl@6c11fe9f
      findHookName = "org.osgi.framework.hooks.bundle.FindHook"
      valid = true
      bundle = class org.eclipse.osgi.internal.framework.EquinoxBundle@14390461
      container = class org.eclipse.osgi.internal.framework.EquinoxContainer@5dc1b34f
      debug = class org.eclipse.osgi.internal.debug.Debug@7d86c08b
      servicesInUse = class java.util.HashMap@3abc38de
      activator = null
      contextLock = class java.lang.Object@11d23568
    _locAdmin = class com.ibm.ws.kernel.service.location.internal.WsLocationAdminImpl@4141c6a6
      tc = class com.ibm.websphere.ras.TraceComponent@172706ad
      LOC_INTERNAL_LIB_DIR = "wlp.lib.dir"
      LOC_INTERNAL_WORKAREA_DIR = "wlp.workarea.dir"
      LOC_AREA_NAME_APPS = "shared/apps/"
      LOC_AREA_NAME_CONFIG = "shared/config/"
      LOC_AREA_NAME_RESC = "shared/resources/"
      LOC_AREA_NAME_STATE = "logs/state/"
      LOC_AREA_NAME_SERVERS = "servers/"
      LOC_AREA_NAME_CLIENTS = "clients/"
      LOC_AREA_NAME_WORKING = "workarea/"
      LOC_AREA_NAME_EXTENSION = "extension/"
      instance = class com.ibm.ws.kernel.service.location.internal.WsLocationAdminImpl@4141c6a6
      installRoot = class com.ibm.ws.kernel.service.location.internal.SymbolicRootResource@179b6622
      installParentRoot = class com.ibm.ws.kernel.service.location.internal.SymbolicRootResource@46bbc13b
      userRoot = class com.ibm.ws.kernel.service.location.internal.SymbolicRootResource@3c062725
      usrExtensionRoot = class com.ibm.ws.kernel.service.location.internal.SymbolicRootResource@598eccb1
      serverConfigDir = class com.ibm.ws.kernel.service.location.internal.SymbolicRootResource@15681bd4
      serverOutputDir = class com.ibm.ws.kernel.service.location.internal.SymbolicRootResource@15681bd4
      bootstrapLib = class com.ibm.ws.kernel.service.location.internal.LocalFileResource@dc2b25b
      serverWorkarea = class com.ibm.ws.kernel.service.location.internal.LocalFileResource@f083c9
      serverState = class com.ibm.ws.kernel.service.location.internal.LocalFileResource@2f342c22
      sharedAppsRoot = class com.ibm.ws.kernel.service.location.internal.SymbolicRootResource@7ad724ab
      sharedConfigRoot = class com.ibm.ws.kernel.service.location.internal.SymbolicRootResource@629f11c0
      sharedResourceRoot = class com.ibm.ws.kernel.service.location.internal.SymbolicRootResource@66f53891
      tmpRoot = class com.ibm.ws.kernel.service.location.internal.SymbolicRootResource@682e4d51
      serverName = "defaultServer"
      resourcePaths = class java.util.ArrayList@2b1fce83
      resourceGroups = class java.util.HashMap@3194db31
      commonRoot = class com.ibm.ws.kernel.service.location.internal.VirtualRootResource@7eea5c22
      serialVersionUID = -5748835026800463299
    _futureMonitor = class com.ibm.ws.threading.internal.FutureMonitorImpl@7e9bc7e6
      _monitor = class java.util.concurrent.ConcurrentLinkedQueue@3468003e
      _executor = class com.ibm.ws.threading.internal.ScheduledExecutorImpl@57151bba
      _threadRunning = class java.util.concurrent.atomic.AtomicBoolean@5c373942
      _thread = class com.ibm.ws.threading.internal.FutureMonitorImpl$1@550a3c58
      serialVersionUID = 2765238413969174390
      $$$tc$$$ = class com.ibm.websphere.ras.TraceComponent@3e14b6f1
    _artifactFactory = class com.ibm.ws.artifact.internal.ArtifactContainerFactoryService@43593db
      CATEGORY_PROP_NAME = "category"
      ENTRY_KEY = "com.ibm.wsspi.artifact.ArtifactEntry"
      helperMap = class com.ibm.wsspi.kernel.service.utils.ConcurrentServiceReferenceSetMap@105ce05e
      contributorMap = class com.ibm.wsspi.kernel.service.utils.ConcurrentServiceReferenceSetMap@4833f3bc
      helperCategoryMap = class com.ibm.wsspi.kernel.service.utils.ConcurrentServiceReferenceSetMap@5337d5d5
      contributorCategoryMap = class com.ibm.wsspi.kernel.service.utils.ConcurrentServiceReferenceSetMap@4028f007
      categories = class java.util.Collections$SynchronizedSet@3781a64c
      baseProperties = class org.apache.felix.scr.impl.helper.ReadOnlyDictionary@60f81d13
      registration = class com.ibm.ws.kernel.service.util.ServiceRegistrationModifier@d8ce5a4
      serialVersionUID = 6566424214406946230
      $$$tc$$$ = class com.ibm.websphere.ras.TraceComponent@3bea15ab
    _moduleFactory = class com.ibm.ws.adaptable.module.internal.AdaptableModuleFactoryImpl@42a6c5c9
      adapterFactoryService = class com.ibm.ws.adaptable.module.internal.AdapterFactoryServiceImpl@71bf943c
      containerFactory = class com.ibm.ws.artifact.internal.ArtifactContainerFactoryService@43593db
      overlayContainerFactory = class com.ibm.ws.artifact.overlay.internal.OverlayContainerFactoryImpl@719b222d
      serialVersionUID = 4200251809856292987
      $$$tc$$$ = class com.ibm.websphere.ras.TraceComponent@650236e2
    _executorService = class com.ibm.ws.threading.internal.ExecutorServiceImpl@12819b50
      threadPool = class java.util.concurrent.ThreadPoolExecutor@66b8464c
      threadPoolController = class com.ibm.ws.threading.internal.ThreadPoolController@7f4f60ec
      poolName = "Default Executor"
      MINIMUM_POOL_SIZE = 4
      componentConfig = class org.apache.felix.scr.impl.helper.ReadOnlyDictionary@3adbe873
      interceptorsActive = false
      interceptors = class java.util.concurrent.CopyOnWriteArraySet@59ce07d1
      threadFactory = null
      serverStopping = false
      phaser = class java.util.concurrent.Phaser@7de0a082
      serialVersionUID = 6930666794455919448
      $$$tc$$$ = class com.ibm.websphere.ras.TraceComponent@4c5cc7c0
    _scheduledExecutorService = class com.ibm.ws.threading.internal.ScheduledExecutorImpl@57151bba
      threadGroupName = "Scheduled Executor Thread Group"
      executor = class com.ibm.ws.threading.internal.ExecutorServiceImpl@12819b50
      serialVersionUID = -9110693807503469597
      $$$tc$$$ = class com.ibm.websphere.ras.TraceComponent@3a95e1db
      continueExistingPeriodicTasksAfterShutdown = false
      executeExistingDelayedTasksAfterShutdown = true
      removeOnCancel = false
      sequencer = class java.util.concurrent.atomic.AtomicLong@492d8d58
      ctl = class java.util.concurrent.atomic.AtomicInteger@1ee26a7d
      COUNT_BITS = 29
      CAPACITY = 536870911
      RUNNING = -536870912
      SHUTDOWN = 0
      STOP = 536870912
      TIDYING = 1073741824
      TERMINATED = 1610612736
      workQueue = class java.util.concurrent.ScheduledThreadPoolExecutor$DelayedWorkQueue@274bd8e
      mainLock = class java.util.concurrent.locks.ReentrantLock@1c31fd8b
      workers = class java.util.HashSet@39d3f418
      termination = class java.util.concurrent.locks.AbstractQueuedSynchronizer$ConditionObject@34efd0dd
      largestPoolSize = 1
      completedTaskCount = 0
      threadFactory = class com.ibm.ws.threading.internal.ThreadFactoryImpl@13d08303
      handler = class java.util.concurrent.ThreadPoolExecutor$AbortPolicy@9ee957
      keepAliveTime = 0
      allowCoreThreadTimeOut = false
      corePoolSize = 1
      maximumPoolSize = 2147483647
      defaultHandler = class java.util.concurrent.ThreadPoolExecutor$AbortPolicy@9ee957
      shutdownPerm = class java.lang.RuntimePermission@26cbae68
      acc = null
      ONLY_ONE = true
      $assertionsDisabled = true
    _asmHelper = class com.ibm.ws.app.manager.internal.ApplicationConfigurator$NamedApplication@6e153c80
      appName = "TestApp"
      configPid = "com.ibm.ws.app.manager_18"
      bundleContext = class org.eclipse.osgi.internal.framework.BundleContextImpl@6c11fe9f
      mbeanNotifier = class javax.management.NotificationBroadcasterSupport@211c41b
      sequence = class java.util.concurrent.atomic.AtomicLong@2e8d844
      appConfig = class com.ibm.ws.app.manager.internal.ApplicationConfig@2fbb56c3
      asm = class com.ibm.ws.app.manager.internal.statemachine.ApplicationStateMachineImpl@3053f832
      appTypeSupport = class com.ibm.ws.app.manager.internal.ApplicationConfigurator$ApplicationTypeSupport@607c824c
      appRecycleContext = null
      appStateRef = class java.util.concurrent.atomic.AtomicReference@3aff62dd
      appReg = class com.ibm.ws.app.manager.internal.lifecycle.ServiceReg@36c24885
      mbeanReg = class com.ibm.ws.app.manager.internal.lifecycle.ServiceReg@72ac9ce1
      dynamicMBean = class java.util.concurrent.atomic.AtomicReference@76c61e1a
      serialVersionUID = -2429219244222002679
      $$$tc$$$ = class com.ibm.websphere.ras.TraceComponent@7939900b
    _appMonitor = class com.ibm.ws.app.manager.internal.monitor.ApplicationMonitor@45757033
      tc = class com.ibm.websphere.ras.TraceComponent@4837b5b7
      _config = class java.util.concurrent.atomic.AtomicReference@6627a294
      _executorService = class java.util.concurrent.atomic.AtomicReference@40d8d347
      _appListeners = class java.util.concurrent.ConcurrentHashMap@1d2f02f6
      serialVersionUID = -6677716415972806660
    enterStateCalled = class java.util.concurrent.atomic.AtomicBoolean@5bac71c1
      serialVersionUID = 4654671469794556979
      unsafe = class sun.misc.Unsafe@33541b17
      valueOffset = 12
      value = 1
    serialVersionUID = -6687078902976391966
    serialVersionUID = 300267208965883056
    $$$tc$$$ = class com.ibm.websphere.ras.TraceComponent@8436f1e
      strings[0] = "TraceComponent[com.ibm.ws.app.manager.internal.statemachine.ApplicationStateMachine,class com.ibm.ws.app.manager.internal.statemachine.ApplicationStateMachine,[applications, app.manager],com.ibm.ws.app.manager.internal.resources.AppManagerMessages,null]"
  serialVersionUID = 2630639237123415755
  $$$tc$$$ = class com.ibm.websphere.ras.TraceComponent@1b5d2345
    strings[0] = "TraceComponent[com.ibm.ws.app.manager.internal.ApplicationInstallInfo,class com.ibm.ws.app.manager.internal.ApplicationInstallInfo,[applications, app.manager],com.ibm.ws.app.manager.internal.resources.AppManagerMessages,null]"

