------Start of DE processing------ = [5/1/20 19:02:26:926 BRT]
Exception = java.lang.IllegalStateException
Source = com.ibm.ws.app.manager.internal.statemachine.StartAction
probeid = 145
Stack Dump = java.lang.IllegalStateException: com.ibm.wsspi.adaptable.module.UnableToAdaptException: com.ibm.ws.javaee.ddmodel.DDParser$ParseException: CWWKC2262E: The server is unable to process the 3.1 version and the http://java.sun.com/xml/ns/javaee namespace in the /WEB-INF/web.xml deployment descriptor on line 6.
	at com.ibm.ws.app.manager.war.internal.WARApplicationHandlerImpl.setUpApplicationMonitoring(WARApplicationHandlerImpl.java:51)
	at com.ibm.ws.app.manager.internal.statemachine.StartAction.execute(StartAction.java:136)
	at com.ibm.ws.app.manager.internal.statemachine.ApplicationStateMachineImpl.enterState(ApplicationStateMachineImpl.java:1286)
	at com.ibm.ws.app.manager.internal.statemachine.ApplicationStateMachineImpl.run(ApplicationStateMachineImpl.java:884)
	at com.ibm.ws.threading.internal.ExecutorServiceImpl$RunnableWrapper.run(ExecutorServiceImpl.java:239)
	at java.util.concurrent.ThreadPoolExecutor.runWorker(ThreadPoolExecutor.java:1149)
	at java.util.concurrent.ThreadPoolExecutor$Worker.run(ThreadPoolExecutor.java:624)
	at java.lang.Thread.run(Thread.java:748)
Caused by: com.ibm.wsspi.adaptable.module.UnableToAdaptException: com.ibm.ws.javaee.ddmodel.DDParser$ParseException: CWWKC2262E: The server is unable to process the 3.1 version and the http://java.sun.com/xml/ns/javaee namespace in the /WEB-INF/web.xml deployment descriptor on line 6.
	at com.ibm.ws.javaee.ddmodel.web.WebAppEntryAdapter.adapt(WebAppEntryAdapter.java:61)
	at com.ibm.ws.javaee.ddmodel.web.WebAppEntryAdapter.adapt(WebAppEntryAdapter.java:26)
	at com.ibm.ws.adaptable.module.internal.AdapterFactoryServiceImpl.adapt(AdapterFactoryServiceImpl.java:231)
	at com.ibm.ws.adaptable.module.internal.AdaptableEntryImpl.adapt(AdaptableEntryImpl.java:121)
	at com.ibm.ws.javaee.ddmodel.web.WebAppAdapter.adapt(WebAppAdapter.java:38)
	at com.ibm.ws.javaee.ddmodel.web.WebAppAdapter.adapt(WebAppAdapter.java:24)
	at com.ibm.ws.adaptable.module.internal.AdapterFactoryServiceImpl.adapt(AdapterFactoryServiceImpl.java:200)
	at com.ibm.ws.adaptable.module.internal.AdaptableContainerImpl.adapt(AdaptableContainerImpl.java:174)
	at com.ibm.ws.app.manager.module.internal.SimpleDeployedAppInfoBase$ModuleContainerInfoBase.<init>(SimpleDeployedAppInfoBase.java:171)
	at com.ibm.ws.app.manager.module.internal.SimpleDeployedAppInfoBase$WebModuleContainerInfo.<init>(SimpleDeployedAppInfoBase.java:352)
	at com.ibm.ws.app.manager.war.internal.WARDeployedAppInfo.<init>(WARDeployedAppInfo.java:65)
	at com.ibm.ws.app.manager.war.internal.WARDeployedAppInfoFactoryImpl.createDeployedAppInfo(WARDeployedAppInfoFactoryImpl.java:120)
	at com.ibm.ws.app.manager.war.internal.WARDeployedAppInfoFactoryImpl.createDeployedAppInfo(WARDeployedAppInfoFactoryImpl.java:35)
	at com.ibm.ws.app.manager.war.internal.WARApplicationHandlerImpl.setUpApplicationMonitoring(WARApplicationHandlerImpl.java:49)
	... 7 more
Caused by: com.ibm.ws.javaee.ddmodel.DDParser$ParseException: CWWKC2262E: The server is unable to process the 3.1 version and the http://java.sun.com/xml/ns/javaee namespace in the /WEB-INF/web.xml deployment descriptor on line 6.
	at com.ibm.ws.javaee.ddmodel.web.WebAppDDParser.createRootParsable(WebAppDDParser.java:99)
	at com.ibm.ws.javaee.ddmodel.DDParser.parseRootElement(DDParser.java:578)
	at com.ibm.ws.javaee.ddmodel.web.WebAppDDParser.parse(WebAppDDParser.java:32)
	at com.ibm.ws.javaee.ddmodel.web.WebAppEntryAdapter.adapt(WebAppEntryAdapter.java:59)
	... 20 more

Dump of callerThis
Object type = com.ibm.ws.app.manager.internal.statemachine.StartAction
  _tc = class com.ibm.websphere.ras.TraceComponent@5687a786
    strings[0] = "TraceComponent[com.ibm.ws.app.manager.internal.statemachine.StartAction,class com.ibm.ws.app.manager.internal.statemachine.StartAction,[applications, app.manager],com.ibm.ws.app.manager.internal.resources.AppManagerMessages,null]"
  _config = class com.ibm.ws.app.manager.internal.ApplicationConfig@70984a78
    tc = class com.ibm.websphere.ras.TraceComponent@554b838c
      strings[0] = "TraceComponent[com.ibm.ws.app.manager.internal.ApplicationConfig,class com.ibm.ws.app.manager.internal.ApplicationConfig,[applications, app.manager],com.ibm.ws.app.manager.internal.resources.AppManagerMessages,null]"
    _configPid = "com.ibm.ws.app.manager_19"
    _config = class com.ibm.ws.config.admin.ConfigurationDictionary@3ff3218e
      serialVersionUID = 7966152868712543805
      simpleTypes = class java.util.Arrays$ArrayList@30c4c079
      primitiveArrayTypes = class java.util.Arrays$ArrayList@6bf6af4f
      simpleArrayTypes = class java.util.Arrays$ArrayList@6a29b533
      extendedTypes = class java.util.Arrays$ArrayList@7a2c453
      CASE_INSENSITIVE = class com.ibm.ws.config.admin.ConfigurationDictionary$CaseInsensitive@11731bd6
      properties = class java.util.Collections$SynchronizedMap@4f215260
    _applicationManager = class com.ibm.ws.app.manager.ApplicationManager@2356055f
      expandApps = true
      useJandex = false
      startTimeout = 30
      stopTimeout = 30
      extractedLog = class java.io.File@261afba6
      extractsDataLog = class java.util.concurrent.ConcurrentHashMap@9119402
      serialVersionUID = -5498707950408457980
      $$$tc$$$ = class com.ibm.websphere.ras.TraceComponent@7d721322
    _location = "/c/Users/ernmarti/Downloads/wlp-webProfile8-20.0.0.4/wlp/usr/servers/defaultServer/apps/test.war"
    _type = "war"
    _name = "TestApp"
    _notificationBroadcasterSupport = class javax.management.NotificationBroadcasterSupport@2f7862c0
      listenerList = class java.util.concurrent.CopyOnWriteArrayList@24aefb4d
      executor = class com.ibm.ws.threading.internal.ExecutorServiceImpl@646fca47
      notifInfo = class javax.management.MBeanNotificationInfo[2]
      defaultExecutor = class javax.management.NotificationBroadcasterSupport$1@18e8702e
      NO_NOTIFICATION_INFO = class javax.management.MBeanNotificationInfo[0]
      logger = class com.sun.jmx.remote.util.ClassLogger@21d4114b
    ONE_TIME_JANDEX_MSGS_DISPLAYED = true
    serialVersionUID = -2151423388299667431
  _aii = class com.ibm.ws.app.manager.internal.ApplicationInstallInfo@6612d694
    _config = class com.ibm.ws.app.manager.internal.ApplicationConfig@70984a78
    _handlerInfo = class java.util.concurrent.atomic.AtomicReference@62fb7e82
      serialVersionUID = -1848883965231344442
      unsafe = class sun.misc.Unsafe@1965d748
      valueOffset = 12
      value = null
    _container = class java.util.concurrent.atomic.AtomicReference@122da23f
      serialVersionUID = -1848883965231344442
      unsafe = class sun.misc.Unsafe@1965d748
      valueOffset = 12
      value = class com.ibm.ws.adaptable.module.internal.AdaptableContainerImpl@382924f
    _resolvedLocation = class java.util.concurrent.atomic.AtomicReference@235962e6
      serialVersionUID = -1848883965231344442
      unsafe = class sun.misc.Unsafe@1965d748
      valueOffset = 12
      value = class com.ibm.ws.kernel.service.location.internal.LocalFileResource@84ded00
    _handler = class com.ibm.ws.app.manager.war.internal.WARApplicationHandlerImpl@1a4c775e
      futureMonitor = class com.ibm.ws.threading.internal.FutureMonitorImpl@2c11017d
      deployedAppFactory = class com.ibm.ws.app.manager.war.internal.WARDeployedAppInfoFactoryImpl@1caaef34
      serialVersionUID = 4622845147410944782
      $$$tc$$$ = class com.ibm.websphere.ras.TraceComponent@40c7c3f9
    _ami = class java.util.concurrent.atomic.AtomicReference@1120377f
      serialVersionUID = -1848883965231344442
      unsafe = class sun.misc.Unsafe@1965d748
      valueOffset = 12
      value = null
    _updateHandler = class com.ibm.ws.app.manager.internal.statemachine.ApplicationStateMachineImpl@289654b7
      _tc = class com.ibm.websphere.ras.TraceComponent@5ba2af86
      EMPTY_FUTURE_ARRAY = interface java.util.concurrent.Future[0]
      asmSequenceNumber = class java.util.concurrent.atomic.AtomicLong@4bc47239
      _qscaCounter = class java.util.concurrent.atomic.AtomicInteger@6d1dc59e
      _failedThrowable = null
      _interruptibleLock = class com.ibm.ws.app.manager.internal.statemachine.ApplicationStateMachineImpl$2@11fd49f
      _interruptible = false
      _performingQueuedActions = true
      _queuedActions = class java.util.concurrent.ConcurrentLinkedQueue@3935dec0
      _callbackState = class java.util.concurrent.atomic.AtomicReference@51882665
      blockAppStartingFutures = class java.util.Collections$SetFromMap@52ba28ff
      waitingForAppHandlerFuture = class java.util.concurrent.atomic.AtomicReference@2d7eb51b
      waitingForExplicitStartFuture = class java.util.concurrent.atomic.AtomicReference@3aaaadaa
      startAfterFutures = class java.util.Collections$SetFromMap@2a011f94
      completionListener = class java.util.concurrent.atomic.AtomicReference@297f37fb
      _notifyAppStopped = class java.util.concurrent.ConcurrentLinkedQueue@717199a2
      _notifyAppStarting = class java.util.concurrent.ConcurrentLinkedQueue@1ed9addb
      _notifyAppInstallCalled = class java.util.concurrent.ConcurrentLinkedQueue@3c06ec2b
      _notifyAppStarted = class java.util.concurrent.ConcurrentLinkedQueue@6c96c4bf
      _notifyAppRemoved = class java.util.concurrent.ConcurrentLinkedQueue@11d7fc06
      _stateLock = class com.ibm.ws.app.manager.internal.statemachine.ApplicationStateMachineImpl$3@42b32c92
      _internalState = class java.util.concurrent.atomic.AtomicReference@49dff75b
      _currentAction = class java.util.concurrent.atomic.AtomicReference@13b671e3
      _rfa = class java.util.concurrent.atomic.AtomicReference@3daf985f
      _appInstallInfo = class java.util.concurrent.atomic.AtomicReference@66a3e4c4
      _update = class java.util.concurrent.atomic.AtomicBoolean@5070a264
      _appConfig = class java.util.concurrent.atomic.AtomicReference@7069e8e0
      _nextAppConfig = class java.util.concurrent.atomic.AtomicReference@31c5fbd2
      _appContainer = class java.util.concurrent.atomic.AtomicReference@4839bcea
      _resolvedLocation = class java.util.concurrent.atomic.AtomicReference@1d0f540b
      _handler = class java.util.concurrent.atomic.AtomicReference@229e91a2
      _asmSeqNo = 0
      _ctx = class org.eclipse.osgi.internal.framework.BundleContextImpl@1ba94db0
      _locAdmin = class com.ibm.ws.kernel.service.location.internal.WsLocationAdminImpl@6ccbdcab
      _futureMonitor = class com.ibm.ws.threading.internal.FutureMonitorImpl@2c11017d
      _artifactFactory = class com.ibm.ws.artifact.internal.ArtifactContainerFactoryService@30fbcc88
      _moduleFactory = class com.ibm.ws.adaptable.module.internal.AdaptableModuleFactoryImpl@18c399f4
      _executorService = class com.ibm.ws.threading.internal.ExecutorServiceImpl@646fca47
      _scheduledExecutorService = class com.ibm.ws.threading.internal.ScheduledExecutorImpl@d0edcc7
      _asmHelper = class com.ibm.ws.app.manager.internal.ApplicationConfigurator$NamedApplication@d7389f7
      _appMonitor = class com.ibm.ws.app.manager.internal.monitor.ApplicationMonitor@3c9bf548
      enterStateCalled = class java.util.concurrent.atomic.AtomicBoolean@39c0d0dd
      serialVersionUID = -6687078902976391966
      serialVersionUID = 300267208965883056
      $$$tc$$$ = class com.ibm.websphere.ras.TraceComponent@11b89b87
    serialVersionUID = 2630639237123415755
    $$$tc$$$ = class com.ibm.websphere.ras.TraceComponent@664098d1
      strings[0] = "TraceComponent[com.ibm.ws.app.manager.internal.ApplicationInstallInfo,class com.ibm.ws.app.manager.internal.ApplicationInstallInfo,[applications, app.manager],com.ibm.ws.app.manager.internal.resources.AppManagerMessages,null]"
  _callback = class java.util.concurrent.atomic.AtomicReference@59cb3cd6
    serialVersionUID = -1848883965231344442
    unsafe = class sun.misc.Unsafe@1965d748
    valueOffset = 12
    value = class com.ibm.ws.app.manager.internal.statemachine.ApplicationStateMachineImpl$StartActionCallback@d1ce6d8
      immediateCallbackResult = class java.util.concurrent.atomic.AtomicReference@2659493
      this$0 = class com.ibm.ws.app.manager.internal.statemachine.ApplicationStateMachineImpl@289654b7
      serialVersionUID = 6735534421474643855
      $$$tc$$$ = class com.ibm.websphere.ras.TraceComponent@296d274
  _monitor = class com.ibm.ws.threading.internal.FutureMonitorImpl@2c11017d
    _monitor = class java.util.concurrent.ConcurrentLinkedQueue@757a6d22
      serialVersionUID = 196745693267521676
      head = class java.util.concurrent.ConcurrentLinkedQueue$Node@50062de
      tail = class java.util.concurrent.ConcurrentLinkedQueue$Node@50062de
      UNSAFE = class sun.misc.Unsafe@1965d748
      headOffset = 12
      tailOffset = 16
      MAX_ARRAY_SIZE = 2147483639
    _executor = class com.ibm.ws.threading.internal.ScheduledExecutorImpl@d0edcc7
      threadGroupName = "Scheduled Executor Thread Group"
      executor = class com.ibm.ws.threading.internal.ExecutorServiceImpl@646fca47
      serialVersionUID = -9110693807503469597
      $$$tc$$$ = class com.ibm.websphere.ras.TraceComponent@72706b53
      continueExistingPeriodicTasksAfterShutdown = false
      executeExistingDelayedTasksAfterShutdown = true
      removeOnCancel = false
      sequencer = class java.util.concurrent.atomic.AtomicLong@40548de3
      ctl = class java.util.concurrent.atomic.AtomicInteger@46c401a5
      COUNT_BITS = 29
      CAPACITY = 536870911
      RUNNING = -536870912
      SHUTDOWN = 0
      STOP = 536870912
      TIDYING = 1073741824
      TERMINATED = 1610612736
      workQueue = class java.util.concurrent.ScheduledThreadPoolExecutor$DelayedWorkQueue@3ff7ec1
      mainLock = class java.util.concurrent.locks.ReentrantLock@1958a10b
      workers = class java.util.HashSet@7d870c56
      termination = class java.util.concurrent.locks.AbstractQueuedSynchronizer$ConditionObject@1ba8f36a
      largestPoolSize = 1
      completedTaskCount = 0
      threadFactory = class com.ibm.ws.threading.internal.ThreadFactoryImpl@63d98fa8
      handler = class java.util.concurrent.ThreadPoolExecutor$AbortPolicy@3f552a21
      keepAliveTime = 0
      allowCoreThreadTimeOut = false
      corePoolSize = 1
      maximumPoolSize = 2147483647
      defaultHandler = class java.util.concurrent.ThreadPoolExecutor$AbortPolicy@3f552a21
      shutdownPerm = class java.lang.RuntimePermission@7a756421
      acc = null
      ONLY_ONE = true
      $assertionsDisabled = true
    _threadRunning = class java.util.concurrent.atomic.AtomicBoolean@779af5fa
      serialVersionUID = 4654671469794556979
      unsafe = class sun.misc.Unsafe@1965d748
      valueOffset = 12
      value = 0
    _thread = class com.ibm.ws.threading.internal.FutureMonitorImpl$1@5ee57352
      this$0 = class com.ibm.ws.threading.internal.FutureMonitorImpl@2c11017d
      serialVersionUID = 2422512430832938099
      $$$tc$$$ = class com.ibm.websphere.ras.TraceComponent@2b62610d
    serialVersionUID = 2765238413969174390
    $$$tc$$$ = class com.ibm.websphere.ras.TraceComponent@33eed538
      strings[0] = "TraceComponent[com.ibm.ws.threading.internal.FutureMonitorImpl,class com.ibm.ws.threading.internal.FutureMonitorImpl,[Threading],com.ibm.ws.threading.internal.resources.ThreadingMessages,null]"
  _startTime = class java.util.concurrent.atomic.AtomicLong@87d5fd5
    serialVersionUID = 1927816293512124184
    unsafe = class sun.misc.Unsafe@1965d748
      theUnsafe = class sun.misc.Unsafe@1965d748
      INVALID_FIELD_OFFSET = -1
      ARRAY_BOOLEAN_BASE_OFFSET = 16
      ARRAY_BYTE_BASE_OFFSET = 16
      ARRAY_SHORT_BASE_OFFSET = 16
      ARRAY_CHAR_BASE_OFFSET = 16
      ARRAY_INT_BASE_OFFSET = 16
      ARRAY_LONG_BASE_OFFSET = 16
      ARRAY_FLOAT_BASE_OFFSET = 16
      ARRAY_DOUBLE_BASE_OFFSET = 16
      ARRAY_OBJECT_BASE_OFFSET = 16
      ARRAY_BOOLEAN_INDEX_SCALE = 1
      ARRAY_BYTE_INDEX_SCALE = 1
      ARRAY_SHORT_INDEX_SCALE = 2
      ARRAY_CHAR_INDEX_SCALE = 2
      ARRAY_INT_INDEX_SCALE = 4
      ARRAY_LONG_INDEX_SCALE = 8
      ARRAY_FLOAT_INDEX_SCALE = 4
      ARRAY_DOUBLE_INDEX_SCALE = 8
      ARRAY_OBJECT_INDEX_SCALE = 4
      ADDRESS_SIZE = 8
    valueOffset = 16
    VM_SUPPORTS_LONG_CAS = true
    value = 1588370546476
    serialVersionUID = -8742448824652078965
  _appMonitor = class com.ibm.ws.app.manager.internal.monitor.ApplicationMonitor@3c9bf548
    tc = class com.ibm.websphere.ras.TraceComponent@35b834b7
      strings[0] = "TraceComponent[com.ibm.ws.app.manager.internal.monitor.ApplicationMonitor,class com.ibm.ws.app.manager.internal.monitor.ApplicationMonitor,[applications, app.manager],com.ibm.ws.app.manager.internal.resources.AppManagerMessages,null]"
    _config = class java.util.concurrent.atomic.AtomicReference@273c82b5
      serialVersionUID = -1848883965231344442
      unsafe = class sun.misc.Unsafe@1965d748
      valueOffset = 12
      value = class com.ibm.ws.app.manager.internal.monitor.ApplicationMonitorConfig@5f4f6962
    _executorService = class java.util.concurrent.atomic.AtomicReference@446582e
      serialVersionUID = -1848883965231344442
      unsafe = class sun.misc.Unsafe@1965d748
      valueOffset = 12
      value = class com.ibm.ws.threading.internal.ScheduledExecutorImpl@d0edcc7
    _appListeners = class java.util.concurrent.ConcurrentHashMap@2c2c4ac2
      serialVersionUID = 7249069246763182397
      MAXIMUM_CAPACITY = 1073741824
      DEFAULT_CAPACITY = 16
      MAX_ARRAY_SIZE = 2147483639
      DEFAULT_CONCURRENCY_LEVEL = 16
      LOAD_FACTOR = 0.75
      TREEIFY_THRESHOLD = 8
      UNTREEIFY_THRESHOLD = 6
      MIN_TREEIFY_CAPACITY = 64
      MIN_TRANSFER_STRIDE = 16
      RESIZE_STAMP_BITS = 16
      MAX_RESIZERS = 65535
      RESIZE_STAMP_SHIFT = 16
      MOVED = -1
      TREEBIN = -2
      RESERVED = -3
      HASH_BITS = 2147483647
      NCPU = 4
      serialPersistentFields = class java.io.ObjectStreamField[3]
      table = null
      nextTable = null
      baseCount = 0
      sizeCtl = 0
      transferIndex = 0
      cellsBusy = 0
      counterCells = null
      keySet = null
      values = class java.util.concurrent.ConcurrentHashMap$ValuesView@3d9e903d
      entrySet = null
      U = class sun.misc.Unsafe@1965d748
      SIZECTL = 20
      TRANSFERINDEX = 32
      BASECOUNT = 24
      CELLSBUSY = 36
      CELLVALUE = 144
      ABASE = 16
      ASHIFT = 2
      keySet = null
      values = null
    serialVersionUID = -6677716415972806660
  _update = false
  _slowMessageAction = class java.util.concurrent.atomic.AtomicReference@5a60bfcb
    serialVersionUID = -1848883965231344442
    unsafe = class sun.misc.Unsafe@1965d748
    valueOffset = 12
    value = class com.ibm.ws.threading.internal.SchedulingHelper@163eb7d1
      m_callable = class java.util.concurrent.Executors$RunnableAdapter@b462bff
      m_isDone = false
      m_cancelResult = false
      m_schedFuture = class java.util.concurrent.ScheduledThreadPoolExecutor$ScheduledFutureTask@6dd37e30
      m_coordinationLatch = class java.util.concurrent.CountDownLatch@433cbe15
      m_executor = class com.ibm.ws.threading.internal.ExecutorServiceImpl@646fca47
      m_defaultFuture = null
      m_pendingException = null
      m_scheduledExecutorQueue = class java.util.concurrent.ScheduledThreadPoolExecutor$DelayedWorkQueue@3ff7ec1
      serialVersionUID = 2955063284661034074
      $$$tc$$$ = class com.ibm.websphere.ras.TraceComponent@d2ab3e0
  _listener = class com.ibm.ws.app.manager.internal.statemachine.StartAction$1@5b31e071
    this$0 = class com.ibm.ws.app.manager.internal.statemachine.StartAction@533e71e9
    serialVersionUID = 276196939532533882
    $$$tc$$$ = class com.ibm.websphere.ras.TraceComponent@6f693c33
      strings[0] = "TraceComponent[com.ibm.ws.app.manager.internal.statemachine.StartAction$1,class com.ibm.ws.app.manager.internal.statemachine.StartAction$1,[applications, app.manager],com.ibm.ws.app.manager.internal.resources.AppManagerMessages,null]"
  serialVersionUID = 673965255474898916

Dump of objectArray[0]
Object type = com.ibm.ws.threading.internal.ScheduledExecutorImpl
  threadGroupName = "Scheduled Executor Thread Group"
  executor = class com.ibm.ws.threading.internal.ExecutorServiceImpl@646fca47
    threadPool = class java.util.concurrent.ThreadPoolExecutor@67b9b3df
      ctl = class java.util.concurrent.atomic.AtomicInteger@895961c
      COUNT_BITS = 29
      CAPACITY = 536870911
      RUNNING = -536870912
      SHUTDOWN = 0
      STOP = 536870912
      TIDYING = 1073741824
      TERMINATED = 1610612736
      workQueue = class com.ibm.ws.threading.internal.BoundedBuffer@49dc28d0
      mainLock = class java.util.concurrent.locks.ReentrantLock@33abbe7a
      workers = class java.util.HashSet@60a6e282
      termination = class java.util.concurrent.locks.AbstractQueuedSynchronizer$ConditionObject@4427adfc
      largestPoolSize = 8
      completedTaskCount = 0
      threadFactory = class com.ibm.ws.threading.internal.ThreadFactoryImpl@6c159700
      handler = class com.ibm.ws.threading.internal.ExecutorServiceImpl$ExpandPolicy@2a3bc96
      keepAliveTime = 0
      allowCoreThreadTimeOut = false
      corePoolSize = 8
      maximumPoolSize = 8
      defaultHandler = class java.util.concurrent.ThreadPoolExecutor$AbortPolicy@3f552a21
      shutdownPerm = class java.lang.RuntimePermission@7a756421
      acc = null
      ONLY_ONE = true
      $assertionsDisabled = true
    threadPoolController = class com.ibm.ws.threading.internal.ThreadPoolController@64feb4f0
      tc = class com.ibm.websphere.ras.TraceComponent@32583ea0
      interval = 1500
      hangInterval = 750
      hangResolutionCountdown = 0
      hangResolutionCycles = 3
      hangBufferPoolSize = 0
      controllerCyclesWithoutHang = 0
      noHangCyclesThreshold = 8
      compareRange = 4
      NUMBER_CPUS = 4
      controllerCycle = 14
      distributionReset = false
      poolIncrement = 4
      poolDecrement = 4
      maxThreadsPoolDecrement = 1
      poolChangeBasis = 4
      poolIncrementBoundLow = 64
      poolIncrementBoundMedium = 256
      poolIncrementMax = 16
      poolIncrementMin = 1
      POOL_INCREMENT_MIN_DEFAULT = 1
      POOL_INCREMENT_MAX_DEFAULT = 16
      minimumDesiredPoolSizeAdjustments = 10
      targetPoolSize = 8
      consecutiveTargetPoolSizeWrong = 0
      MAX_CONSECUTIVE_TARGET_POOLSIZE_WRONG = 3
      highCpu = 90
      lowTputThreadsRatio = 1.0
      dataAgePruneLevel = 5.0
      compareSpanPruneMultiplier = 2
      tputRatioPruneLevel = 5.0
      poolTputRatioHigh = 5.0
      poolTputRatioLow = 3.0
      compareSpanRatioMultiplier = 2
      growScoreFilterLevel = 0.5
      shrinkScoreFilterLevel = 0.5
      growShrinkDiffFilter = 0.25
      resetDistroStdDevEwmaRatio = 0.1
      resetDistroNewTputEwmaRatio = 0.5
      resetDistroConsecutiveOutliers = 5.0
      processCpuUtil = 41.97201865423052
      systemCpuUtil = 62.95681063122923
      cpuUtil = 62.95681063122923
      queueDepth = 0
      MAX_INTERVALS_WITHOUT_CHANGE = 5
      EMPTY_QUEUE_SHRINK_MAGIC_PER_INTERVAL = 0.04
      IDLE_INTERVALS_BEFORE_PAUSE = 3
      MAX_OUTLIER_AFTER_CHANGE_BEFORE_RESET = 10
      MAX_THREADS_TO_BREAK_HANG = 1000
      executorService = class com.ibm.ws.threading.internal.ExecutorServiceImpl@646fca47
      lastAction = class com.ibm.ws.threading.internal.ThreadPoolController$LastAction@46149db9
      timer = class java.util.Timer@40d292be
      activeTask = class com.ibm.ws.threading.internal.IntervalTask@38d37f89
      paused = false
      lastTimerPop = 1588370546214
      previousCompleted = 93
      previousThroughput = 5.329780146568954
      consecutiveQueueEmptyCount = 14
      consecutiveNoAdjustment = 4
      consecutiveOutlierAfterAdjustment = 0
      consecutiveIdleCount = 0
      maxThreads = 2147483647
      coreThreads = 8
      threadRange = 2147483639
      threadPool = class java.util.concurrent.ThreadPoolExecutor@67b9b3df
      threadStats = class java.util.TreeMap@4627a005
      poolSizeWhenHangDetected = -1
      hangIntervalCounter = 0
      hangMaxThreadsMessageEmitted = false
      serialVersionUID = -8379665083788450020
    poolName = "Default Executor"
    MINIMUM_POOL_SIZE = 4
    componentConfig = class org.apache.felix.scr.impl.helper.ReadOnlyDictionary@273b3ce2
      m_delegate = class java.util.Hashtable@5b9c4a4d
      m_serviceReference = null
    interceptorsActive = false
    interceptors = class java.util.concurrent.CopyOnWriteArraySet@738783d1
      serialVersionUID = 5457747651344034263
      al = class java.util.concurrent.CopyOnWriteArrayList@5badc99
      MAX_ARRAY_SIZE = 2147483639
    threadFactory = null
    serverStopping = false
    phaser = class java.util.concurrent.Phaser@598af135
      state = 393222
      MAX_PARTIES = 65535
      MAX_PHASE = 2147483647
      PARTIES_SHIFT = 16
      PHASE_SHIFT = 32
      UNARRIVED_MASK = 65535
      PARTIES_MASK = 4294901760
      COUNTS_MASK = 4294967295
      TERMINATION_BIT = -9223372036854775808
      ONE_ARRIVAL = 1
      ONE_PARTY = 65536
      ONE_DEREGISTER = 65537
      EMPTY = 1
      parent = null
      root = class java.util.concurrent.Phaser@598af135
      evenQ = class java.util.concurrent.atomic.AtomicReference@7c230f7d
      oddQ = class java.util.concurrent.atomic.AtomicReference@45ab7a5
      NCPU = 4
      SPINS_PER_ARRIVAL = 256
      UNSAFE = class sun.misc.Unsafe@1965d748
      stateOffset = 16
    serialVersionUID = 6930666794455919448
    $$$tc$$$ = class com.ibm.websphere.ras.TraceComponent@5c74e675
      strings[0] = "TraceComponent[com.ibm.ws.threading.internal.ExecutorServiceImpl,class com.ibm.ws.threading.internal.ExecutorServiceImpl,[Threading],com.ibm.ws.threading.internal.resources.ThreadingMessages,null]"
  serialVersionUID = -9110693807503469597
  $$$tc$$$ = class com.ibm.websphere.ras.TraceComponent@72706b53
    strings[0] = "TraceComponent[com.ibm.ws.threading.internal.ScheduledExecutorImpl,class com.ibm.ws.threading.internal.ScheduledExecutorImpl,[Threading],com.ibm.ws.threading.internal.resources.ThreadingMessages,null]"
  continueExistingPeriodicTasksAfterShutdown = false
  executeExistingDelayedTasksAfterShutdown = true
  removeOnCancel = false
  sequencer = class java.util.concurrent.atomic.AtomicLong@40548de3
    serialVersionUID = 1927816293512124184
    unsafe = class sun.misc.Unsafe@1965d748
    valueOffset = 16
    VM_SUPPORTS_LONG_CAS = true
    value = 132
    serialVersionUID = -8742448824652078965
  ctl = class java.util.concurrent.atomic.AtomicInteger@46c401a5
    serialVersionUID = 6214790243416807050
    unsafe = class sun.misc.Unsafe@1965d748
      theUnsafe = class sun.misc.Unsafe@1965d748
      INVALID_FIELD_OFFSET = -1
      ARRAY_BOOLEAN_BASE_OFFSET = 16
      ARRAY_BYTE_BASE_OFFSET = 16
      ARRAY_SHORT_BASE_OFFSET = 16
      ARRAY_CHAR_BASE_OFFSET = 16
      ARRAY_INT_BASE_OFFSET = 16
      ARRAY_LONG_BASE_OFFSET = 16
      ARRAY_FLOAT_BASE_OFFSET = 16
      ARRAY_DOUBLE_BASE_OFFSET = 16
      ARRAY_OBJECT_BASE_OFFSET = 16
      ARRAY_BOOLEAN_INDEX_SCALE = 1
      ARRAY_BYTE_INDEX_SCALE = 1
      ARRAY_SHORT_INDEX_SCALE = 2
      ARRAY_CHAR_INDEX_SCALE = 2
      ARRAY_INT_INDEX_SCALE = 4
      ARRAY_LONG_INDEX_SCALE = 8
      ARRAY_FLOAT_INDEX_SCALE = 4
      ARRAY_DOUBLE_INDEX_SCALE = 8
      ARRAY_OBJECT_INDEX_SCALE = 4
      ADDRESS_SIZE = 8
    valueOffset = 12
    value = -536870911
    serialVersionUID = -8742448824652078965
  COUNT_BITS = 29
  CAPACITY = 536870911
  RUNNING = -536870912
  SHUTDOWN = 0
  STOP = 536870912
  TIDYING = 1073741824
  TERMINATED = 1610612736
  workQueue = class java.util.concurrent.ScheduledThreadPoolExecutor$DelayedWorkQueue@3ff7ec1
    INITIAL_CAPACITY = 16
    queue = interface java.util.concurrent.RunnableScheduledFuture[16]
      RunnableScheduledFuture[0] = class com.ibm.ws.threading.internal.SchedulingHelper@6f8e111c
      RunnableScheduledFuture[1] = class com.ibm.ws.threading.internal.SchedulingHelper@2c5c23e4
      RunnableScheduledFuture[2] = class com.ibm.ws.threading.internal.SchedulingHelper@13c642fb
      RunnableScheduledFuture[3] = class com.ibm.ws.threading.internal.SchedulingHelper@4388bc9c
      RunnableScheduledFuture[4] = class com.ibm.ws.threading.internal.SchedulingHelper@5c914300
      RunnableScheduledFuture[5] = class com.ibm.ws.threading.internal.SchedulingHelper@111f0875
      RunnableScheduledFuture[6] = class com.ibm.ws.threading.internal.SchedulingHelper@163eb7d1
      RunnableScheduledFuture[7] = class com.ibm.ws.threading.internal.SchedulingHelper@306f5137
      RunnableScheduledFuture[8] = null
      RunnableScheduledFuture[9] = null
      RunnableScheduledFuture[10] = null
      RunnableScheduledFuture[11] = null
      RunnableScheduledFuture[12] = null
      RunnableScheduledFuture[13] = null
      RunnableScheduledFuture[14] = null
      RunnableScheduledFuture[15] = null
    lock = class java.util.concurrent.locks.ReentrantLock@5609f76a
      serialVersionUID = 7373984872572414699
      sync = class java.util.concurrent.locks.ReentrantLock$NonfairSync@65f7b124
    size = 8
    leader = class java.lang.Thread@720fb430
      name = "Scheduled Executor-thread-1"
      priority = 5
      threadQ = null
      eetop = 139696160282624
      single_step = false
      daemon = true
      stillborn = false
      target = class java.util.concurrent.ThreadPoolExecutor$Worker@7a1e2c5b
      group = class java.lang.ThreadGroup@59fc875
      contextClassLoader = class org.eclipse.osgi.internal.framework.ContextFinder@1f91bfd2
      inheritedAccessControlContext = class java.security.AccessControlContext@5ee4c061
      threadInitNumber = 17
      threadLocals = class java.lang.ThreadLocal$ThreadLocalMap@6bd0b9a7
      inheritableThreadLocals = null
      stackSize = 0
      nativeParkEventPointer = 139696160274336
      tid = 28
      threadSeqNumber = 49
      threadStatus = 673
      parkBlocker = class java.util.concurrent.locks.AbstractQueuedSynchronizer$ConditionObject@70ac5ba2
      blocker = null
      blockerLock = class java.lang.Object@1811e509
      MIN_PRIORITY = 1
      NORM_PRIORITY = 5
      MAX_PRIORITY = 10
      EMPTY_STACK_TRACE = class java.lang.StackTraceElement[0]
      SUBCLASS_IMPLEMENTATION_PERMISSION = class java.lang.RuntimePermission@41a17aaa
      uncaughtExceptionHandler = null
      defaultUncaughtExceptionHandler = null
      threadLocalRandomSeed = 0
      threadLocalRandomProbe = 0
      threadLocalRandomSecondarySeed = 0
    available = class java.util.concurrent.locks.AbstractQueuedSynchronizer$ConditionObject@70ac5ba2
      serialVersionUID = 1173984872572414699
      firstWaiter = class java.util.concurrent.locks.AbstractQueuedSynchronizer$Node@384d1a6d
      lastWaiter = class java.util.concurrent.locks.AbstractQueuedSynchronizer$Node@384d1a6d
      REINTERRUPT = 1
      THROW_IE = -1
      this$0 = class java.util.concurrent.locks.ReentrantLock$NonfairSync@65f7b124
    MAX_ARRAY_SIZE = 2147483639
  mainLock = class java.util.concurrent.locks.ReentrantLock@1958a10b
    serialVersionUID = 7373984872572414699
    sync = class java.util.concurrent.locks.ReentrantLock$NonfairSync@5dcf7b31
  workers = class java.util.HashSet@7d870c56
    serialVersionUID = -5024744406713321676
    map = class java.util.HashMap@15b6b329
      serialVersionUID = 362498820763181265
      DEFAULT_INITIAL_CAPACITY = 16
      MAXIMUM_CAPACITY = 1073741824
      DEFAULT_LOAD_FACTOR = 0.75
      TREEIFY_THRESHOLD = 8
      UNTREEIFY_THRESHOLD = 6
      MIN_TREEIFY_CAPACITY = 64
      table = class java.util.HashMap$Node[16]
      entrySet = null
      size = 1
      modCount = 1
      threshold = 12
      loadFactor = 0.75
      keySet = null
      values = null
    PRESENT = class java.lang.Object@71eaae0a
    MAX_ARRAY_SIZE = 2147483639
  termination = class java.util.concurrent.locks.AbstractQueuedSynchronizer$ConditionObject@1ba8f36a
    serialVersionUID = 1173984872572414699
    firstWaiter = null
    lastWaiter = null
    REINTERRUPT = 1
    THROW_IE = -1
    this$0 = class java.util.concurrent.locks.ReentrantLock$NonfairSync@5dcf7b31
      serialVersionUID = 7316153563782823691
      serialVersionUID = -5179523762034025860
      serialVersionUID = 7373984972572414691
      head = null
      tail = null
      state = 0
      spinForTimeoutThreshold = 1000
      unsafe = class sun.misc.Unsafe@1965d748
      stateOffset = 16
      headOffset = 20
      tailOffset = 24
      waitStatusOffset = 12
      nextOffset = 20
      serialVersionUID = 3737899427754241961
      exclusiveOwnerThread = null
  largestPoolSize = 1
  completedTaskCount = 0
  threadFactory = class com.ibm.ws.threading.internal.ThreadFactoryImpl@63d98fa8
    tc = class com.ibm.websphere.ras.TraceComponent@35fcf60e
      strings[0] = "TraceComponent[com.ibm.ws.threading.internal.ThreadFactoryImpl,class com.ibm.ws.threading.internal.ThreadFactoryImpl,[Threading],com.ibm.ws.threading.internal.resources.ThreadingMessages,null]"
    TRACE_ENABLED_AT_STARTUP = false
    createdThreadCount = class java.util.concurrent.atomic.AtomicInteger@619edfc4
      serialVersionUID = 6214790243416807050
      unsafe = class sun.misc.Unsafe@1965d748
      valueOffset = 12
      value = 1
      serialVersionUID = -8742448824652078965
    executorName = "Scheduled Executor"
    threadGroup = class java.lang.ThreadGroup@59fc875
      parent = class java.lang.ThreadGroup@672496a7
      name = "Scheduled Executor Thread Group"
      maxPriority = 10
      destroyed = false
      daemon = false
      vmAllowSuspension = false
      nUnstartedThreads = 0
      nthreads = 1
      threads = class java.lang.Thread[4]
      ngroups = 0
      groups = null
    contextClassLoader = class org.eclipse.osgi.internal.framework.ContextFinder@1f91bfd2
      cycleDetector = class java.lang.ThreadLocal@6252a29f
      finderClassLoader = class com.ibm.ws.kernel.internal.classloader.BootstrapChildFirstJarClassloader@cc34f4d
      contextFinder = class org.eclipse.osgi.internal.framework.ContextFinder$Finder@26fcd88b
      THIS = class java.lang.Class@611889f4
      parentContextClassLoader = class sun.misc.Launcher$AppClassLoader@18b4aac2
      parent = class sun.misc.Launcher$AppClassLoader@18b4aac2
      parallelLockMap = null
      package2certs = class java.util.Hashtable@7bd3cfa9
      nocerts = class java.security.cert.Certificate[0]
      classes = class java.util.Vector@527a251c
      defaultDomain = class java.security.ProtectionDomain@254b3396
      packages = class java.util.HashMap@65338f34
      scl = class sun.misc.Launcher$AppClassLoader@18b4aac2
      sclSet = true
      loadedLibraryNames = class java.util.Vector@f8aabc
      systemNativeLibraries = class java.util.Vector@3293d7a
      nativeLibraries = class java.util.Vector@7f82790a
      nativeLibraryContext = class java.util.Stack@63103e1
      usr_paths = class java.lang.String[7]
      sys_paths = class java.lang.String[1]
      assertionLock = class org.eclipse.osgi.internal.framework.ContextFinder@1f91bfd2
      defaultAssertionStatus = false
      packageAssertionStatus = null
      classAssertionStatus = null
    serialVersionUID = -3600085245630848128
  handler = class java.util.concurrent.ThreadPoolExecutor$AbortPolicy@3f552a21
  keepAliveTime = 0
  allowCoreThreadTimeOut = false
  corePoolSize = 1
  maximumPoolSize = 2147483647
  defaultHandler = class java.util.concurrent.ThreadPoolExecutor$AbortPolicy@3f552a21
  shutdownPerm = class java.lang.RuntimePermission@7a756421
    serialVersionUID = 7399184964622342223
    serialVersionUID = 6279438298436773498
    wildcard = false
    path = "modifyThread"
    exitVM = false
    serialVersionUID = -5636570222231596674
    name = "modifyThread"
  acc = null
  ONLY_ONE = true
  $assertionsDisabled = true

