------Start of DE processing------ = [5/1/20 18:35:42:635 BRT]
Exception = java.lang.IllegalStateException
Source = com.ibm.ws.kernel.feature.internal.FeatureManager
probeid = 841
Stack Dump = java.lang.IllegalStateException: Framework/VM shutting down
	at com.ibm.ws.kernel.feature.internal.FeatureManager.checkBundleStatus(FeatureManager.java:1958)
	at com.ibm.ws.kernel.feature.internal.FeatureManager.update(FeatureManager.java:743)
	at com.ibm.ws.kernel.feature.internal.FeatureManager.processFeatureChanges(FeatureManager.java:837)
	at com.ibm.ws.kernel.feature.internal.FeatureManager$1.run(FeatureManager.java:631)
	at com.ibm.ws.threading.internal.ExecutorServiceImpl$RunnableWrapper.run(ExecutorServiceImpl.java:239)
	at java.util.concurrent.ThreadPoolExecutor.runWorker(ThreadPoolExecutor.java:1149)
	at java.util.concurrent.ThreadPoolExecutor$Worker.run(ThreadPoolExecutor.java:624)
	at java.lang.Thread.run(Thread.java:748)

Dump of callerThis
Object type = com.ibm.ws.kernel.feature.internal.FeatureManager
  ME = "com.ibm.ws.kernel.feature.internal.FeatureManager"
  tc = class com.ibm.websphere.ras.TraceComponent@2897b459
    strings[0] = "TraceComponent[com.ibm.ws.kernel.feature.internal.FeatureManager,class com.ibm.ws.kernel.feature.internal.FeatureManager,[featureManager],com.ibm.ws.kernel.feature.internal.resources.ProvisionerMessages,null]"
  CFG_KEY_ACTIVE_FEATURES = "feature"
  INSTALLED_BUNDLE_CACHE = "platform/feature.bundles.cache"
  FEATURE_DEF_CACHE_FILE = "platform/feature.cache"
  FEATURE_FIX_CACHE_FILE = "feature.fix.cache"
  FEATURE_FIX_CACHE_VERSION = 1
  FEATURE_TEST_FIXES = "IBM-Test-Fixes"
  FEATURE_INTERIM_FIXES = "IBM-Interim-Fixes"
  FEATURE_PRODUCT_EXTENSIONS_INSTALL = "com.ibm.websphere.productInstall"
  FEATURE_PRODUCT_EXTENSIONS_FILE_EXTENSION = ".properties"
  PRODUCT_INFO_STRING_OPEN_LIBERTY = "Open Liberty"
  featureResolver = class com.ibm.ws.kernel.feature.internal.FeatureResolverImpl@1b60fb9a
    tc = class com.ibm.websphere.ras.TraceComponent@268db0b7
      strings[0] = "TraceComponent[com.ibm.ws.kernel.feature.internal.FeatureResolverImpl,class com.ibm.ws.kernel.feature.internal.FeatureResolverImpl,[featureManager],com.ibm.ws.kernel.feature.internal.resources.ProvisionerMessages,null]"
    serialVersionUID = 1521756073866927913
    $$$tc$$$ = class com.ibm.websphere.ras.TraceComponent@332dfff7
      strings[0] = "TraceComponent[com.ibm.ws.kernel.feature.internal.FeatureResolverImpl,class com.ibm.ws.kernel.feature.internal.FeatureResolverImpl,[featureManager],com.ibm.ws.kernel.feature.internal.resources.ProvisionerMessages,null]"
  ALLOWED_ON_ALL_FEATURES = class java.util.Arrays$ArrayList@3a0c1415
    serialVersionUID = -2764017481108945198
    a = class java.lang.String[2]
      String[0] = "com.ibm.websphere.appserver.timedexit-1.0"
      String[1] = "com.ibm.websphere.appserver.osgiConsole-1.0"
    modCount = 0
    MAX_ARRAY_SIZE = 2147483639
  ALL_ALLOWED_ON_CLIENT_FEATURES = class java.util.Collections$UnmodifiableCollection@51ede7a1
    serialVersionUID = 1820017752578914078
    c = class java.util.ArrayList@55835689
      serialVersionUID = 8683452581122892189
      DEFAULT_CAPACITY = 10
      EMPTY_ELEMENTDATA = class java.lang.Object[0]
      DEFAULTCAPACITY_EMPTY_ELEMENTDATA = class java.lang.Object[0]
      elementData = class java.lang.Object[10]
      size = 5
      MAX_ARRAY_SIZE = 2147483639
      modCount = 2
      MAX_ARRAY_SIZE = 2147483639
  featureGroup = "feature"
  featureGroupUsr = "feature:usr"
  bundleGroup = "bundle"
  featureChanges = class java.util.concurrent.ConcurrentLinkedQueue@511bea16
    serialVersionUID = 196745693267521676
    head = class java.util.concurrent.ConcurrentLinkedQueue$Node@5d85130f
      item = null
      next = class java.util.concurrent.ConcurrentLinkedQueue$Node@48b00fcd
      UNSAFE = class sun.misc.Unsafe@29d60b79
      itemOffset = 12
      nextOffset = 16
    tail = class java.util.concurrent.ConcurrentLinkedQueue$Node@48b00fcd
      item = class com.ibm.ws.kernel.feature.internal.FeatureManager$FeatureChange@467215a8
      next = null
      UNSAFE = class sun.misc.Unsafe@29d60b79
      itemOffset = 12
      nextOffset = 16
    UNSAFE = class sun.misc.Unsafe@29d60b79
      theUnsafe = class sun.misc.Unsafe@29d60b79
      INVALID_FIELD_OFFSET = -1
      ARRAY_BOOLEAN_BASE_OFFSET = 16
      ARRAY_BYTE_BASE_OFFSET = 16
      ARRAY_SHORT_BASE_OFFSET = 16
      ARRAY_CHAR_BASE_OFFSET = 16
      ARRAY_INT_BASE_OFFSET = 16
      ARRAY_LONG_BASE_OFFSET = 16
      ARRAY_FLOAT_BASE_OFFSET = 16
      ARRAY_DOUBLE_BASE_OFFSET = 16
      ARRAY_OBJECT_BASE_OFFSET = 16
      ARRAY_BOOLEAN_INDEX_SCALE = 1
      ARRAY_BYTE_INDEX_SCALE = 1
      ARRAY_SHORT_INDEX_SCALE = 2
      ARRAY_CHAR_INDEX_SCALE = 2
      ARRAY_INT_INDEX_SCALE = 4
      ARRAY_LONG_INDEX_SCALE = 8
      ARRAY_FLOAT_INDEX_SCALE = 4
      ARRAY_DOUBLE_INDEX_SCALE = 8
      ARRAY_OBJECT_INDEX_SCALE = 4
      ADDRESS_SIZE = 8
    headOffset = 12
    tailOffset = 16
    MAX_ARRAY_SIZE = 2147483639
  bundleContext = class org.eclipse.osgi.internal.framework.BundleContextImpl@5cd5aa6e
    findHookName = "org.osgi.framework.hooks.bundle.FindHook"
    valid = true
    bundle = class org.eclipse.osgi.internal.framework.EquinoxBundle@287a477c
      equinoxContainer = class org.eclipse.osgi.internal.framework.EquinoxContainer@417b6996
      module = class org.eclipse.osgi.internal.framework.EquinoxBundle$EquinoxModule@7e0d338c
      monitor = class java.lang.Object@3c802b47
      context = class org.eclipse.osgi.internal.framework.BundleContextImpl@5cd5aa6e
      signerInfos = null
      $SWITCH_TABLE$org$eclipse$osgi$container$Module$State = {1,2,3,4,5,6,7} /* array length = 7 */
    container = class org.eclipse.osgi.internal.framework.EquinoxContainer@417b6996
      NAME = "org.eclipse.osgi"
      secureAction = class org.eclipse.osgi.framework.util.SecureAction@607c68ae
      equinoxConfig = class org.eclipse.osgi.internal.framework.EquinoxConfiguration@56cc2f57
      logServices = class org.eclipse.osgi.internal.log.EquinoxLogServices@6accdf2
      storage = class org.eclipse.osgi.storage.Storage@24a9f9
      packageAdmin = class org.eclipse.osgi.internal.framework.legacy.PackageAdminImpl@39e984b
      startLevel = class org.eclipse.osgi.internal.framework.legacy.StartLevelImpl@341fb9f8
      bootDelegation = class java.util.HashSet@54bc21d4
      bootDelegationStems = class java.lang.String[12]
      bootDelegateAll = false
      isProcessClassRecursionSupportedByAll = false
      eventPublisher = class org.eclipse.osgi.internal.framework.EquinoxEventPublisher@6d9a37e
      monitor = class java.lang.Object@4fc00a24
      bootLoader = class org.eclipse.osgi.internal.framework.EquinoxContainer$1@7ac72089
      serviceRegistry = class org.eclipse.osgi.internal.serviceregistry.ServiceRegistry@2ecc71d8
      contextFinder = class org.eclipse.osgi.internal.framework.ContextFinder@5c46c436
      signedContentFactory = class org.osgi.util.tracker.ServiceTracker@1adbaaf3
      executor = class java.util.concurrent.ScheduledThreadPoolExecutor@51d23885
      storageSaver = class org.eclipse.osgi.internal.framework.StorageSaver@1e8c99b1
    debug = class org.eclipse.osgi.internal.debug.Debug@9c374e9
      ECLIPSE_OSGI = "org.eclipse.osgi"
      OPTION_DEBUG_GENERAL = "org.eclipse.osgi/debug"
      OPTION_DEBUG_BUNDLE_TIME = "org.eclipse.osgi/debug/bundleTime"
      OPTION_DEBUG_BUNDLE_START_TIME = "org.eclipse.osgi/debug/bundleStartTime"
      OPTION_DEBUG_LOADER = "org.eclipse.osgi/debug/loader"
      OPTION_DEBUG_STORAGE = "org.eclipse.osgi/debug/storage"
      OPTION_DEBUG_EVENTS = "org.eclipse.osgi/debug/events"
      OPTION_DEBUG_SERVICES = "org.eclipse.osgi/debug/services"
      OPTION_DEBUG_HOOKS = "org.eclipse.osgi/debug/hooks"
      OPTION_DEBUG_MANIFEST = "org.eclipse.osgi/debug/manifest"
      OPTION_DEBUG_FILTER = "org.eclipse.osgi/debug/filter"
      OPTION_DEBUG_SECURITY = "org.eclipse.osgi/debug/security"
      OPTION_DEBUG_STARTLEVEL = "org.eclipse.osgi/debug/startlevel"
      OPTION_DEBUG_PACKAGEADMIN = "org.eclipse.osgi/debug/packageadmin"
      OPTION_DEBUG_PACKAGEADMIN_TIMING = "org.eclipse.osgi/debug/packageadmin/timing"
      OPTION_MONITOR_ACTIVATION = "org.eclipse.osgi/monitor/activation"
      OPTION_MONITOR_LAZY = "org.eclipse.osgi/monitor/lazy"
      OPTION_DEBUG_MESSAGE_BUNDLES = "org.eclipse.osgi/debug/messageBundles"
      OPTION_DEBUG_LOCATION = "org.eclipse.osgi/debug/location"
      OPTION_CACHED_MANIFEST = "org.eclipse.osgi/debug/cachedmanifest"
      OPTION_DEBUG_SYSTEM_BUNDLE = "org.eclipse.osgi/debug/systemBundle"
      OPTION_DEBUG_BUNDLE_FILE = "org.eclipse.osgi/debug/bundleFile"
      DEBUG_GENERAL = false
      DEBUG_BUNDLE_TIME = false
      DEBUG_LOADER = false
      DEBUG_STORAGE = false
      DEBUG_EVENTS = false
      DEBUG_SERVICES = false
      DEBUG_HOOKS = false
      DEBUG_MANIFEST = false
      DEBUG_FILTER = false
      DEBUG_SECURITY = false
      DEBUG_STARTLEVEL = false
      DEBUG_PACKAGEADMIN = false
      DEBUG_PACKAGEADMIN_TIMING = false
      DEBUG_MESSAGE_BUNDLES = false
      MONITOR_ACTIVATION = false
      DEBUG_LOCATION = false
      DEBUG_CACHED_MANIFEST = false
      DEBUG_SYSTEM_BUNDLE = false
      DEBUG_BUNDLE_FILE = false
      out = class com.ibm.ws.logging.internal.impl.BaseTraceService$TeePrintStream@6969193c
    servicesInUse = class java.util.HashMap@1320dcb1
      serialVersionUID = 362498820763181265
      DEFAULT_INITIAL_CAPACITY = 16
      MAXIMUM_CAPACITY = 1073741824
      DEFAULT_LOAD_FACTOR = 0.75
      TREEIFY_THRESHOLD = 8
      UNTREEIFY_THRESHOLD = 6
      MIN_TREEIFY_CAPACITY = 64
      table = class java.util.HashMap$Node[16]
      entrySet = null
      size = 7
      modCount = 7
      threshold = 12
      loadFactor = 0.75
      keySet = null
      values = null
    activator = null
    contextLock = class java.lang.Object@49514440
  locationService = class com.ibm.ws.kernel.service.location.internal.WsLocationAdminImpl@2a31aa19
    tc = class com.ibm.websphere.ras.TraceComponent@3848f99e
      strings[0] = "TraceComponent[com.ibm.ws.kernel.service.location.internal.WsLocationAdminImpl,class com.ibm.ws.kernel.service.location.internal.WsLocationAdminImpl,[locationService],com.ibm.ws.kernel.service.location.internal.resources.LocServiceMessages,null]"
    LOC_INTERNAL_LIB_DIR = "wlp.lib.dir"
    LOC_INTERNAL_WORKAREA_DIR = "wlp.workarea.dir"
    LOC_AREA_NAME_APPS = "shared/apps/"
    LOC_AREA_NAME_CONFIG = "shared/config/"
    LOC_AREA_NAME_RESC = "shared/resources/"
    LOC_AREA_NAME_STATE = "logs/state/"
    LOC_AREA_NAME_SERVERS = "servers/"
    LOC_AREA_NAME_CLIENTS = "clients/"
    LOC_AREA_NAME_WORKING = "workarea/"
    LOC_AREA_NAME_EXTENSION = "extension/"
    instance = class com.ibm.ws.kernel.service.location.internal.WsLocationAdminImpl@2a31aa19
    installRoot = class com.ibm.ws.kernel.service.location.internal.SymbolicRootResource@100364e2
      strings[0] = "SymbolicRootResource[${wlp.install.dir}/=/c/Users/ernmarti/Downloads/wlp-webProfile8-20.0.0.4/wlp/]"
    installParentRoot = class com.ibm.ws.kernel.service.location.internal.SymbolicRootResource@7164e428
      strings[0] = "SymbolicRootResource[${wlp.parent.dir}/=/c/Users/ernmarti/Downloads/wlp-webProfile8-20.0.0.4/]"
    userRoot = class com.ibm.ws.kernel.service.location.internal.SymbolicRootResource@1e66d9ce
      strings[0] = "SymbolicRootResource[${wlp.user.dir}/=/c/Users/ernmarti/Downloads/wlp-webProfile8-20.0.0.4/wlp/usr/]"
    usrExtensionRoot = class com.ibm.ws.kernel.service.location.internal.SymbolicRootResource@790135a1
      strings[0] = "SymbolicRootResource[${usr.extension.dir}/=/c/Users/ernmarti/Downloads/wlp-webProfile8-20.0.0.4/wlp/usr/extension/]"
    serverConfigDir = class com.ibm.ws.kernel.service.location.internal.SymbolicRootResource@722e6a17
      strings[0] = "SymbolicRootResource[${server.config.dir}/=/c/Users/ernmarti/Downloads/wlp-webProfile8-20.0.0.4/wlp/usr/servers/defaultServer/]"
    serverOutputDir = class com.ibm.ws.kernel.service.location.internal.SymbolicRootResource@722e6a17
    bootstrapLib = class com.ibm.ws.kernel.service.location.internal.LocalFileResource@24bd85de
      strings[0] = "LocalFileResource[DIRECTORY;@667660138;<undefined>;/c/Users/ernmarti/Downloads/wlp-webProfile8-20.0.0.4/wlp/lib/]"
    serverWorkarea = class com.ibm.ws.kernel.service.location.internal.LocalFileResource@cbd902e
      strings[0] = "LocalFileResource[DIRECTORY;@-561971124;${server.config.dir}/workarea/;/c/Users/ernmarti/Downloads/wlp-webProfile8-20.0.0.4/wlp/usr/servers/defaultServer/workarea/]"
    serverState = class com.ibm.ws.kernel.service.location.internal.LocalFileResource@7c610025
      strings[0] = "LocalFileResource[DIRECTORY;@1780008665;${server.config.dir}/logs/state/;/c/Users/ernmarti/Downloads/wlp-webProfile8-20.0.0.4/wlp/usr/servers/defaultServer/logs/state/]"
    sharedAppsRoot = class com.ibm.ws.kernel.service.location.internal.SymbolicRootResource@7d1ea36c
      strings[0] = "SymbolicRootResource[${shared.app.dir}/=/c/Users/ernmarti/Downloads/wlp-webProfile8-20.0.0.4/wlp/usr/shared/apps/]"
    sharedConfigRoot = class com.ibm.ws.kernel.service.location.internal.SymbolicRootResource@35c54a64
      strings[0] = "SymbolicRootResource[${shared.config.dir}/=/c/Users/ernmarti/Downloads/wlp-webProfile8-20.0.0.4/wlp/usr/shared/config/]"
    sharedResourceRoot = class com.ibm.ws.kernel.service.location.internal.SymbolicRootResource@55199012
      strings[0] = "SymbolicRootResource[${shared.resource.dir}/=/c/Users/ernmarti/Downloads/wlp-webProfile8-20.0.0.4/wlp/usr/shared/resources/]"
    tmpRoot = class com.ibm.ws.kernel.service.location.internal.SymbolicRootResource@210dc2bc
      strings[0] = "SymbolicRootResource[${tmp}/=/tmp/]"
    serverName = "defaultServer"
    resourcePaths = class java.util.ArrayList@29801032
      serialVersionUID = 8683452581122892189
      DEFAULT_CAPACITY = 10
      EMPTY_ELEMENTDATA = class java.lang.Object[0]
      DEFAULTCAPACITY_EMPTY_ELEMENTDATA = class java.lang.Object[0]
      elementData = class java.lang.Object[3]
      size = 1
      MAX_ARRAY_SIZE = 2147483639
      modCount = 1
      MAX_ARRAY_SIZE = 2147483639
    resourceGroups = class java.util.HashMap@3609e90c
      serialVersionUID = 362498820763181265
      DEFAULT_INITIAL_CAPACITY = 16
      MAXIMUM_CAPACITY = 1073741824
      DEFAULT_LOAD_FACTOR = 0.75
      TREEIFY_THRESHOLD = 8
      UNTREEIFY_THRESHOLD = 6
      MIN_TREEIFY_CAPACITY = 64
      table = class java.util.HashMap$Node[16]
      entrySet = null
      size = 1
      modCount = 1
      threshold = 12
      loadFactor = 0.75
      keySet = null
      values = null
    commonRoot = class com.ibm.ws.kernel.service.location.internal.VirtualRootResource@2f8976df
      strings[0] = "com.ibm.ws.kernel.service.location.internal.VirtualRootResource@2f8976df"
    serialVersionUID = -5748835026800463299
  executorService = class com.ibm.ws.threading.internal.ExecutorServiceImpl@4dbb6784
    threadPool = class java.util.concurrent.ThreadPoolExecutor@418ae18f
      ctl = class java.util.concurrent.atomic.AtomicInteger@1fb2c6a1
      COUNT_BITS = 29
      CAPACITY = 536870911
      RUNNING = -536870912
      SHUTDOWN = 0
      STOP = 536870912
      TIDYING = 1073741824
      TERMINATED = 1610612736
      workQueue = class com.ibm.ws.threading.internal.BoundedBuffer@301b5f4b
      mainLock = class java.util.concurrent.locks.ReentrantLock@28e2bde0
      workers = class java.util.HashSet@73d8ff5e
      termination = class java.util.concurrent.locks.AbstractQueuedSynchronizer$ConditionObject@7ad6b84a
      largestPoolSize = 12
      completedTaskCount = 65
      threadFactory = class com.ibm.ws.threading.internal.ThreadFactoryImpl@105d415c
      handler = class com.ibm.ws.threading.internal.ExecutorServiceImpl$ExpandPolicy@2dede30a
      keepAliveTime = 0
      allowCoreThreadTimeOut = false
      corePoolSize = 8
      maximumPoolSize = 8
      defaultHandler = class java.util.concurrent.ThreadPoolExecutor$AbortPolicy@197bcbe6
      shutdownPerm = class java.lang.RuntimePermission@5620246b
      acc = null
      ONLY_ONE = true
      $assertionsDisabled = true
    threadPoolController = class com.ibm.ws.threading.internal.ThreadPoolController@545a785b
      tc = class com.ibm.websphere.ras.TraceComponent@214db127
      interval = 1500
      hangInterval = 750
      hangResolutionCountdown = 0
      hangResolutionCycles = 3
      hangBufferPoolSize = 0
      controllerCyclesWithoutHang = 0
      noHangCyclesThreshold = 8
      compareRange = 4
      NUMBER_CPUS = 4
      controllerCycle = 48
      distributionReset = false
      poolIncrement = 4
      poolDecrement = 4
      maxThreadsPoolDecrement = 1
      poolChangeBasis = 4
      poolIncrementBoundLow = 64
      poolIncrementBoundMedium = 256
      poolIncrementMax = 16
      poolIncrementMin = 1
      POOL_INCREMENT_MIN_DEFAULT = 1
      POOL_INCREMENT_MAX_DEFAULT = 16
      minimumDesiredPoolSizeAdjustments = 10
      targetPoolSize = 8
      consecutiveTargetPoolSizeWrong = 0
      MAX_CONSECUTIVE_TARGET_POOLSIZE_WRONG = 3
      highCpu = 90
      lowTputThreadsRatio = 1.0
      dataAgePruneLevel = 5.0
      compareSpanPruneMultiplier = 2
      tputRatioPruneLevel = 5.0
      poolTputRatioHigh = 5.0
      poolTputRatioLow = 3.0
      compareSpanRatioMultiplier = 2
      growScoreFilterLevel = 0.5
      shrinkScoreFilterLevel = 0.5
      growShrinkDiffFilter = 0.25
      resetDistroStdDevEwmaRatio = 0.1
      resetDistroNewTputEwmaRatio = 0.5
      resetDistroConsecutiveOutliers = 5.0
      processCpuUtil = 0.1665556295802798
      systemCpuUtil = 48.264462809917354
      cpuUtil = 48.264462809917354
      queueDepth = 0
      MAX_INTERVALS_WITHOUT_CHANGE = 5
      EMPTY_QUEUE_SHRINK_MAGIC_PER_INTERVAL = 0.04
      IDLE_INTERVALS_BEFORE_PAUSE = 3
      MAX_OUTLIER_AFTER_CHANGE_BEFORE_RESET = 10
      MAX_THREADS_TO_BREAK_HANG = 1000
      executorService = class com.ibm.ws.threading.internal.ExecutorServiceImpl@4dbb6784
      lastAction = class com.ibm.ws.threading.internal.ThreadPoolController$LastAction@2b18cb8c
      timer = class java.util.Timer@44504079
      activeTask = class com.ibm.ws.threading.internal.IntervalTask@607d5d51
      paused = false
      lastTimerPop = 1588368942297
      previousCompleted = 299
      previousThroughput = 5.333333333333333
      consecutiveQueueEmptyCount = 21
      consecutiveNoAdjustment = 2
      consecutiveOutlierAfterAdjustment = 0
      consecutiveIdleCount = 0
      maxThreads = 2147483647
      coreThreads = 8
      threadRange = 2147483639
      threadPool = class java.util.concurrent.ThreadPoolExecutor@418ae18f
      threadStats = class java.util.TreeMap@7ca344ae
      poolSizeWhenHangDetected = -1
      hangIntervalCounter = 0
      hangMaxThreadsMessageEmitted = false
      serialVersionUID = -8379665083788450020
    poolName = "Default Executor"
    MINIMUM_POOL_SIZE = 4
    componentConfig = class org.apache.felix.scr.impl.helper.ReadOnlyDictionary@176a45d4
      m_delegate = class java.util.Hashtable@332315ca
      m_serviceReference = null
    interceptorsActive = false
    interceptors = class java.util.concurrent.CopyOnWriteArraySet@21b9b987
      serialVersionUID = 5457747651344034263
      al = class java.util.concurrent.CopyOnWriteArrayList@cdbe58e
      MAX_ARRAY_SIZE = 2147483639
    threadFactory = null
    serverStopping = true
    phaser = class java.util.concurrent.Phaser@3729b2a6
      state = 262148
      MAX_PARTIES = 65535
      MAX_PHASE = 2147483647
      PARTIES_SHIFT = 16
      PHASE_SHIFT = 32
      UNARRIVED_MASK = 65535
      PARTIES_MASK = 4294901760
      COUNTS_MASK = 4294967295
      TERMINATION_BIT = -9223372036854775808
      ONE_ARRIVAL = 1
      ONE_PARTY = 65536
      ONE_DEREGISTER = 65537
      EMPTY = 1
      parent = null
      root = class java.util.concurrent.Phaser@3729b2a6
      evenQ = class java.util.concurrent.atomic.AtomicReference@212260a2
      oddQ = class java.util.concurrent.atomic.AtomicReference@3bf1ce38
      NCPU = 4
      SPINS_PER_ARRIVAL = 256
      UNSAFE = class sun.misc.Unsafe@29d60b79
      stateOffset = 16
    serialVersionUID = 6930666794455919448
    $$$tc$$$ = class com.ibm.websphere.ras.TraceComponent@14c90213
      strings[0] = "TraceComponent[com.ibm.ws.threading.internal.ExecutorServiceImpl,class com.ibm.ws.threading.internal.ExecutorServiceImpl,[Threading],com.ibm.ws.threading.internal.resources.ThreadingMessages,null]"
  variableRegistry = class com.ibm.ws.kernel.service.location.internal.VariableRegistryHelper@174d6e9a
    registry = class com.ibm.ws.kernel.service.location.internal.SymbolRegistry@3bf7762b
      tc = class com.ibm.websphere.ras.TraceComponent@3db4187b
      SYMBOL_DEF = class java.util.regex.Pattern@25c9829d
      instance = class com.ibm.ws.kernel.service.location.internal.SymbolRegistry@3bf7762b
      RECURSE_LIMIT = 10
      EVENT_ADDED = "ADDED ${"
      EVENT_REPLACED = "REPLACED ${"
      EVENT_ADDED_MIDDLE = "}="
      stringToEntry = class java.util.concurrent.ConcurrentHashMap@645ed1b6
      rootPaths = class java.util.concurrent.ConcurrentSkipListSet@1f5de695
      serialVersionUID = -7025838233203271862
    serialVersionUID = 6631204287320083732
    $$$tc$$$ = class com.ibm.websphere.ras.TraceComponent@4b656ad6
      strings[0] = "TraceComponent[com.ibm.ws.kernel.service.location.internal.VariableRegistryHelper,class com.ibm.ws.kernel.service.location.internal.VariableRegistryHelper,[locationService],com.ibm.ws.kernel.service.location.internal.resources.LocServiceMessages,null]"
  runtimeUpdateManager = class com.ibm.ws.runtime.update.internal.RuntimeUpdateManagerImpl@2923433d
    tc = class com.ibm.websphere.ras.TraceComponent@4acb97a9
      strings[0] = "TraceComponent[com.ibm.ws.runtime.update.internal.RuntimeUpdateManagerImpl,class com.ibm.ws.runtime.update.internal.RuntimeUpdateManagerImpl,[runtime.update],com.ibm.ws.runtime.update.internal.resources.Messages,null]"
    futureMonitor = class com.ibm.ws.threading.internal.FutureMonitorImpl@29c4e7c5
      _monitor = class java.util.concurrent.ConcurrentLinkedQueue@30369cb8
      _executor = class com.ibm.ws.threading.internal.ScheduledExecutorImpl@75373b8f
      _threadRunning = class java.util.concurrent.atomic.AtomicBoolean@192ec12f
      _thread = class com.ibm.ws.threading.internal.FutureMonitorImpl$1@6368fc2e
      serialVersionUID = 2765238413969174390
      $$$tc$$$ = class com.ibm.websphere.ras.TraceComponent@58b15cf8
    normalServerStop = class java.util.concurrent.atomic.AtomicBoolean@22808df
      serialVersionUID = 4654671469794556979
      unsafe = class sun.misc.Unsafe@29d60b79
      valueOffset = 12
      value = 1
    updateListeners = class java.util.HashSet@1297f629
      serialVersionUID = -5024744406713321676
      map = class java.util.HashMap@ef818c4
      PRESENT = class java.lang.Object@1a7b4043
      MAX_ARRAY_SIZE = 2147483639
    notifications = class java.util.HashMap@2c2c6b8c
      serialVersionUID = 362498820763181265
      DEFAULT_INITIAL_CAPACITY = 16
      MAXIMUM_CAPACITY = 1073741824
      DEFAULT_LOAD_FACTOR = 0.75
      TREEIFY_THRESHOLD = 8
      UNTREEIFY_THRESHOLD = 6
      MIN_TREEIFY_CAPACITY = 64
      table = class java.util.HashMap$Node[16]
      entrySet = class java.util.HashMap$EntrySet@12c50ed1
      size = 5
      modCount = 10
      threshold = 12
      loadFactor = 0.75
      keySet = null
      values = class java.util.HashMap$Values@5a4eb5f6
    bundleCtx = class org.eclipse.osgi.internal.framework.BundleContextImpl@51d2da8
      findHookName = "org.osgi.framework.hooks.bundle.FindHook"
      valid = true
      bundle = class org.eclipse.osgi.internal.framework.EquinoxBundle@19c6f7c5
      container = class org.eclipse.osgi.internal.framework.EquinoxContainer@417b6996
      debug = class org.eclipse.osgi.internal.debug.Debug@9c374e9
      servicesInUse = class java.util.HashMap@56a0c011
      activator = null
      contextLock = class java.lang.Object@58e426a8
    cleanupListener = class com.ibm.ws.runtime.update.internal.RuntimeUpdateManagerImpl$1@22d85b03
      this$0 = class com.ibm.ws.runtime.update.internal.RuntimeUpdateManagerImpl@2923433d
      serialVersionUID = -1247721544084393241
      $$$tc$$$ = class com.ibm.websphere.ras.TraceComponent@70d35eb2
    locationService = class com.ibm.ws.kernel.service.location.internal.WsLocationAdminImpl@2a31aa19
    libertyProcess = class com.ibm.ws.kernel.launch.internal.LibertyProcessImpl@6074c177
      argList = class java.util.ArrayList@579f7ddd
      frameworkMgr = class com.ibm.ws.kernel.launch.internal.FrameworkManager@5d8225aa
      serialVersionUID = 3220471380775276842
      $$$tc$$$ = class com.ibm.websphere.ras.TraceComponent@dbd940d
    executorService = class com.ibm.ws.threading.internal.ExecutorServiceImpl@4dbb6784
    serialVersionUID = -6215238739117988494
  eventAdminService = class com.ibm.ws.event.internal.EventEngineImpl@27665755
    tc = class com.ibm.websphere.ras.TraceComponent@61cc47b4
      strings[0] = "TraceComponent[com.ibm.ws.event.internal.EventEngineImpl,class com.ibm.ws.event.internal.EventEngineImpl,[EventEngine],null,null]"
    OSGI_EVENT_HANDLER_REFERENCE_NAME = "OsgiEventHandler"
    WS_EVENT_HANDLER_REFERENCE_NAME = "WsEventHandler"
    CFG_KEY_REENTRANT_HANDLER_DEFAULT = "reentrant.handler.default"
    CFG_KEY_STAGE_PREFIX = "stage.topics."
    topicCache = class com.ibm.ws.event.internal.TopicBasedCache@6d45d049
      serialVersionUID = -1668099068630434622
      DEFAULT_STAGE_NAME = "Events"
      serviceReferenceMap = class java.util.HashMap@342b6e1c
      discreteEventHandlers = class java.util.HashMap@15568e0c
      wildcardEventHandlers = class java.util.HashMap@7cecea05
      discreteStageTopics = class java.util.HashMap@3af005b4
      wildcardStageTopics = class java.util.HashMap@55c4d778
      topicDataCache = class java.util.concurrent.ConcurrentHashMap@74431522
      eventEngine = class com.ibm.ws.event.internal.EventEngineImpl@27665755
      $$$tc$$$ = class com.ibm.websphere.ras.TraceComponent@7cf4382b
    componentContext = class org.apache.felix.scr.impl.manager.ComponentContextImpl@5bd03bc4
      m_componentManager = class org.apache.felix.scr.impl.manager.SingleComponentManager@55030090
      edgeInfos = class org.apache.felix.scr.impl.manager.EdgeInfo[4]
      m_componentInstance = class org.apache.felix.scr.impl.manager.ComponentContextImpl$ComponentInstanceImpl@4a0989b9
      m_usingBundle = class org.eclipse.osgi.internal.framework.EquinoxBundle@76dc66b
      m_serviceRegistration = class org.eclipse.osgi.internal.serviceregistry.ServiceRegistrationImpl@e4e701a
      m_implementationObject = class com.ibm.ws.event.internal.EventEngineImpl@27665755
      m_implementationAccessible = true
      accessibleLatch = class java.util.concurrent.CountDownLatch@68a5288
      serviceObjectsHelper = class org.apache.felix.scr.impl.helper.ComponentServiceObjectsHelper@4b40d549
      boundValues = null
    bundleContext = class org.eclipse.osgi.internal.framework.BundleContextImpl@613394f8
      findHookName = "org.osgi.framework.hooks.bundle.FindHook"
      valid = true
      bundle = class org.eclipse.osgi.internal.framework.EquinoxBundle@76dc66b
      container = class org.eclipse.osgi.internal.framework.EquinoxContainer@417b6996
      debug = class org.eclipse.osgi.internal.debug.Debug@9c374e9
      servicesInUse = class java.util.HashMap@2a2c6e08
      activator = null
      contextLock = class java.lang.Object@10ab3c2
    logService = class org.eclipse.osgi.internal.log.ExtendedLogServiceImpl@54a91aec
      factory = class org.eclipse.osgi.internal.log.ExtendedLogServiceFactory@95a0f54
      bundle = class org.eclipse.osgi.internal.framework.EquinoxBundle@76dc66b
      loggerCache = class java.util.HashMap@19e582cb
      LOG_SERVICE = "LogService"
    frameworkEventAdapter = class com.ibm.ws.event.internal.adapter.FrameworkEventAdapter@a48074f
      FRAMEWORK_EVENT_TOPIC_PREFIX = "org/osgi/framework/FrameworkEvent/"
      eventAdmin = class com.ibm.ws.event.internal.EventEngineImpl@27665755
      serialVersionUID = -1092610607214715909
      $$$tc$$$ = class com.ibm.websphere.ras.TraceComponent@54e89ca0
    bundleEventAdapter = class com.ibm.ws.event.internal.adapter.BundleEventAdapter@49cc49d7
      BUNDLE_EVENT_TOPIC_PREFIX = "org/osgi/framework/BundleEvent/"
      eventAdmin = class com.ibm.ws.event.internal.EventEngineImpl@27665755
      serialVersionUID = -818773777250172927
      $$$tc$$$ = class com.ibm.websphere.ras.TraceComponent@37d19b7e
    serviceEventAdapter = class com.ibm.ws.event.internal.adapter.ServiceEventAdapter@13984531
      SERVICE_EVENT_TOPIC_PREFIX = "org/osgi/framework/ServiceEvent/"
      eventAdmin = class com.ibm.ws.event.internal.EventEngineImpl@27665755
      serialVersionUID = 408387796793790680
      $$$tc$$$ = class com.ibm.websphere.ras.TraceComponent@32430028
    executorServiceFactory = class com.ibm.ws.event.internal.WorkStageExecutorServiceFactory@f7a53d4
      executorService = class com.ibm.ws.threading.internal.ExecutorServiceImpl@4dbb6784
      serialVersionUID = -89348135483836177
      $$$tc$$$ = class com.ibm.websphere.ras.TraceComponent@41171e46
    defaultReentrancy = true
    skipSchedule = false
    serialVersionUID = -3714378010555321089
  digraph = class org.eclipse.equinox.internal.region.StandardRegionDigraph@31f7937a
    EMPTY_EDGE_SET = class java.util.Collections$UnmodifiableSet@3289f972
      serialVersionUID = -9215047833775013803
      serialVersionUID = 1820017752578914078
      c = class java.util.HashSet@5a11913c
    monitor = class java.lang.Object@3f69a148
    regions = class java.util.HashMap@4f28150
      serialVersionUID = 362498820763181265
      DEFAULT_INITIAL_CAPACITY = 16
      MAXIMUM_CAPACITY = 1073741824
      DEFAULT_LOAD_FACTOR = 0.75
      TREEIFY_THRESHOLD = 8
      UNTREEIFY_THRESHOLD = 6
      MIN_TREEIFY_CAPACITY = 64
      table = class java.util.HashMap$Node[16]
      entrySet = class java.util.HashMap$EntrySet@53b5c1ea
      size = 11
      modCount = 23
      threshold = 12
      loadFactor = 0.75
      keySet = null
      values = class java.util.HashMap$Values@69bcfecb
    bundleIdToRegionMapping = class org.eclipse.equinox.internal.region.StandardBundleIdToRegionMapping@423c730f
      monitor = class java.lang.Object@37d6ffd5
      bundleToRegion = class java.util.HashMap@1657a0ea
    edges = class java.util.HashMap@3f035053
      serialVersionUID = 362498820763181265
      DEFAULT_INITIAL_CAPACITY = 16
      MAXIMUM_CAPACITY = 1073741824
      DEFAULT_LOAD_FACTOR = 0.75
      TREEIFY_THRESHOLD = 8
      UNTREEIFY_THRESHOLD = 6
      MIN_TREEIFY_CAPACITY = 64
      table = class java.util.HashMap$Node[16]
      entrySet = class java.util.HashMap$EntrySet@56bcdc5b
      size = 11
      modCount = 23
      threshold = 12
      loadFactor = 0.75
      keySet = null
      values = null
    bundleContext = class org.eclipse.osgi.internal.framework.BundleContextImpl@64f6106c
    threadLocal = class java.lang.ThreadLocal@4d12d51a
      threadLocalHashCode = 957401312
      nextHashCode = class java.util.concurrent.atomic.AtomicInteger@722a153e
      HASH_INCREMENT = 1640531527
    subgraphTraverser = class org.eclipse.equinox.internal.region.SubgraphTraverser@5d7a25e9
    bundleCollisionHook = class org.eclipse.equinox.internal.region.hook.RegionBundleCollisionHook@7c7f9142
      regionDigraph = class org.eclipse.equinox.internal.region.StandardRegionDigraph@31f7937a
      threadLocal = class java.lang.ThreadLocal@4d12d51a
    bundleEventHook = class org.eclipse.equinox.internal.region.hook.RegionBundleEventHook@59dbd756
      regionDigraph = class org.eclipse.equinox.internal.region.StandardRegionDigraph@31f7937a
      threadLocal = class java.lang.ThreadLocal@4d12d51a
      hookImplID = 0
    bundleFindHook = class org.eclipse.equinox.internal.region.hook.RegionBundleFindHook@2ba6372
      regionDigraph = class org.eclipse.equinox.internal.region.StandardRegionDigraph@31f7937a
      hookImplID = 0
    serviceEventHook = class org.eclipse.equinox.internal.region.hook.RegionServiceEventHook@ee34ba1
      regionDigraph = class org.eclipse.equinox.internal.region.StandardRegionDigraph@31f7937a
    serviceFindHook = class org.eclipse.equinox.internal.region.hook.RegionServiceFindHook@e962ebe
      regionDigraph = class org.eclipse.equinox.internal.region.StandardRegionDigraph@31f7937a
    resolverHookFactory = class org.eclipse.equinox.internal.region.hook.RegionResolverHookFactory@970295d
      regionDigraph = class org.eclipse.equinox.internal.region.StandardRegionDigraph@31f7937a
    origin = null
    originUpdateCount = -1
    updateCount = class java.util.concurrent.atomic.AtomicLong@58806af2
      serialVersionUID = 1927816293512124184
      unsafe = class sun.misc.Unsafe@29d60b79
      valueOffset = 16
      VM_SUPPORTS_LONG_CAS = true
      value = 236
      serialVersionUID = -8742448824652078965
    defaultRegion = null
  iAmUpdater = class java.util.concurrent.locks.ReentrantLock@4d321260
    serialVersionUID = 7373984872572414699
    sync = class java.util.concurrent.locks.ReentrantLock$NonfairSync@44483de8
      serialVersionUID = 7316153563782823691
      serialVersionUID = -5179523762034025860
      serialVersionUID = 7373984972572414691
      head = null
      tail = null
      state = 1
      spinForTimeoutThreshold = 1000
      unsafe = class sun.misc.Unsafe@29d60b79
      stateOffset = 16
      headOffset = 20
      tailOffset = 24
      waitStatusOffset = 12
      nextOffset = 20
      serialVersionUID = 3737899427754241961
      exclusiveOwnerThread = class java.lang.Thread@17a27bda
  fwStartLevel = class org.eclipse.osgi.container.ModuleContainer$ContainerStartLevel@7e3b9a50
    USE_BEGINNING_START_LEVEL = -2147483648
    FRAMEWORK_STARTLEVEL = 1
    MODULE_STARTLEVEL = 2
    activeStartLevel = class java.util.concurrent.atomic.AtomicInteger@304e05a2
      serialVersionUID = 6214790243416807050
      unsafe = class sun.misc.Unsafe@29d60b79
      valueOffset = 12
      value = 18
      serialVersionUID = -8742448824652078965
    eventManagerLock = class java.lang.Object@5415a2fa
    startLevelThread = class org.eclipse.osgi.framework.eventmgr.EventManager@46146201
      DEBUG = false
      thread = class org.eclipse.osgi.framework.eventmgr.EventManager$EventThread@1042dccc
      closed = false
      threadName = "Start Level: Equinox Container: 9f9c580f-86d2-4c96-9da7-30959600f740"
      threadGroup = null
    frameworkStartLevelLock = class java.lang.Object@39bd3056
    debugStartLevel = false
    this$0 = class org.eclipse.osgi.container.ModuleContainer@471828fc
      secureAction = class org.eclipse.osgi.framework.util.SecureAction@59948a92
      locationLocks = class org.eclipse.osgi.internal.container.LockSet@298db67b
      nameLocks = class org.eclipse.osgi.internal.container.LockSet@7d6f46c
      frameworkWiring = class org.eclipse.osgi.container.ModuleContainer$ContainerWiring@119a3468
      frameworkStartLevel = class org.eclipse.osgi.container.ModuleContainer$ContainerStartLevel@7e3b9a50
      moduleDatabase = class org.eclipse.osgi.container.ModuleDatabase@65e8f1e0
      adaptor = class org.eclipse.osgi.internal.framework.EquinoxContainerAdaptor@185527d5
      moduleResolver = class org.eclipse.osgi.container.ModuleResolver@5caf74ca
      refreshingSystemModule = class java.util.concurrent.atomic.AtomicReference@6c6a8ea7
      moduleLockTimeout = 5
      autoStartOnResolve = false
      restrictParallelStart = true
      DEBUG_MONITOR_LAZY = false
      DEBUG_BUNDLE_START_TIME = false
      _resolutionLock = class org.eclipse.osgi.container.ModuleContainer$ResolutionLock@4e2f153b
      _bundleStateLock = class java.util.concurrent.locks.ReentrantLock@7ff5f8a4
  initialProvisioningLatch = class com.ibm.ws.kernel.feature.internal.InitialProvisioningListener@6bf2a63d
    initialProvisioningLatch = class java.util.concurrent.CountDownLatch@7e6d0b14
      sync = class java.util.concurrent.CountDownLatch$Sync@67dd0cd1
    serialVersionUID = -2962729704741126098
    $$$tc$$$ = class com.ibm.websphere.ras.TraceComponent@2cade647
      strings[0] = "TraceComponent[com.ibm.ws.kernel.feature.internal.InitialProvisioningListener,class com.ibm.ws.kernel.feature.internal.InitialProvisioningListener,[featureManager],com.ibm.ws.kernel.feature.internal.resources.ProvisionerMessages,null]"
  featureUpdateNumber = class java.util.concurrent.atomic.AtomicLong@6613947a
    serialVersionUID = 1927816293512124184
    unsafe = class sun.misc.Unsafe@29d60b79
    valueOffset = 16
    VM_SUPPORTS_LONG_CAS = true
    value = 1
    serialVersionUID = -8742448824652078965
  onError = class com.ibm.wsspi.kernel.service.utils.OnErrorUtil$OnError@3bef2bca
    IGNORE = class com.ibm.wsspi.kernel.service.utils.OnErrorUtil$OnError@4dff45ee
      IGNORE = class com.ibm.wsspi.kernel.service.utils.OnErrorUtil$OnError@4dff45ee
      WARN = class com.ibm.wsspi.kernel.service.utils.OnErrorUtil$OnError@3bef2bca
      FAIL = class com.ibm.wsspi.kernel.service.utils.OnErrorUtil$OnError@2c037d6
      $VALUES = class com.ibm.wsspi.kernel.service.utils.OnErrorUtil$OnError[3]
      name = "IGNORE"
      ordinal = 0
    WARN = class com.ibm.wsspi.kernel.service.utils.OnErrorUtil$OnError@3bef2bca
    FAIL = class com.ibm.wsspi.kernel.service.utils.OnErrorUtil$OnError@2c037d6
      IGNORE = class com.ibm.wsspi.kernel.service.utils.OnErrorUtil$OnError@4dff45ee
      WARN = class com.ibm.wsspi.kernel.service.utils.OnErrorUtil$OnError@3bef2bca
      FAIL = class com.ibm.wsspi.kernel.service.utils.OnErrorUtil$OnError@2c037d6
      $VALUES = class com.ibm.wsspi.kernel.service.utils.OnErrorUtil$OnError[3]
      name = "FAIL"
      ordinal = 2
    $VALUES = class com.ibm.wsspi.kernel.service.utils.OnErrorUtil$OnError[3]
      OnError[0] = class com.ibm.wsspi.kernel.service.utils.OnErrorUtil$OnError@4dff45ee
      OnError[1] = class com.ibm.wsspi.kernel.service.utils.OnErrorUtil$OnError@3bef2bca
      OnError[2] = class com.ibm.wsspi.kernel.service.utils.OnErrorUtil$OnError@2c037d6
    name = "WARN"
    ordinal = 1
  featureRepository = class com.ibm.ws.kernel.feature.internal.subsystem.FeatureRepository@1924dffd
    tc = class com.ibm.websphere.ras.TraceComponent@9a28ab3
      strings[0] = "TraceComponent[com.ibm.ws.kernel.feature.internal.subsystem.FeatureRepository,class com.ibm.ws.kernel.feature.internal.subsystem.FeatureRepository,[featureManager],com.ibm.ws.kernel.feature.internal.resources.ProvisionerMessages,null]"
    FEATURE_CACHE_VERSION = 1
    EMPTY = ""
    isDirty = false
    cacheOk = true
    cacheRes = class com.ibm.ws.kernel.service.location.internal.LocalFileResource@371e02d2
      strings[0] = "LocalFileResource[FILE;@-1650053830;${server.config.dir}/workarea/platform/feature.cache;/c/Users/ernmarti/Downloads/wlp-webProfile8-20.0.0.4/wlp/usr/servers/defaultServer/workarea/platform/feature.cache]"
    bundleContext = class org.eclipse.osgi.internal.framework.BundleContextImpl@5cd5aa6e
    installedFeatures = class java.util.Collections$UnmodifiableSet@468b2457
      serialVersionUID = -9215047833775013803
      serialVersionUID = 1820017752578914078
      c = class java.util.HashSet@22e18284
    configuredFeatures = class java.util.Collections$UnmodifiableSet@4c01258
      serialVersionUID = -9215047833775013803
      serialVersionUID = 1820017752578914078
      c = class java.util.HashSet@1249b78f
    configurationError = true
    cachedFeatures = class java.util.HashMap@75ebd58f
      serialVersionUID = 362498820763181265
      DEFAULT_INITIAL_CAPACITY = 16
      MAXIMUM_CAPACITY = 1073741824
      DEFAULT_LOAD_FACTOR = 0.75
      TREEIFY_THRESHOLD = 8
      UNTREEIFY_THRESHOLD = 6
      MIN_TREEIFY_CAPACITY = 64
      table = class java.util.HashMap$Node[512]
      entrySet = null
      size = 296
      modCount = 296
      threshold = 384
      loadFactor = 0.75
      keySet = null
      values = class java.util.HashMap$Values@3a83618e
    publicFeatureNameToSymbolicName = class java.util.HashMap@32a45172
      serialVersionUID = 362498820763181265
      DEFAULT_INITIAL_CAPACITY = 16
      MAXIMUM_CAPACITY = 1073741824
      DEFAULT_LOAD_FACTOR = 0.75
      TREEIFY_THRESHOLD = 8
      UNTREEIFY_THRESHOLD = 6
      MIN_TREEIFY_CAPACITY = 64
      table = class java.util.HashMap$Node[256]
      entrySet = null
      size = 174
      modCount = 174
      threshold = 192
      loadFactor = 0.75
      keySet = null
      values = null
    featureServiceFactories = class java.util.concurrent.ConcurrentHashMap@2d1272ed
      serialVersionUID = 7249069246763182397
      MAXIMUM_CAPACITY = 1073741824
      DEFAULT_CAPACITY = 16
      MAX_ARRAY_SIZE = 2147483639
      DEFAULT_CONCURRENCY_LEVEL = 16
      LOAD_FACTOR = 0.75
      TREEIFY_THRESHOLD = 8
      UNTREEIFY_THRESHOLD = 6
      MIN_TREEIFY_CAPACITY = 64
      MIN_TRANSFER_STRIDE = 16
      RESIZE_STAMP_BITS = 16
      MAX_RESIZERS = 65535
      RESIZE_STAMP_SHIFT = 16
      MOVED = -1
      TREEBIN = -2
      RESERVED = -3
      HASH_BITS = 2147483647
      NCPU = 4
      serialPersistentFields = class java.io.ObjectStreamField[3]
      table = class java.util.concurrent.ConcurrentHashMap$Node[32]
      nextTable = null
      baseCount = 14
      sizeCtl = 24
      transferIndex = 0
      cellsBusy = 0
      counterCells = null
      keySet = class java.util.concurrent.ConcurrentHashMap$KeySetView@3a50889c
      values = null
      entrySet = null
      U = class sun.misc.Unsafe@29d60b79
      SIZECTL = 20
      TRANSFERINDEX = 32
      BASECOUNT = 24
      CELLSBUSY = 36
      CELLVALUE = 144
      ABASE = 16
      ASHIFT = 2
      keySet = null
      values = null
    autoFeatures = null
    knownFeatures = null
    knownBadFeatures = null
    TOLERATE_PREFIX = "tolerates."
    FEATURE_SERVICE_NAME = "ibm.featureName"
    FEATURE_SERVICE_SYMBOLIC_NAME = "osgi.symbolicName"
    FEATURE_SERVICE_VERSION = "osgi.version"
    FEATURE_SERVICE_CATEGORY = "osgi.category"
    serialVersionUID = 8663240645197960611
  bundleCache = class com.ibm.ws.kernel.feature.internal.BundleList@679951aa
    CACHE_WRITE_TIME = "Cache-WriteTime"
    tc = class com.ibm.websphere.ras.TraceComponent@4528ac47
      strings[0] = "TraceComponent[com.ibm.ws.kernel.feature.internal.BundleList,class com.ibm.ws.kernel.feature.internal.BundleList,[featureManager],com.ibm.ws.kernel.feature.internal.resources.ProvisionerMessages,null]"
    cacheFile = class com.ibm.ws.kernel.service.location.internal.LocalFileResource@6eeb3495
      strings[0] = "LocalFileResource[FILE;@-1745348291;${server.config.dir}/workarea/platform/feature.bundles.cache;/c/Users/ernmarti/Downloads/wlp-webProfile8-20.0.0.4/wlp/usr/servers/defaultServer/workarea/platform/feature.bundles.cache]"
    stale = class java.util.concurrent.atomic.AtomicBoolean@3f0b45b4
      serialVersionUID = 4654671469794556979
      unsafe = class sun.misc.Unsafe@29d60b79
      valueOffset = 12
      value = 0
    resources = class java.util.ArrayList@62325572
      serialVersionUID = 8683452581122892189
      DEFAULT_CAPACITY = 10
      EMPTY_ELEMENTDATA = class java.lang.Object[0]
      DEFAULTCAPACITY_EMPTY_ELEMENTDATA = class java.lang.Object[0]
      elementData = class java.lang.Object[163]
      size = 0
      MAX_ARRAY_SIZE = 2147483639
      modCount = 125
      MAX_ARRAY_SIZE = 2147483639
    writeTime = 1588368942542
    javaSpecVersion = null
    featureManager = class com.ibm.ws.kernel.feature.internal.FeatureManager@1a071b1a
    serialVersionUID = -3878131719277879131
  provisioningMode = class com.ibm.ws.kernel.feature.internal.FeatureManager$ProvisioningMode@1dd3a967
    CONTENT_REQUEST = class com.ibm.ws.kernel.feature.internal.FeatureManager$ProvisioningMode@2a7a18a
      CONTENT_REQUEST = class com.ibm.ws.kernel.feature.internal.FeatureManager$ProvisioningMode@2a7a18a
      FEATURES_REQUEST = class com.ibm.ws.kernel.feature.internal.FeatureManager$ProvisioningMode@67e4628f
      INITIAL_PROVISIONING = class com.ibm.ws.kernel.feature.internal.FeatureManager$ProvisioningMode@691534ca
      UPDATE = class com.ibm.ws.kernel.feature.internal.FeatureManager$ProvisioningMode@1dd3a967
      REFRESH = class com.ibm.ws.kernel.feature.internal.FeatureManager$ProvisioningMode@170d32c4
      $VALUES = class com.ibm.ws.kernel.feature.internal.FeatureManager$ProvisioningMode[5]
      name = "CONTENT_REQUEST"
      ordinal = 0
    FEATURES_REQUEST = class com.ibm.ws.kernel.feature.internal.FeatureManager$ProvisioningMode@67e4628f
      CONTENT_REQUEST = class com.ibm.ws.kernel.feature.internal.FeatureManager$ProvisioningMode@2a7a18a
      FEATURES_REQUEST = class com.ibm.ws.kernel.feature.internal.FeatureManager$ProvisioningMode@67e4628f
      INITIAL_PROVISIONING = class com.ibm.ws.kernel.feature.internal.FeatureManager$ProvisioningMode@691534ca
      UPDATE = class com.ibm.ws.kernel.feature.internal.FeatureManager$ProvisioningMode@1dd3a967
      REFRESH = class com.ibm.ws.kernel.feature.internal.FeatureManager$ProvisioningMode@170d32c4
      $VALUES = class com.ibm.ws.kernel.feature.internal.FeatureManager$ProvisioningMode[5]
      name = "FEATURES_REQUEST"
      ordinal = 1
    INITIAL_PROVISIONING = class com.ibm.ws.kernel.feature.internal.FeatureManager$ProvisioningMode@691534ca
    UPDATE = class com.ibm.ws.kernel.feature.internal.FeatureManager$ProvisioningMode@1dd3a967
    REFRESH = class com.ibm.ws.kernel.feature.internal.FeatureManager$ProvisioningMode@170d32c4
      CONTENT_REQUEST = class com.ibm.ws.kernel.feature.internal.FeatureManager$ProvisioningMode@2a7a18a
      FEATURES_REQUEST = class com.ibm.ws.kernel.feature.internal.FeatureManager$ProvisioningMode@67e4628f
      INITIAL_PROVISIONING = class com.ibm.ws.kernel.feature.internal.FeatureManager$ProvisioningMode@691534ca
      UPDATE = class com.ibm.ws.kernel.feature.internal.FeatureManager$ProvisioningMode@1dd3a967
      REFRESH = class com.ibm.ws.kernel.feature.internal.FeatureManager$ProvisioningMode@170d32c4
      $VALUES = class com.ibm.ws.kernel.feature.internal.FeatureManager$ProvisioningMode[5]
      name = "REFRESH"
      ordinal = 4
    $VALUES = class com.ibm.ws.kernel.feature.internal.FeatureManager$ProvisioningMode[5]
      ProvisioningMode[0] = class com.ibm.ws.kernel.feature.internal.FeatureManager$ProvisioningMode@2a7a18a
      ProvisioningMode[1] = class com.ibm.ws.kernel.feature.internal.FeatureManager$ProvisioningMode@67e4628f
      ProvisioningMode[2] = class com.ibm.ws.kernel.feature.internal.FeatureManager$ProvisioningMode@691534ca
      ProvisioningMode[3] = class com.ibm.ws.kernel.feature.internal.FeatureManager$ProvisioningMode@1dd3a967
      ProvisioningMode[4] = class com.ibm.ws.kernel.feature.internal.FeatureManager$ProvisioningMode@170d32c4
    name = "UPDATE"
    ordinal = 3
  kernelFeaturesHolder = class com.ibm.ws.kernel.feature.internal.FeatureManager$KernelFeaturesHolder@5f20706c
    kernelFeatures = class java.util.ArrayList@2ce3db25
      serialVersionUID = 8683452581122892189
      DEFAULT_CAPACITY = 10
      EMPTY_ELEMENTDATA = class java.lang.Object[0]
      DEFAULTCAPACITY_EMPTY_ELEMENTDATA = class java.lang.Object[0]
      elementData = class java.lang.Object[10]
      size = 2
      MAX_ARRAY_SIZE = 2147483639
      modCount = 2
      MAX_ARRAY_SIZE = 2147483639
    featureManager = class com.ibm.ws.kernel.feature.internal.FeatureManager@1a071b1a
    initialMode = class com.ibm.ws.kernel.feature.internal.FeatureManager$ProvisioningMode@691534ca
      CONTENT_REQUEST = class com.ibm.ws.kernel.feature.internal.FeatureManager$ProvisioningMode@2a7a18a
      FEATURES_REQUEST = class com.ibm.ws.kernel.feature.internal.FeatureManager$ProvisioningMode@67e4628f
      INITIAL_PROVISIONING = class com.ibm.ws.kernel.feature.internal.FeatureManager$ProvisioningMode@691534ca
      UPDATE = class com.ibm.ws.kernel.feature.internal.FeatureManager$ProvisioningMode@1dd3a967
      REFRESH = class com.ibm.ws.kernel.feature.internal.FeatureManager$ProvisioningMode@170d32c4
      $VALUES = class com.ibm.ws.kernel.feature.internal.FeatureManager$ProvisioningMode[5]
      name = "INITIAL_PROVISIONING"
      ordinal = 2
    serialVersionUID = -262786423820304061
    $$$tc$$$ = class com.ibm.websphere.ras.TraceComponent@233bd524
      strings[0] = "TraceComponent[com.ibm.ws.kernel.feature.internal.FeatureManager$KernelFeaturesHolder,class com.ibm.ws.kernel.feature.internal.FeatureManager$KernelFeaturesHolder,[featureManager],com.ibm.ws.kernel.feature.internal.resources.ProvisionerMessages,null]"
  packageInspector = class com.ibm.ws.kernel.feature.internal.PackageInspectorImpl@60c48742
    tc = class com.ibm.websphere.ras.TraceComponent@93aaba1
      strings[0] = "TraceComponent[com.ibm.ws.kernel.feature.internal.PackageInspectorImpl,class com.ibm.ws.kernel.feature.internal.PackageInspectorImpl,[featureManager],com.ibm.ws.kernel.feature.internal.resources.ProvisionerMessages,null]"
    registration = class org.eclipse.osgi.internal.serviceregistry.ServiceRegistrationImpl@18043b63
      registry = class org.eclipse.osgi.internal.serviceregistry.ServiceRegistry@2ecc71d8
      context = class org.eclipse.osgi.internal.framework.BundleContextImpl@5cd5aa6e
      bundle = class org.eclipse.osgi.internal.framework.EquinoxBundle@287a477c
      clazzes = class java.lang.String[2]
      service = class com.ibm.ws.kernel.feature.internal.PackageInspectorImpl@60c48742
      reference = class org.eclipse.osgi.internal.serviceregistry.ServiceReferenceImpl@2ac99474
      contextsUsing = class java.util.ArrayList@25a6d15e
      properties = class java.util.Collections$UnmodifiableMap@68293683
      serviceid = 110
      serviceranking = 0
      registrationLock = class java.lang.Object@5ba133a2
      state = 0
      REGISTERED = 0
      UNREGISTERING = 1
      UNREGISTERED = 2
      FRAMEWORK_SET_SERVICE_PROPERTIES_COUNT = 4
      $assertionsDisabled = true
    packageIndex = class com.ibm.ws.kernel.feature.internal.PackageInspectorImpl$ProductPackages@740b49cd
      
	org.xml.sax.helpers = "[API_Spec]|[]
	org.xml.sax.ext = [API_Spec]|[]
	org.xml.sax = [API_Spec]|[]
	org.w3c.dom.xpath = [API_Spec]|[]
	org.w3c.dom.views = [API_Spec]|[]
	org.w3c.dom.traversal = [API_Spec]|[]
	org.w3c.dom.stylesheets = [API_Spec]|[]
	org.w3c.dom.ranges = [API_Spec]|[]
	org.w3c.dom.ls = [API_Spec]|[]
	org.w3c.dom.html = [API_Spec]|[]
	org.w3c.dom.events = [API_Spec]|[]
	org.w3c.dom.css = [API_Spec]|[]
	org.w3c.dom.bootstrap = [API_Spec]|[]
	org.w3c.dom = [API_Spec]|[]
	org.osgi.util.tracker = [SPI_Spec]|[]
	org.osgi.service.url = [SPI_Spec]|[]
	org.osgi.service.startlevel = [SPI_Spec]|[]
	org.osgi.service.resolver = [SPI_Spec]|[]
	org.osgi.service.permissionadmin = [SPI_Spec]|[]
	org.osgi.service.packageadmin = [SPI_Spec]|[]
	org.osgi.service.metatype = [SPI_Spec]|[]
	org.osgi.service.log.admin = [SPI_Spec]|[]
	org.osgi.service.log = [SPI_Spec]|[]
	org.osgi.service.event = [SPI_Spec]|[]
	org.osgi.service.coordinator = [SPI_Spec]|[]
	org.osgi.service.condpermadmin = [SPI_Spec]|[]
	org.osgi.service.component = [SPI_Spec]|[]
	org.osgi.service.cm = [SPI_Spec]|[]
	org.osgi.resource.dto = [SPI, SPI_Spec]|[]
	org.osgi.resource = [SPI, SPI_Spec]|[]
	org.osgi.framework.wiring.dto = [SPI_Spec]|[]
	org.osgi.framework.wiring = [SPI_Spec]|[]
	org.osgi.framework.startlevel.dto = [SPI_Spec]|[]
	org.osgi.framework.startlevel = [SPI_Spec]|[]
	org.osgi.framework.namespace = [SPI_Spec]|[]
	org.osgi.framework.launch = [SPI_Spec]|[]
	org.osgi.framework.hooks.weaving = [SPI_Spec]|[]
	org.osgi.framework.hooks.service = [SPI_Spec]|[]
	org.osgi.framework.hooks.resolver = [SPI_Spec]|[]
	org.osgi.framework.hooks.bundle = [SPI_Spec]|[]
	org.osgi.framework.dto = [SPI_Spec]|[]
	org.osgi.framework = [SPI_Spec]|[]
	org.osgi.dto = [SPI_Spec]|[]
	org.omg.stub.javax.management.remote.rmi = [API_Spec]|[]
	org.omg.SendingContext = [API_Spec]|[]
	org.omg.PortableServer.portable = [API_Spec]|[]
	org.omg.PortableServer.ServantLocatorPackage = [API_Spec]|[]
	org.omg.PortableServer.POAPackage = [API_Spec]|[]
	org.omg.PortableServer.POAManagerPackage = [API_Spec]|[]
	org.omg.PortableServer.CurrentPackage = [API_Spec]|[]
	org.omg.PortableServer = [API_Spec]|[]
	org.omg.PortableInterceptor.ORBInitInfoPackage = [API_Spec]|[]
	org.omg.PortableInterceptor = [API_Spec]|[]
	org.omg.Messaging = [API_Spec]|[]
	org.omg.IOP.CodecPackage = [API_Spec]|[]
	org.omg.IOP.CodecFactoryPackage = [API_Spec]|[]
	org.omg.IOP = [API_Spec]|[]
	org.omg.DynamicAny.DynAnyPackage = [API_Spec]|[]
	org.omg.DynamicAny.DynAnyFactoryPackage = [API_Spec]|[]
	org.omg.DynamicAny = [API_Spec]|[]
	org.omg.Dynamic = [API_Spec]|[]
	org.omg.CosNaming.NamingContextPackage = [API_Spec]|[]
	org.omg.CosNaming.NamingContextExtPackage = [API_Spec]|[]
	org.omg.CosNaming = [API_Spec]|[]
	org.omg.CORBA_2_3.portable = [API_Spec]|[]
	org.omg.CORBA_2_3 = [API_Spec]|[]
	org.omg.CORBA.portable = [API_Spec]|[]
	org.omg.CORBA.TypeCodePackage = [API_Spec]|[]
	org.omg.CORBA.ORBPackage = [API_Spec]|[]
	org.omg.CORBA = [API_Spec]|[]
	org.ietf.jgss = [API_Spec]|[]
	org.eclipse.osgi.util = [SPI_ThirdParty]|[]
	org.eclipse.osgi.storagemanager = [SPI_ThirdParty]|[]
	org.eclipse.osgi.signedcontent = [SPI_ThirdParty]|[]
	org.eclipse.osgi.service.urlconversion = [SPI_ThirdParty]|[]
	org.eclipse.osgi.service.security = [SPI_ThirdParty]|[]
	org.eclipse.osgi.service.runnable = [SPI_ThirdParty]|[]
	org.eclipse.osgi.service.resolver = [SPI_ThirdParty]|[]
	org.eclipse.osgi.service.localization = [SPI_ThirdParty]|[]
	org.eclipse.osgi.service.environment = [SPI_ThirdParty]|[]
	org.eclipse.osgi.service.debug = [SPI_ThirdParty]|[]
	org.eclipse.osgi.service.datalocation = [SPI_ThirdParty]|[]
	org.eclipse.osgi.framework.log = [SPI_ThirdParty]|[]
	org.eclipse.osgi.framework.eventmgr = [SPI_ThirdParty]|[]
	org.eclipse.osgi.framework.console = [SPI_ThirdParty]|[]
	org.eclipse.equinox.log = [SPI_ThirdParty]|[]
	org.apache.taglibs.standard.tag.rt.xml = [API_Internal]|[]
	org.apache.taglibs.standard.tag.rt.sql = [API_Internal]|[]
	org.apache.taglibs.standard.tag.rt.fmt = [API_Internal]|[]
	org.apache.taglibs.standard.tag.rt.core = [API_Internal]|[]
	org.apache.taglibs.standard.tag.el.xml = [API_Internal]|[]
	org.apache.taglibs.standard.tag.el.sql = [API_Internal]|[]
	org.apache.taglibs.standard.tag.el.fmt = [API_Internal]|[]
	org.apache.taglibs.standard.tag.el.core = [API_Internal]|[]
	org.apache.taglibs.standard.tag.common.xml = [API_Internal]|[]
	org.apache.taglibs.standard.tag.common.sql = [API_Internal]|[]
	org.apache.taglibs.standard.tag.common.fmt = [API_Internal]|[]
	org.apache.taglibs.standard.tag.common.core = [API_Internal]|[]
	org.apache.taglibs.standard.functions = [API_Internal]|[]
	org.apache.taglibs.standard = [API_Internal]|[]
	org.apache.jasper.el = [API_Internal]|[]
	org.apache.el.util = [API_Internal]|[]
	org.apache.el.stream = [API_Internal]|[]
	org.apache.el.lang = [API_Internal]|[]
	org.apache.el = [API_Internal]|[]
	javax.xml.xpath = [API_Spec]|[]
	javax.xml.ws.wsaddressing = [API_Spec]|[]
	javax.xml.ws.spi.http = [API_Spec]|[]
	javax.xml.ws.spi = [API_Spec]|[]
	javax.xml.ws.soap = [API_Spec]|[]
	javax.xml.ws.http = [API_Spec]|[]
	javax.xml.ws.handler.soap = [API_Spec]|[]
	javax.xml.ws.handler = [API_Spec]|[]
	javax.xml.ws = [API_Spec]|[]
	javax.xml.validation = [API_Spec]|[]
	javax.xml.transform.stream = [API_Spec]|[]
	javax.xml.transform.stax = [API_Spec]|[]
	javax.xml.transform.sax = [API_Spec]|[]
	javax.xml.transform.dom = [API_Spec]|[]
	javax.xml.transform = [API_Spec]|[]
	javax.xml.stream.util = [API_Spec]|[]
	javax.xml.stream.events = [API_Spec]|[]
	javax.xml.stream = [API_Spec]|[]
	javax.xml.soap = [API_Spec]|[]
	javax.xml.parsers = [API_Spec]|[]
	javax.xml.namespace = [API_Spec]|[]
	javax.xml.datatype = [API_Spec]|[]
	javax.xml.crypto.dsig.spec = [API_Spec]|[]
	javax.xml.crypto.dsig.keyinfo = [API_Spec]|[]
	javax.xml.crypto.dsig.dom = [API_Spec]|[]
	javax.xml.crypto.dsig = [API_Spec]|[]
	javax.xml.crypto.dom = [API_Spec]|[]
	javax.xml.crypto = [API_Spec]|[]
	javax.xml.bind.util = [API_Spec]|[]
	javax.xml.bind.helpers = [API_Spec]|[]
	javax.xml.bind.attachment = [API_Spec]|[]
	javax.xml.bind.annotation.adapters = [API_Spec]|[]
	javax.xml.bind.annotation = [API_Spec]|[]
	javax.xml.bind = [API_Spec]|[]
	javax.xml = [API_Spec]|[]
	javax.transaction.xa = [API_Spec]|[]
	javax.transaction = [API_Spec]|[]
	javax.tools = [API_Spec]|[]
	javax.swing.undo = [API_Spec]|[]
	javax.swing.tree = [API_Spec]|[]
	javax.swing.text.rtf = [API_Spec]|[]
	javax.swing.text.html.parser = [API_Spec]|[]
	javax.swing.text.html = [API_Spec]|[]
	javax.swing.text = [API_Spec]|[]
	javax.swing.table = [API_Spec]|[]
	javax.swing.plaf.synth = [API_Spec]|[]
	javax.swing.plaf.nimbus = [API_Spec]|[]
	javax.swing.plaf.multi = [API_Spec]|[]
	javax.swing.plaf.metal = [API_Spec]|[]
	javax.swing.plaf.basic = [API_Spec]|[]
	javax.swing.plaf = [API_Spec]|[]
	javax.swing.filechooser = [API_Spec]|[]
	javax.swing.event = [API_Spec]|[]
	javax.swing.colorchooser = [API_Spec]|[]
	javax.swing.border = [API_Spec]|[]
	javax.swing = [API_Spec]|[]
	javax.sql.rowset.spi = [API_Spec]|[]
	javax.sql.rowset.serial = [API_Spec]|[]
	javax.sql.rowset = [API_Spec]|[]
	javax.sql = [API_Spec]|[]
	javax.sound.sampled.spi = [API_Spec]|[]
	javax.sound.sampled = [API_Spec]|[]
	javax.sound.midi.spi = [API_Spec]|[]
	javax.sound.midi = [API_Spec]|[]
	javax.servlet.resources = [API_Spec]|[]
	javax.servlet.jsp.tagext = [API_Spec]|[]
	javax.servlet.jsp.jstl.tlv = [API_Spec]|[]
	javax.servlet.jsp.jstl.sql = [API_Spec]|[]
	javax.servlet.jsp.jstl.fmt = [API_Spec]|[]
	javax.servlet.jsp.jstl.core = [API_Spec]|[]
	javax.servlet.jsp.el = [API_Spec]|[]
	javax.servlet.jsp = [API_Spec]|[]
	javax.servlet.http = [API_Spec]|[]
	javax.servlet.descriptor = [API_Spec]|[]
	javax.servlet.annotation = [API_Spec]|[]
	javax.servlet = [API_Spec]|[]
	javax.security.sasl = [API_Spec]|[]
	javax.security.cert = [API_Spec]|[]
	javax.security.auth.x500 = [API_Spec]|[]
	javax.security.auth.spi = [API_Spec]|[]
	javax.security.auth.login = [API_Spec]|[]
	javax.security.auth.kerberos = [API_Spec]|[]
	javax.security.auth.callback = [API_Spec]|[]
	javax.security.auth = [API_Spec]|[]
	javax.script = [API_Spec]|[]
	javax.rmi.ssl = [API_Spec]|[]
	javax.rmi.CORBA = [API_Spec]|[]
	javax.rmi = [API_Spec]|[]
	javax.print.event = [API_Spec]|[]
	javax.print.attribute.standard = [API_Spec]|[]
	javax.print.attribute = [API_Spec]|[]
	javax.print = [API_Spec]|[]
	javax.net.ssl = [API_Spec]|[]
	javax.net = [API_Spec]|[]
	javax.naming.spi = [API_Spec]|[]
	javax.naming.ldap = [API_Spec]|[]
	javax.naming.event = [API_Spec]|[]
	javax.naming.directory = [API_Spec]|[]
	javax.naming = [API_Spec]|[]
	javax.management.timer = [API_Spec]|[]
	javax.management.remote.rmi = [API_Spec]|[]
	javax.management.remote = [API_Spec]|[]
	javax.management.relation = [API_Spec]|[]
	javax.management.openmbean = [API_Spec]|[]
	javax.management.monitor = [API_Spec]|[]
	javax.management.modelmbean = [API_Spec]|[]
	javax.management.loading = [API_Spec]|[]
	javax.management = [API_Spec]|[]
	javax.lang.model.util = [API_Spec]|[]
	javax.lang.model.type = [API_Spec]|[]
	javax.lang.model.element = [API_Spec]|[]
	javax.lang.model = [API_Spec]|[]
	javax.jws.soap = [API_Spec]|[]
	javax.jws = [API_Spec]|[]
	javax.imageio.stream = [API_Spec]|[]
	javax.imageio.spi = [API_Spec]|[]
	javax.imageio.plugins.jpeg = [API_Spec]|[]
	javax.imageio.plugins.bmp = [API_Spec]|[]
	javax.imageio.metadata = [API_Spec]|[]
	javax.imageio.event = [API_Spec]|[]
	javax.imageio = [API_Spec]|[]
	javax.el = [API_Spec]|[]
	javax.crypto.spec = [API_Spec]|[]
	javax.crypto.interfaces = [API_Spec]|[]
	javax.crypto = [API_Spec]|[]
	javax.annotation.sql = [API_Spec]|[]
	javax.annotation.security = [API_Spec]|[]
	javax.annotation.processing = [API_Spec]|[]
	javax.annotation = [API_Spec]|[]
	javax.activity = [API_Spec]|[]
	javax.activation = [API_Spec]|[]
	javax.accessibility = [API_Spec]|[]
	com.ibm.wsspi.webcontainer.webapp = [SPI]|[]
	com.ibm.wsspi.webcontainer.servlet = [SPI]|[]
	com.ibm.wsspi.webcontainer.osgi.extension = [SPI]|[]
	com.ibm.wsspi.webcontainer.metadata = [SPI]|[]
	com.ibm.wsspi.webcontainer.filter = [SPI]|[]
	com.ibm.wsspi.webcontainer.extension = [SPI]|[]
	com.ibm.wsspi.webcontainer.collaborator = [SPI]|[]
	com.ibm.wsspi.webcontainer.annotation = [API_Internal]|[]
	com.ibm.wsspi.webcontainer = [API_Internal, SPI]|[]
	com.ibm.wsspi.wab.configure = [SPI]|[]
	com.ibm.wsspi.threading = [SPI]|[]
	com.ibm.wsspi.ssl = [SPI]|[]
	com.ibm.wsspi.servlet.session = [API_IBM]|[]
	com.ibm.wsspi.security.wim.model = [SPI]|[]
	com.ibm.wsspi.security.wim.exception = [SPI]|[]
	com.ibm.wsspi.security.wim = [SPI]|[]
	com.ibm.wsspi.security.token = [API_IBM]|[]
	com.ibm.wsspi.security.tai = [API_IBM]|[]
	com.ibm.wsspi.security.registry = [API_IBM]|[]
	com.ibm.wsspi.security.openidconnect = [SPI]|[]
	com.ibm.wsspi.security.oauth20.token = [API_IBM]|[]
	com.ibm.wsspi.security.oauth20 = [SPI]|[]
	com.ibm.wsspi.security.crypto = [SPI]|[]
	com.ibm.wsspi.security.common.auth.module = [API_IBM]|[]
	com.ibm.wsspi.security.auth.callback = [API_IBM]|[]
	com.ibm.wsspi.resource = [SPI]|[]
	com.ibm.wsspi.logging = [SPI]|[]
	com.ibm.wsspi.library = [SPI]|[]
	com.ibm.wsspi.kernel.service.utils = [SPI]|[]
	com.ibm.wsspi.kernel.service.location = [SPI]|[]
	com.ibm.wsspi.kernel.security.thread = [SPI]|[]
	com.ibm.wsspi.kernel.filemonitor = [SPI]|[]
	com.ibm.wsspi.jsp.taglib.config = [SPI]|[]
	com.ibm.wsspi.http.ee8 = [SPI]|[]
	com.ibm.wsspi.http = [SPI]|[]
	com.ibm.wsspi.config = [SPI]|[]
	com.ibm.wsspi.classloading = [SPI]|[]
	com.ibm.wsspi.cache = [API_IBM]|[]
	com.ibm.wsspi.artifact.overlay = [SPI]|[]
	com.ibm.wsspi.artifact.factory.contributor = [SPI]|[]
	com.ibm.wsspi.artifact.factory = [SPI]|[]
	com.ibm.wsspi.artifact.equinox.module = [SPI]|[]
	com.ibm.wsspi.artifact = [SPI]|[]
	com.ibm.wsspi.application.handler = [SPI]|[]
	com.ibm.wsspi.anno.util = [SPI]|[]
	com.ibm.wsspi.anno.targets = [SPI]|[]
	com.ibm.wsspi.anno.service = [SPI]|[]
	com.ibm.wsspi.anno.info = [SPI]|[]
	com.ibm.wsspi.anno.classsource = [SPI]|[]
	com.ibm.wsspi.adaptable.module.adapters = [SPI]|[]
	com.ibm.wsspi.adaptable.module = [SPI]|[]
	com.ibm.ws.webcontainer.spiadapter.collaborator = [SPI]|[]
	com.ibm.ws.webcontainer.extension = [SPI]|[]
	com.ibm.ws.serialization = [SPI]|[]
	com.ibm.ws.logging = [SPI]|[]
	com.ibm.ws.javaee.dd.webext = [SPI]|[]
	com.ibm.ws.javaee.dd.webbnd = [SPI]|[]
	com.ibm.ws.javaee.dd.web.common = [SPI]|[]
	com.ibm.ws.javaee.dd.web = [SPI]|[]
	com.ibm.ws.javaee.dd.jsp = [SPI]|[]
	com.ibm.ws.javaee.dd.commonext = [SPI]|[]
	com.ibm.ws.javaee.dd.commonbnd = [SPI]|[]
	com.ibm.ws.javaee.dd.common = [SPI]|[]
	com.ibm.ws.javaee.dd.appbnd = [SPI]|[]
	com.ibm.ws.ffdc.annotation = [SPI]|[]
	com.ibm.ws.ffdc = [SPI]|[]
	com.ibm.ws.container.service.state = [SPI]|[]
	com.ibm.ws.container.service.security = [SPI]|[]
	com.ibm.ws.container.service.naming = [SPI]|[]
	com.ibm.ws.container.service.config = [SPI]|[]
	com.ibm.ws.container.service.app.deploy = [SPI]|[]
	com.ibm.ws.container.service.annotations = [SPI]|[]
	com.ibm.ws.cache.spi = [API_IBM]|[]
	com.ibm.ws.cache.intf = [API_Internal]|[]
	com.ibm.ws.cache.eca = [API_Internal]|[]
	com.ibm.ws.cache.config = [API_Internal]|[]
	com.ibm.ws.cache = [API_Internal]|[]
	com.ibm.ws.adaptable.module.structure = [SPI]|[]
	com.ibm.websphere.webcontainer.async = [SPI]|[]
	com.ibm.websphere.webcontainer = [API_IBM]|[]
	com.ibm.websphere.ssl = [API_IBM]|[]
	com.ibm.websphere.servlet.session = [API_IBM]|[]
	com.ibm.websphere.servlet.response = [SPI]|[]
	com.ibm.websphere.servlet.request = [SPI]|[]
	com.ibm.websphere.servlet.filter = [SPI]|[]
	com.ibm.websphere.servlet.event = [API_IBM]|[]
	com.ibm.websphere.servlet.error = [API_IBM]|[]
	com.ibm.websphere.servlet.context = [API_IBM]|[]
	com.ibm.websphere.servlet.container = [API_IBM]|[]
	com.ibm.websphere.security.web = [API_IBM]|[]
	com.ibm.websphere.security.openidconnect.token = [API_IBM]|[]
	com.ibm.websphere.security.openidconnect = [API_IBM]|[]
	com.ibm.websphere.security.oauth20.store = [API_IBM]|[]
	com.ibm.websphere.security.oauth20 = [API_IBM]|[]
	com.ibm.websphere.security.cred = [API_IBM]|[]
	com.ibm.websphere.security.auth.callback = [API_IBM]|[]
	com.ibm.websphere.security.auth = [API_IBM]|[]
	com.ibm.websphere.security = [API_IBM]|[]
	com.ibm.websphere.runtime.update = [API_IBM]|[]
	com.ibm.websphere.ras.annotation = [SPI]|[]
	com.ibm.websphere.ras = [SPI]|[]
	com.ibm.websphere.logging.hpel = [API_IBM]|[]
	com.ibm.websphere.logging = [API_IBM]|[]
	com.ibm.websphere.kernel.server = [API_IBM]|[]
	com.ibm.websphere.filemonitor = [API_IBM]|[]
	com.ibm.websphere.exception = [API_IBM]|[]
	com.ibm.websphere.endpoint = [API_IBM]|[]
	com.ibm.websphere.crypto = [SPI]|[]
	com.ibm.websphere.config.mbeans = [API_IBM]|[]
	com.ibm.websphere.cache.exception = [API_IBM]|[]
	com.ibm.websphere.cache = [API_IBM]|[]
	com.ibm.websphere.application = [API_IBM]|[]
	com.ibm.tools.attach = [API_Spec]|[]
	com.ibm.security.jgss = [API_Spec]|[]
	com.ibm.security.auth.module = [API_Spec]|[]
	com.ibm.security.auth.callback = [API_Spec]|[]
	com.ibm.oauth.core.api.oauth20.mediator = [API_IBM]|[]
	com.ibm.oauth.core.api.error.oauth20 = [API_IBM]|[]
	com.ibm.oauth.core.api.error = [API_IBM]|[]
	com.ibm.oauth.core.api.config = [API_IBM]|[]
	com.ibm.oauth.core.api.attributes = [API_IBM]|[]
	com.ibm.json.xml = [API_IBM]|[]
	com.ibm.json.java = [API_IBM]|[]
	---> 360 elements"
    serialVersionUID = 801297879923037238
  shutdownHook = class com.ibm.ws.kernel.feature.internal.ShutdownHookManager@1f6264cd
    shutdownListeners = class java.util.concurrent.CopyOnWriteArraySet@652e7d
      serialVersionUID = 5457747651344034263
      al = class java.util.concurrent.CopyOnWriteArrayList@92fad0b
      MAX_ARRAY_SIZE = 2147483639
    hookSet = class java.util.concurrent.atomic.AtomicBoolean@6504401a
      serialVersionUID = 4654671469794556979
      unsafe = class sun.misc.Unsafe@29d60b79
      valueOffset = 12
      value = 1
    shutdownInvoked = true
    serialVersionUID = 6313948673319050596
    $$$tc$$$ = class com.ibm.websphere.ras.TraceComponent@43d9b8b4
      strings[0] = "TraceComponent[com.ibm.ws.kernel.feature.internal.ShutdownHookManager,class com.ibm.ws.kernel.feature.internal.ShutdownHookManager,[featureManager],com.ibm.ws.kernel.feature.internal.resources.ProvisionerMessages,null]"
    name = "Thread-8"
    priority = 5
    threadQ = null
    eetop = 0
    single_step = false
    daemon = true
    stillborn = false
    target = null
    group = null
    contextClassLoader = class org.eclipse.osgi.internal.framework.ContextFinder@5c46c436
      cycleDetector = class java.lang.ThreadLocal@36426d9e
      finderClassLoader = class com.ibm.ws.kernel.internal.classloader.BootstrapChildFirstJarClassloader@7c3df479
      contextFinder = class org.eclipse.osgi.internal.framework.ContextFinder$Finder@4f444637
      THIS = class java.lang.Class@42f93a98
      parentContextClassLoader = class sun.misc.Launcher$AppClassLoader@18b4aac2
      parent = class sun.misc.Launcher$AppClassLoader@18b4aac2
      parallelLockMap = null
      package2certs = class java.util.Hashtable@14fdc1e4
      nocerts = class java.security.cert.Certificate[0]
      classes = class java.util.Vector@6704212c
      defaultDomain = class java.security.ProtectionDomain@420f8ecf
      packages = class java.util.HashMap@2f171d47
      scl = class sun.misc.Launcher$AppClassLoader@18b4aac2
      sclSet = true
      loadedLibraryNames = class java.util.Vector@551f1ba0
      systemNativeLibraries = class java.util.Vector@13d45d6e
      nativeLibraries = class java.util.Vector@2d13c02d
      nativeLibraryContext = class java.util.Stack@3af91ded
      usr_paths = class java.lang.String[7]
      sys_paths = class java.lang.String[1]
      assertionLock = class org.eclipse.osgi.internal.framework.ContextFinder@5c46c436
      defaultAssertionStatus = false
      packageAssertionStatus = null
      classAssertionStatus = null
    inheritedAccessControlContext = null
    threadInitNumber = 19
    threadLocals = null
    inheritableThreadLocals = null
    stackSize = 0
    nativeParkEventPointer = 0
    tid = 29
    threadSeqNumber = 61
    threadStatus = 2
    parkBlocker = null
    blocker = null
    blockerLock = class java.lang.Object@356bf36c
    MIN_PRIORITY = 1
    NORM_PRIORITY = 5
    MAX_PRIORITY = 10
    EMPTY_STACK_TRACE = class java.lang.StackTraceElement[0]
    SUBCLASS_IMPLEMENTATION_PERMISSION = class java.lang.RuntimePermission@3e7084f6
      serialVersionUID = 7399184964622342223
      serialVersionUID = 6279438298436773498
      wildcard = false
      path = "enableContextClassLoaderOverride"
      exitVM = false
      serialVersionUID = -5636570222231596674
      name = "enableContextClassLoaderOverride"
    uncaughtExceptionHandler = null
    defaultUncaughtExceptionHandler = null
    threadLocalRandomSeed = 0
    threadLocalRandomProbe = 0
    threadLocalRandomSecondarySeed = 0
  bundleOriginsListener = class com.ibm.ws.kernel.feature.internal.BundleInstallOriginBundleListener@4d7d8ef1
    tc = class com.ibm.websphere.ras.TraceComponent@52bd582
      strings[0] = "TraceComponent[com.ibm.ws.kernel.feature.internal.BundleInstallOriginBundleListener,class com.ibm.ws.kernel.feature.internal.BundleInstallOriginBundleListener,[featureManager],com.ibm.ws.kernel.feature.internal.resources.ProvisionerMessages,null]"
    storagePath = "bundle.origin.cache"
    ctx = class org.eclipse.osgi.internal.framework.BundleContextImpl@64f6106c
      findHookName = "org.osgi.framework.hooks.bundle.FindHook"
      valid = true
      bundle = class org.eclipse.osgi.internal.framework.EquinoxBundle$SystemBundle@13eb8acf
      container = class org.eclipse.osgi.internal.framework.EquinoxContainer@417b6996
      debug = class org.eclipse.osgi.internal.debug.Debug@9c374e9
      servicesInUse = class java.util.HashMap@556d637d
      activator = class org.eclipse.osgi.internal.framework.SystemBundleActivator@b9b71d9
      contextLock = class java.lang.Object@4dcbfb61
    bundleOriginCache = class java.io.File@615e9fc5
      fs = class java.io.UnixFileSystem@1261c898
      path = "/c/Users/ernmarti/Downloads/wlp-webProfile8-20.0.0.4/wlp/usr/servers/defaultServer/workarea/org.eclipse.osgi/23/data/bundle.origin.cache"
      status = class java.io.File$PathStatus@2ca93722
      prefixLength = 1
      separatorChar = /
      separator = "/"
      pathSeparatorChar = :
      pathSeparator = ":"
      PATH_OFFSET = 16
      PREFIX_LENGTH_OFFSET = 12
      UNSAFE = class sun.misc.Unsafe@29d60b79
      serialVersionUID = 301077366599181567
      filePath = null
      $assertionsDisabled = true
    bundleOrigins = class java.util.Collections$SynchronizedMap@53565a38
      serialVersionUID = 1978198479659022715
      m = class java.util.HashMap@b8f10bf
      mutex = class java.util.Collections$SynchronizedMap@53565a38
      keySet = null
      entrySet = null
      values = null
    allTracked = class java.util.HashSet@132587fc
      serialVersionUID = -5024744406713321676
      map = class java.util.HashMap@159a9993
      PRESENT = class java.lang.Object@1a7b4043
      MAX_ARRAY_SIZE = 2147483639
    serialVersionUID = -6094136040931465036
  supportedProcessTypes = class java.util.RegularEnumSet@4de58ea8
    serialVersionUID = 3411599620347842686
    elements = 1
    elementType = class java.lang.Class@144c612b
      ANNOTATION = 8192
      ENUM = 16384
      SYNTHETIC = 4096
      cachedConstructor = null
      newInstanceCallerCache = null
      name = "com.ibm.ws.kernel.feature.ProcessType"
      allPermDomain = class java.security.ProtectionDomain@2e3e2783
      useCaches = true
      reflectionData = class java.lang.ref.SoftReference@3d2d6696
      classRedefinedCount = 0
      genericInfo = null
      serialVersionUID = 3206093459760846163
      serialPersistentFields = class java.io.ObjectStreamField[0]
      reflectionFactory = class sun.reflect.ReflectionFactory@2e927c4c
      initted = true
      enumConstants = class com.ibm.ws.kernel.feature.ProcessType[2]
      enumConstantDirectory = class java.util.HashMap@f2eca33
      annotationData = null
      annotationType = null
      classValueMap = null
    universe = class com.ibm.ws.kernel.feature.ProcessType[2]
      ProcessType[0] = class com.ibm.ws.kernel.feature.ProcessType@6416df24
      ProcessType[1] = class com.ibm.ws.kernel.feature.ProcessType@8cfc5e6
    ZERO_LENGTH_ENUM_ARRAY = class java.lang.Enum[0]
    MAX_ARRAY_SIZE = 2147483639
  processTypeString = "server"
  deactivated = false
  libertyBoot = null
  frameworkWiring = class org.eclipse.osgi.container.ModuleContainer$ContainerWiring@119a3468
    monitor = class java.lang.Object@fbc88e
    refreshThread = null
    this$0 = class org.eclipse.osgi.container.ModuleContainer@471828fc
  serialVersionUID = 3920768202844584974

