------Start of DE processing------ = [5/1/20 19:02:26:596 BRT]
Exception = com.ibm.wsspi.adaptable.module.UnableToAdaptException
Source = com.ibm.ws.app.manager.module.internal.ContextRootUtil
probeid = 43
Stack Dump = com.ibm.wsspi.adaptable.module.UnableToAdaptException: com.ibm.ws.javaee.ddmodel.DDParser$ParseException: CWWKC2262E: The server is unable to process the 3.1 version and the http://java.sun.com/xml/ns/javaee namespace in the /WEB-INF/web.xml deployment descriptor on line 6.
	at com.ibm.ws.javaee.ddmodel.web.WebAppEntryAdapter.adapt(WebAppEntryAdapter.java:61)
	at com.ibm.ws.javaee.ddmodel.web.WebAppEntryAdapter.adapt(WebAppEntryAdapter.java:26)
	at com.ibm.ws.adaptable.module.internal.AdapterFactoryServiceImpl.adapt(AdapterFactoryServiceImpl.java:231)
	at com.ibm.ws.adaptable.module.internal.AdaptableEntryImpl.adapt(AdaptableEntryImpl.java:121)
	at com.ibm.ws.javaee.ddmodel.web.WebAppAdapter.adapt(WebAppAdapter.java:38)
	at com.ibm.ws.javaee.ddmodel.web.WebAppAdapter.adapt(WebAppAdapter.java:24)
	at com.ibm.ws.adaptable.module.internal.AdapterFactoryServiceImpl.adapt(AdapterFactoryServiceImpl.java:200)
	at com.ibm.ws.adaptable.module.internal.AdaptableContainerImpl.adapt(AdaptableContainerImpl.java:174)
	at com.ibm.ws.javaee.ddmodel.webext.WebExtAdapter.adapt(WebExtAdapter.java:127)
	at com.ibm.ws.javaee.ddmodel.webext.WebExtAdapter.adapt(WebExtAdapter.java:41)
	at com.ibm.ws.adaptable.module.internal.AdapterFactoryServiceImpl.adapt(AdapterFactoryServiceImpl.java:200)
	at com.ibm.ws.adaptable.module.internal.AdaptableContainerImpl.adapt(AdaptableContainerImpl.java:174)
	at com.ibm.ws.app.manager.module.internal.ContextRootUtil.getContextRoot(ContextRootUtil.java:38)
	at com.ibm.ws.app.manager.war.internal.WARDeployedAppInfo.<init>(WARDeployedAppInfo.java:60)
	at com.ibm.ws.app.manager.war.internal.WARDeployedAppInfoFactoryImpl.createDeployedAppInfo(WARDeployedAppInfoFactoryImpl.java:120)
	at com.ibm.ws.app.manager.war.internal.WARDeployedAppInfoFactoryImpl.createDeployedAppInfo(WARDeployedAppInfoFactoryImpl.java:35)
	at com.ibm.ws.app.manager.war.internal.WARApplicationHandlerImpl.setUpApplicationMonitoring(WARApplicationHandlerImpl.java:49)
	at com.ibm.ws.app.manager.internal.statemachine.StartAction.execute(StartAction.java:136)
	at com.ibm.ws.app.manager.internal.statemachine.ApplicationStateMachineImpl.enterState(ApplicationStateMachineImpl.java:1286)
	at com.ibm.ws.app.manager.internal.statemachine.ApplicationStateMachineImpl.run(ApplicationStateMachineImpl.java:884)
	at com.ibm.ws.threading.internal.ExecutorServiceImpl$RunnableWrapper.run(ExecutorServiceImpl.java:239)
	at java.util.concurrent.ThreadPoolExecutor.runWorker(ThreadPoolExecutor.java:1149)
	at java.util.concurrent.ThreadPoolExecutor$Worker.run(ThreadPoolExecutor.java:624)
	at java.lang.Thread.run(Thread.java:748)
Caused by: com.ibm.ws.javaee.ddmodel.DDParser$ParseException: CWWKC2262E: The server is unable to process the 3.1 version and the http://java.sun.com/xml/ns/javaee namespace in the /WEB-INF/web.xml deployment descriptor on line 6.
	at com.ibm.ws.javaee.ddmodel.web.WebAppDDParser.createRootParsable(WebAppDDParser.java:99)
	at com.ibm.ws.javaee.ddmodel.DDParser.parseRootElement(DDParser.java:578)
	at com.ibm.ws.javaee.ddmodel.web.WebAppDDParser.parse(WebAppDDParser.java:32)
	at com.ibm.ws.javaee.ddmodel.web.WebAppEntryAdapter.adapt(WebAppEntryAdapter.java:59)
	... 23 more

Dump of callerThis
null
Dump of objectArray[0]
Object type = com.ibm.ws.adaptable.module.internal.AdaptableContainerImpl
  root = class com.ibm.ws.adaptable.module.internal.AdaptableContainerImpl@382924f
  rootOverlay = class com.ibm.ws.artifact.overlay.internal.DirectoryBasedOverlayContainerImpl@25ce59b1
    base = class com.ibm.ws.artifact.file.internal.FileContainer@21b324e5
      containerFactoryHolder = class com.ibm.ws.artifact.file.internal.FileContainerFactory@759c2d28
      parent = null
      thisInParent = null
      dir = class java.io.File@1ee25d70
      cacheDir = class java.io.File@3a5c3a58
      isRoot = true
      root = class com.ibm.ws.artifact.file.internal.FileContainer@21b324e5
      artifactNotifier = class com.ibm.ws.artifact.file.FileArtifactNotifier@52bdec75
      serialVersionUID = 556130772302156267
      $$$tc$$$ = class com.ibm.websphere.ras.TraceComponent@552e90fe
    maskSet = class java.util.HashSet@4fc223d7
      serialVersionUID = -5024744406713321676
      map = class java.util.HashMap@1acd3960
      PRESENT = class java.lang.Object@71eaae0a
      MAX_ARRAY_SIZE = 2147483639
    cfHolder = class com.ibm.ws.artifact.overlay.internal.OverlayContainerFactoryImpl@5f455ddf
    fileOverlayContainer = class com.ibm.ws.artifact.file.internal.FileContainer@3a9c2455
      containerFactoryHolder = class com.ibm.ws.artifact.file.internal.FileContainerFactory@759c2d28
      parent = null
      thisInParent = null
      dir = class java.io.File@afe425f
      cacheDir = class java.io.File@3252dbe9
      isRoot = true
      root = class com.ibm.ws.artifact.file.internal.FileContainer@3a9c2455
      artifactNotifier = class com.ibm.ws.artifact.file.FileArtifactNotifier@4e12f434
      serialVersionUID = 556130772302156267
      $$$tc$$$ = class com.ibm.websphere.ras.TraceComponent@552e90fe
    overlayDirectory = class java.io.File@afe425f
      fs = class java.io.UnixFileSystem@6b08f231
      path = "/c/Users/ernmarti/Downloads/wlp-webProfile8-20.0.0.4/wlp/usr/servers/defaultServer/workarea/org.eclipse.osgi/51/data/cacheAdapt/com.ibm.ws.app.manager_19/.overlay"
      status = class java.io.File$PathStatus@3e71a5d
      prefixLength = 1
      separatorChar = /
      separator = "/"
      pathSeparatorChar = :
      pathSeparator = ":"
      PATH_OFFSET = 16
      PREFIX_LENGTH_OFFSET = 12
      UNSAFE = class sun.misc.Unsafe@1965d748
      serialVersionUID = 301077366599181567
      filePath = null
      $assertionsDisabled = true
    cacheDirForOverlay = class java.io.File@3252dbe9
      fs = class java.io.UnixFileSystem@6b08f231
      path = "/c/Users/ernmarti/Downloads/wlp-webProfile8-20.0.0.4/wlp/usr/servers/defaultServer/workarea/org.eclipse.osgi/51/data/cacheOverlay/com.ibm.ws.app.manager_19"
      status = class java.io.File$PathStatus@3e71a5d
      prefixLength = 1
      separatorChar = /
      separator = "/"
      pathSeparatorChar = :
      pathSeparator = ":"
      PATH_OFFSET = 16
      PREFIX_LENGTH_OFFSET = 12
      UNSAFE = class sun.misc.Unsafe@1965d748
      serialVersionUID = 301077366599181567
      filePath = null
      $assertionsDisabled = true
    overlayNotifier = class com.ibm.ws.artifact.overlay.internal.DirectoryBasedOverlayNotifier@6cd09aef
      root = class com.ibm.ws.artifact.overlay.internal.DirectoryBasedOverlayContainerImpl@25ce59b1
      overlayContainer = class com.ibm.ws.artifact.file.internal.FileContainer@3a9c2455
      overlaidContainer = class com.ibm.ws.artifact.file.internal.FileContainer@21b324e5
      listeningToContainers = false
      listeners = class java.util.concurrent.ConcurrentHashMap@7dfbba50
      pathsMonitored = class java.util.HashSet@3dbc5f25
      parentNotifier = null
      pathOfEntryInParent = null
      id = null
      serialVersionUID = -5716655730663296309
      $$$tc$$$ = class com.ibm.websphere.ras.TraceComponent@527e3da4
    enclosingContainer = null
    entryInEnclosingContainer = null
    nestedOverlays = class java.util.concurrent.ConcurrentHashMap@3735a5ac
      serialVersionUID = 7249069246763182397
      MAXIMUM_CAPACITY = 1073741824
      DEFAULT_CAPACITY = 16
      MAX_ARRAY_SIZE = 2147483639
      DEFAULT_CONCURRENCY_LEVEL = 16
      LOAD_FACTOR = 0.75
      TREEIFY_THRESHOLD = 8
      UNTREEIFY_THRESHOLD = 6
      MIN_TREEIFY_CAPACITY = 64
      MIN_TRANSFER_STRIDE = 16
      RESIZE_STAMP_BITS = 16
      MAX_RESIZERS = 65535
      RESIZE_STAMP_SHIFT = 16
      MOVED = -1
      TREEBIN = -2
      RESERVED = -3
      HASH_BITS = 2147483647
      NCPU = 4
      serialPersistentFields = class java.io.ObjectStreamField[3]
      table = null
      nextTable = null
      baseCount = 0
      sizeCtl = 0
      transferIndex = 0
      cellsBusy = 0
      counterCells = null
      keySet = null
      values = null
      entrySet = null
      U = class sun.misc.Unsafe@1965d748
      SIZECTL = 20
      TRANSFERINDEX = 32
      BASECOUNT = 24
      CELLSBUSY = 36
      CELLVALUE = 144
      ABASE = 16
      ASHIFT = 2
      keySet = null
      values = null
    cacheStore = class com.ibm.ws.artifact.overlay.internal.OverlayCache@4f21f5af
      cache = class java.util.HashMap@6eeedcb5
      serialVersionUID = 4443220618296337968
      $$$tc$$$ = class com.ibm.websphere.ras.TraceComponent@17755d1e
    parentOverlay = null
    isPassThroughMode = true
    serialVersionUID = -6650153487216279998
    $$$tc$$$ = class com.ibm.websphere.ras.TraceComponent@1e1bcfa
      strings[0] = "TraceComponent[com.ibm.ws.artifact.overlay.internal.DirectoryBasedOverlayContainerImpl,class com.ibm.ws.artifact.overlay.internal.DirectoryBasedOverlayContainerImpl,[archive.overlay],null,null]"
  factoryHolder = class com.ibm.ws.adaptable.module.internal.AdaptableModuleFactoryImpl@18c399f4
    adapterFactoryService = class com.ibm.ws.adaptable.module.internal.AdapterFactoryServiceImpl@734138be
      toType = "toType"
      priv = class com.ibm.ws.kernel.service.util.SecureAction@6eb30b5a
      containerHelperMap = class com.ibm.wsspi.kernel.service.utils.ConcurrentServiceReferenceSetMap@6be29848
      entryHelperMap = class com.ibm.wsspi.kernel.service.utils.ConcurrentServiceReferenceSetMap@4cb59371
      containerToTypes = class java.util.Collections$SynchronizedSet@1bea8175
      entryToTypes = class java.util.Collections$SynchronizedSet@6df5a089
      baseProperties = class org.apache.felix.scr.impl.helper.ReadOnlyDictionary@122a55a7
      registration = class com.ibm.ws.kernel.service.util.ServiceRegistrationModifier@72e47288
      serialVersionUID = 292472261820243508
      $$$tc$$$ = class com.ibm.websphere.ras.TraceComponent@7b4ec477
    containerFactory = class com.ibm.ws.artifact.internal.ArtifactContainerFactoryService@30fbcc88
      CATEGORY_PROP_NAME = "category"
      ENTRY_KEY = "com.ibm.wsspi.artifact.ArtifactEntry"
      helperMap = class com.ibm.wsspi.kernel.service.utils.ConcurrentServiceReferenceSetMap@7a0f592d
      contributorMap = class com.ibm.wsspi.kernel.service.utils.ConcurrentServiceReferenceSetMap@2365a10c
      helperCategoryMap = class com.ibm.wsspi.kernel.service.utils.ConcurrentServiceReferenceSetMap@f9a0bb4
      contributorCategoryMap = class com.ibm.wsspi.kernel.service.utils.ConcurrentServiceReferenceSetMap@17096586
      categories = class java.util.Collections$SynchronizedSet@174f907b
      baseProperties = class org.apache.felix.scr.impl.helper.ReadOnlyDictionary@192c2e5f
      registration = class com.ibm.ws.kernel.service.util.ServiceRegistrationModifier@46b45165
      serialVersionUID = 6566424214406946230
      $$$tc$$$ = class com.ibm.websphere.ras.TraceComponent@d7ee7c3
    overlayContainerFactory = class com.ibm.ws.artifact.overlay.internal.OverlayContainerFactoryImpl@5f455ddf
      containerFactory = class com.ibm.ws.artifact.internal.ArtifactContainerFactoryService@30fbcc88
      registeredContainers = class com.ibm.ws.artifact.overlay.internal.DirectoryBasedOverlayContainerRegistry@53509b01
      serialVersionUID = -6737526700663704564
      $$$tc$$$ = class com.ibm.websphere.ras.TraceComponent@b9dc0f6
    serialVersionUID = 4200251809856292987
    $$$tc$$$ = class com.ibm.websphere.ras.TraceComponent@1bfb58b9
      strings[0] = "TraceComponent[com.ibm.ws.adaptable.module.internal.AdaptableModuleFactoryImpl,class com.ibm.ws.adaptable.module.internal.AdaptableModuleFactoryImpl,[archive.adaptable],null,null]"
  delegate = class com.ibm.ws.artifact.overlay.internal.DirectoryBasedOverlayContainerImpl@25ce59b1
  notifier = null
  serialVersionUID = -5950528200509051684
  $$$tc$$$ = class com.ibm.websphere.ras.TraceComponent@80bec78
    strings[0] = "TraceComponent[com.ibm.ws.adaptable.module.internal.AdaptableContainerImpl,class com.ibm.ws.adaptable.module.internal.AdaptableContainerImpl,[archive.adaptable],null,null]"

