------Start of DE processing------ = [5/1/20 18:51:00:628 BRT]
Exception = java.lang.IllegalStateException
Source = com.ibm.ws.app.manager.internal.statemachine.StartAction
probeid = 145
Stack Dump = java.lang.IllegalStateException: com.ibm.wsspi.adaptable.module.UnableToAdaptException: com.ibm.ws.javaee.ddmodel.DDParser$ParseException: CWWKC2262E: The server is unable to process the 3.1 version and the http://java.sun.com/xml/ns/javaee namespace in the /WEB-INF/web.xml deployment descriptor on line 6.
	at com.ibm.ws.app.manager.war.internal.WARApplicationHandlerImpl.setUpApplicationMonitoring(WARApplicationHandlerImpl.java:51)
	at com.ibm.ws.app.manager.internal.statemachine.StartAction.execute(StartAction.java:136)
	at com.ibm.ws.app.manager.internal.statemachine.ApplicationStateMachineImpl.enterState(ApplicationStateMachineImpl.java:1286)
	at com.ibm.ws.app.manager.internal.statemachine.ApplicationStateMachineImpl.performAction(ApplicationStateMachineImpl.java:1144)
	at com.ibm.ws.app.manager.internal.statemachine.ApplicationStateMachineImpl.run(ApplicationStateMachineImpl.java:892)
	at com.ibm.ws.threading.internal.ExecutorServiceImpl$RunnableWrapper.run(ExecutorServiceImpl.java:239)
	at java.util.concurrent.ThreadPoolExecutor.runWorker(ThreadPoolExecutor.java:1149)
	at java.util.concurrent.ThreadPoolExecutor$Worker.run(ThreadPoolExecutor.java:624)
	at java.lang.Thread.run(Thread.java:748)
Caused by: com.ibm.wsspi.adaptable.module.UnableToAdaptException: com.ibm.ws.javaee.ddmodel.DDParser$ParseException: CWWKC2262E: The server is unable to process the 3.1 version and the http://java.sun.com/xml/ns/javaee namespace in the /WEB-INF/web.xml deployment descriptor on line 6.
	at com.ibm.ws.javaee.ddmodel.web.WebAppEntryAdapter.adapt(WebAppEntryAdapter.java:61)
	at com.ibm.ws.javaee.ddmodel.web.WebAppEntryAdapter.adapt(WebAppEntryAdapter.java:26)
	at com.ibm.ws.adaptable.module.internal.AdapterFactoryServiceImpl.adapt(AdapterFactoryServiceImpl.java:231)
	at com.ibm.ws.adaptable.module.internal.AdaptableEntryImpl.adapt(AdaptableEntryImpl.java:121)
	at com.ibm.ws.javaee.ddmodel.web.WebAppAdapter.adapt(WebAppAdapter.java:38)
	at com.ibm.ws.javaee.ddmodel.web.WebAppAdapter.adapt(WebAppAdapter.java:24)
	at com.ibm.ws.adaptable.module.internal.AdapterFactoryServiceImpl.adapt(AdapterFactoryServiceImpl.java:200)
	at com.ibm.ws.adaptable.module.internal.AdaptableContainerImpl.adapt(AdaptableContainerImpl.java:174)
	at com.ibm.ws.app.manager.module.internal.SimpleDeployedAppInfoBase$ModuleContainerInfoBase.<init>(SimpleDeployedAppInfoBase.java:171)
	at com.ibm.ws.app.manager.module.internal.SimpleDeployedAppInfoBase$WebModuleContainerInfo.<init>(SimpleDeployedAppInfoBase.java:352)
	at com.ibm.ws.app.manager.war.internal.WARDeployedAppInfo.<init>(WARDeployedAppInfo.java:65)
	at com.ibm.ws.app.manager.war.internal.WARDeployedAppInfoFactoryImpl.createDeployedAppInfo(WARDeployedAppInfoFactoryImpl.java:120)
	at com.ibm.ws.app.manager.war.internal.WARDeployedAppInfoFactoryImpl.createDeployedAppInfo(WARDeployedAppInfoFactoryImpl.java:35)
	at com.ibm.ws.app.manager.war.internal.WARApplicationHandlerImpl.setUpApplicationMonitoring(WARApplicationHandlerImpl.java:49)
	... 8 more
Caused by: com.ibm.ws.javaee.ddmodel.DDParser$ParseException: CWWKC2262E: The server is unable to process the 3.1 version and the http://java.sun.com/xml/ns/javaee namespace in the /WEB-INF/web.xml deployment descriptor on line 6.
	at com.ibm.ws.javaee.ddmodel.web.WebAppDDParser.createRootParsable(WebAppDDParser.java:99)
	at com.ibm.ws.javaee.ddmodel.DDParser.parseRootElement(DDParser.java:578)
	at com.ibm.ws.javaee.ddmodel.web.WebAppDDParser.parse(WebAppDDParser.java:32)
	at com.ibm.ws.javaee.ddmodel.web.WebAppEntryAdapter.adapt(WebAppEntryAdapter.java:59)
	... 21 more

Dump of callerThis
Object type = com.ibm.ws.app.manager.internal.statemachine.StartAction
  _tc = class com.ibm.websphere.ras.TraceComponent@4ed96181
    strings[0] = "TraceComponent[com.ibm.ws.app.manager.internal.statemachine.StartAction,class com.ibm.ws.app.manager.internal.statemachine.StartAction,[applications, app.manager],com.ibm.ws.app.manager.internal.resources.AppManagerMessages,null]"
  _config = class com.ibm.ws.app.manager.internal.ApplicationConfig@2fbb56c3
    tc = class com.ibm.websphere.ras.TraceComponent@10e77f7a
      strings[0] = "TraceComponent[com.ibm.ws.app.manager.internal.ApplicationConfig,class com.ibm.ws.app.manager.internal.ApplicationConfig,[applications, app.manager],com.ibm.ws.app.manager.internal.resources.AppManagerMessages,null]"
    _configPid = "com.ibm.ws.app.manager_18"
    _config = class com.ibm.ws.config.admin.ConfigurationDictionary@7ba6e86f
      serialVersionUID = 7966152868712543805
      simpleTypes = class java.util.Arrays$ArrayList@1c409fbc
      primitiveArrayTypes = class java.util.Arrays$ArrayList@791d0670
      simpleArrayTypes = class java.util.Arrays$ArrayList@5837d66c
      extendedTypes = class java.util.Arrays$ArrayList@63a2469f
      CASE_INSENSITIVE = class com.ibm.ws.config.admin.ConfigurationDictionary$CaseInsensitive@7b878828
      properties = class java.util.Collections$SynchronizedMap@6ab83fae
    _applicationManager = class com.ibm.ws.app.manager.ApplicationManager@21651a36
      expandApps = true
      useJandex = false
      startTimeout = 30
      stopTimeout = 30
      extractedLog = class java.io.File@5e20b874
      extractsDataLog = class java.util.concurrent.ConcurrentHashMap@3bb877db
      serialVersionUID = -5498707950408457980
      $$$tc$$$ = class com.ibm.websphere.ras.TraceComponent@1bd3da13
    _location = "/c/Users/ernmarti/Downloads/wlp-webProfile8-20.0.0.4/wlp/usr/servers/defaultServer/apps/test1.war"
    _type = "war"
    _name = "TestApp"
    _notificationBroadcasterSupport = null
    ONE_TIME_JANDEX_MSGS_DISPLAYED = true
    serialVersionUID = -2151423388299667431
  _aii = class com.ibm.ws.app.manager.internal.ApplicationInstallInfo@1fbb34e
    _config = class com.ibm.ws.app.manager.internal.ApplicationConfig@2fbb56c3
    _handlerInfo = class java.util.concurrent.atomic.AtomicReference@3fe29c1f
      serialVersionUID = -1848883965231344442
      unsafe = class sun.misc.Unsafe@33541b17
      valueOffset = 12
      value = null
    _container = class java.util.concurrent.atomic.AtomicReference@635f396e
      serialVersionUID = -1848883965231344442
      unsafe = class sun.misc.Unsafe@33541b17
      valueOffset = 12
      value = class com.ibm.ws.adaptable.module.internal.AdaptableContainerImpl@48a39926
    _resolvedLocation = class java.util.concurrent.atomic.AtomicReference@6e82c37b
      serialVersionUID = -1848883965231344442
      unsafe = class sun.misc.Unsafe@33541b17
      valueOffset = 12
      value = class com.ibm.ws.kernel.service.location.internal.LocalFileResource@43bcaca3
    _handler = class com.ibm.ws.app.manager.war.internal.WARApplicationHandlerImpl@92ba302
      futureMonitor = class com.ibm.ws.threading.internal.FutureMonitorImpl@7e9bc7e6
      deployedAppFactory = class com.ibm.ws.app.manager.war.internal.WARDeployedAppInfoFactoryImpl@59298632
      serialVersionUID = 4622845147410944782
      $$$tc$$$ = class com.ibm.websphere.ras.TraceComponent@4bf782a8
    _ami = class java.util.concurrent.atomic.AtomicReference@1b7a9d26
      serialVersionUID = -1848883965231344442
      unsafe = class sun.misc.Unsafe@33541b17
      valueOffset = 12
      value = null
    _updateHandler = class com.ibm.ws.app.manager.internal.statemachine.ApplicationStateMachineImpl@3053f832
      _tc = class com.ibm.websphere.ras.TraceComponent@2e79ac5b
      EMPTY_FUTURE_ARRAY = interface java.util.concurrent.Future[0]
      asmSequenceNumber = class java.util.concurrent.atomic.AtomicLong@52bca424
      _qscaCounter = class java.util.concurrent.atomic.AtomicInteger@1de080f8
      _failedThrowable = null
      _interruptibleLock = class com.ibm.ws.app.manager.internal.statemachine.ApplicationStateMachineImpl$2@32dd791e
      _interruptible = false
      _performingQueuedActions = true
      _queuedActions = class java.util.concurrent.ConcurrentLinkedQueue@71db7181
      _callbackState = class java.util.concurrent.atomic.AtomicReference@4671661a
      blockAppStartingFutures = class java.util.Collections$SetFromMap@5f8fc96c
      waitingForAppHandlerFuture = class java.util.concurrent.atomic.AtomicReference@6c35e0a
      waitingForExplicitStartFuture = class java.util.concurrent.atomic.AtomicReference@2c3e702a
      startAfterFutures = class java.util.Collections$SetFromMap@61b29201
      completionListener = class java.util.concurrent.atomic.AtomicReference@4057f3f2
      _notifyAppStopped = class java.util.concurrent.ConcurrentLinkedQueue@5c78c6fc
      _notifyAppStarting = class java.util.concurrent.ConcurrentLinkedQueue@3985279
      _notifyAppInstallCalled = class java.util.concurrent.ConcurrentLinkedQueue@764fea91
      _notifyAppStarted = class java.util.concurrent.ConcurrentLinkedQueue@9785fc9
      _notifyAppRemoved = class java.util.concurrent.ConcurrentLinkedQueue@13ad373c
      _stateLock = class com.ibm.ws.app.manager.internal.statemachine.ApplicationStateMachineImpl$3@5267b4aa
      _internalState = class java.util.concurrent.atomic.AtomicReference@5bf5c715
      _currentAction = class java.util.concurrent.atomic.AtomicReference@10b84db5
      _rfa = class java.util.concurrent.atomic.AtomicReference@6a568c49
      _appInstallInfo = class java.util.concurrent.atomic.AtomicReference@5fbb74d
      _update = class java.util.concurrent.atomic.AtomicBoolean@70430588
      _appConfig = class java.util.concurrent.atomic.AtomicReference@22442bd0
      _nextAppConfig = class java.util.concurrent.atomic.AtomicReference@7c2edf15
      _appContainer = class java.util.concurrent.atomic.AtomicReference@24374e02
      _resolvedLocation = class java.util.concurrent.atomic.AtomicReference@4cb06049
      _handler = class java.util.concurrent.atomic.AtomicReference@4fa9c8a4
      _asmSeqNo = 0
      _ctx = class org.eclipse.osgi.internal.framework.BundleContextImpl@6c11fe9f
      _locAdmin = class com.ibm.ws.kernel.service.location.internal.WsLocationAdminImpl@4141c6a6
      _futureMonitor = class com.ibm.ws.threading.internal.FutureMonitorImpl@7e9bc7e6
      _artifactFactory = class com.ibm.ws.artifact.internal.ArtifactContainerFactoryService@43593db
      _moduleFactory = class com.ibm.ws.adaptable.module.internal.AdaptableModuleFactoryImpl@42a6c5c9
      _executorService = class com.ibm.ws.threading.internal.ExecutorServiceImpl@12819b50
      _scheduledExecutorService = class com.ibm.ws.threading.internal.ScheduledExecutorImpl@57151bba
      _asmHelper = class com.ibm.ws.app.manager.internal.ApplicationConfigurator$NamedApplication@6e153c80
      _appMonitor = class com.ibm.ws.app.manager.internal.monitor.ApplicationMonitor@45757033
      enterStateCalled = class java.util.concurrent.atomic.AtomicBoolean@5bac71c1
      serialVersionUID = -6687078902976391966
      serialVersionUID = 300267208965883056
      $$$tc$$$ = class com.ibm.websphere.ras.TraceComponent@8436f1e
    serialVersionUID = 2630639237123415755
    $$$tc$$$ = class com.ibm.websphere.ras.TraceComponent@1b5d2345
      strings[0] = "TraceComponent[com.ibm.ws.app.manager.internal.ApplicationInstallInfo,class com.ibm.ws.app.manager.internal.ApplicationInstallInfo,[applications, app.manager],com.ibm.ws.app.manager.internal.resources.AppManagerMessages,null]"
  _callback = class java.util.concurrent.atomic.AtomicReference@2945609
    serialVersionUID = -1848883965231344442
    unsafe = class sun.misc.Unsafe@33541b17
    valueOffset = 12
    value = class com.ibm.ws.app.manager.internal.statemachine.ApplicationStateMachineImpl$StartActionCallback@32a3d7d
      immediateCallbackResult = class java.util.concurrent.atomic.AtomicReference@11af1025
      this$0 = class com.ibm.ws.app.manager.internal.statemachine.ApplicationStateMachineImpl@3053f832
      serialVersionUID = 6735534421474643855
      $$$tc$$$ = class com.ibm.websphere.ras.TraceComponent@3ffb16d3
  _monitor = class com.ibm.ws.threading.internal.FutureMonitorImpl@7e9bc7e6
    _monitor = class java.util.concurrent.ConcurrentLinkedQueue@3468003e
      serialVersionUID = 196745693267521676
      head = class java.util.concurrent.ConcurrentLinkedQueue$Node@3f547408
      tail = class java.util.concurrent.ConcurrentLinkedQueue$Node@3f547408
      UNSAFE = class sun.misc.Unsafe@33541b17
      headOffset = 12
      tailOffset = 16
      MAX_ARRAY_SIZE = 2147483639
    _executor = class com.ibm.ws.threading.internal.ScheduledExecutorImpl@57151bba
      threadGroupName = "Scheduled Executor Thread Group"
      executor = class com.ibm.ws.threading.internal.ExecutorServiceImpl@12819b50
      serialVersionUID = -9110693807503469597
      $$$tc$$$ = class com.ibm.websphere.ras.TraceComponent@3a95e1db
      continueExistingPeriodicTasksAfterShutdown = false
      executeExistingDelayedTasksAfterShutdown = true
      removeOnCancel = false
      sequencer = class java.util.concurrent.atomic.AtomicLong@492d8d58
      ctl = class java.util.concurrent.atomic.AtomicInteger@1ee26a7d
      COUNT_BITS = 29
      CAPACITY = 536870911
      RUNNING = -536870912
      SHUTDOWN = 0
      STOP = 536870912
      TIDYING = 1073741824
      TERMINATED = 1610612736
      workQueue = class java.util.concurrent.ScheduledThreadPoolExecutor$DelayedWorkQueue@274bd8e
      mainLock = class java.util.concurrent.locks.ReentrantLock@1c31fd8b
      workers = class java.util.HashSet@39d3f418
      termination = class java.util.concurrent.locks.AbstractQueuedSynchronizer$ConditionObject@34efd0dd
      largestPoolSize = 1
      completedTaskCount = 0
      threadFactory = class com.ibm.ws.threading.internal.ThreadFactoryImpl@13d08303
      handler = class java.util.concurrent.ThreadPoolExecutor$AbortPolicy@9ee957
      keepAliveTime = 0
      allowCoreThreadTimeOut = false
      corePoolSize = 1
      maximumPoolSize = 2147483647
      defaultHandler = class java.util.concurrent.ThreadPoolExecutor$AbortPolicy@9ee957
      shutdownPerm = class java.lang.RuntimePermission@26cbae68
      acc = null
      ONLY_ONE = true
      $assertionsDisabled = true
    _threadRunning = class java.util.concurrent.atomic.AtomicBoolean@5c373942
      serialVersionUID = 4654671469794556979
      unsafe = class sun.misc.Unsafe@33541b17
      valueOffset = 12
      value = 0
    _thread = class com.ibm.ws.threading.internal.FutureMonitorImpl$1@550a3c58
      this$0 = class com.ibm.ws.threading.internal.FutureMonitorImpl@7e9bc7e6
      serialVersionUID = 2422512430832938099
      $$$tc$$$ = class com.ibm.websphere.ras.TraceComponent@6d286ea2
    serialVersionUID = 2765238413969174390
    $$$tc$$$ = class com.ibm.websphere.ras.TraceComponent@3e14b6f1
      strings[0] = "TraceComponent[com.ibm.ws.threading.internal.FutureMonitorImpl,class com.ibm.ws.threading.internal.FutureMonitorImpl,[Threading],com.ibm.ws.threading.internal.resources.ThreadingMessages,null]"
  _startTime = class java.util.concurrent.atomic.AtomicLong@226d6dfc
    serialVersionUID = 1927816293512124184
    unsafe = class sun.misc.Unsafe@33541b17
      theUnsafe = class sun.misc.Unsafe@33541b17
      INVALID_FIELD_OFFSET = -1
      ARRAY_BOOLEAN_BASE_OFFSET = 16
      ARRAY_BYTE_BASE_OFFSET = 16
      ARRAY_SHORT_BASE_OFFSET = 16
      ARRAY_CHAR_BASE_OFFSET = 16
      ARRAY_INT_BASE_OFFSET = 16
      ARRAY_LONG_BASE_OFFSET = 16
      ARRAY_FLOAT_BASE_OFFSET = 16
      ARRAY_DOUBLE_BASE_OFFSET = 16
      ARRAY_OBJECT_BASE_OFFSET = 16
      ARRAY_BOOLEAN_INDEX_SCALE = 1
      ARRAY_BYTE_INDEX_SCALE = 1
      ARRAY_SHORT_INDEX_SCALE = 2
      ARRAY_CHAR_INDEX_SCALE = 2
      ARRAY_INT_INDEX_SCALE = 4
      ARRAY_LONG_INDEX_SCALE = 8
      ARRAY_FLOAT_INDEX_SCALE = 4
      ARRAY_DOUBLE_INDEX_SCALE = 8
      ARRAY_OBJECT_INDEX_SCALE = 4
      ADDRESS_SIZE = 8
    valueOffset = 16
    VM_SUPPORTS_LONG_CAS = true
    value = 1588369860013
    serialVersionUID = -8742448824652078965
  _appMonitor = class com.ibm.ws.app.manager.internal.monitor.ApplicationMonitor@45757033
    tc = class com.ibm.websphere.ras.TraceComponent@4837b5b7
      strings[0] = "TraceComponent[com.ibm.ws.app.manager.internal.monitor.ApplicationMonitor,class com.ibm.ws.app.manager.internal.monitor.ApplicationMonitor,[applications, app.manager],com.ibm.ws.app.manager.internal.resources.AppManagerMessages,null]"
    _config = class java.util.concurrent.atomic.AtomicReference@6627a294
      serialVersionUID = -1848883965231344442
      unsafe = class sun.misc.Unsafe@33541b17
      valueOffset = 12
      value = class com.ibm.ws.app.manager.internal.monitor.ApplicationMonitorConfig@1d9a2b8
    _executorService = class java.util.concurrent.atomic.AtomicReference@40d8d347
      serialVersionUID = -1848883965231344442
      unsafe = class sun.misc.Unsafe@33541b17
      valueOffset = 12
      value = class com.ibm.ws.threading.internal.ScheduledExecutorImpl@57151bba
    _appListeners = class java.util.concurrent.ConcurrentHashMap@1d2f02f6
      serialVersionUID = 7249069246763182397
      MAXIMUM_CAPACITY = 1073741824
      DEFAULT_CAPACITY = 16
      MAX_ARRAY_SIZE = 2147483639
      DEFAULT_CONCURRENCY_LEVEL = 16
      LOAD_FACTOR = 0.75
      TREEIFY_THRESHOLD = 8
      UNTREEIFY_THRESHOLD = 6
      MIN_TREEIFY_CAPACITY = 64
      MIN_TRANSFER_STRIDE = 16
      RESIZE_STAMP_BITS = 16
      MAX_RESIZERS = 65535
      RESIZE_STAMP_SHIFT = 16
      MOVED = -1
      TREEBIN = -2
      RESERVED = -3
      HASH_BITS = 2147483647
      NCPU = 4
      serialPersistentFields = class java.io.ObjectStreamField[3]
      table = null
      nextTable = null
      baseCount = 0
      sizeCtl = 0
      transferIndex = 0
      cellsBusy = 0
      counterCells = null
      keySet = null
      values = class java.util.concurrent.ConcurrentHashMap$ValuesView@1940c383
      entrySet = null
      U = class sun.misc.Unsafe@33541b17
      SIZECTL = 20
      TRANSFERINDEX = 32
      BASECOUNT = 24
      CELLSBUSY = 36
      CELLVALUE = 144
      ABASE = 16
      ASHIFT = 2
      keySet = null
      values = null
    serialVersionUID = -6677716415972806660
  _update = false
  _slowMessageAction = class java.util.concurrent.atomic.AtomicReference@1afccf19
    serialVersionUID = -1848883965231344442
    unsafe = class sun.misc.Unsafe@33541b17
    valueOffset = 12
    value = class com.ibm.ws.threading.internal.SchedulingHelper@123f0673
      m_callable = class java.util.concurrent.Executors$RunnableAdapter@37814622
      m_isDone = false
      m_cancelResult = false
      m_schedFuture = class java.util.concurrent.ScheduledThreadPoolExecutor$ScheduledFutureTask@5de7d23f
      m_coordinationLatch = class java.util.concurrent.CountDownLatch@f74cd2b
      m_executor = class com.ibm.ws.threading.internal.ExecutorServiceImpl@12819b50
      m_defaultFuture = null
      m_pendingException = null
      m_scheduledExecutorQueue = class java.util.concurrent.ScheduledThreadPoolExecutor$DelayedWorkQueue@274bd8e
      serialVersionUID = 2955063284661034074
      $$$tc$$$ = class com.ibm.websphere.ras.TraceComponent@2f6c7442
  _listener = class com.ibm.ws.app.manager.internal.statemachine.StartAction$1@7759bc68
    this$0 = class com.ibm.ws.app.manager.internal.statemachine.StartAction@7dbd2989
    serialVersionUID = 276196939532533882
    $$$tc$$$ = class com.ibm.websphere.ras.TraceComponent@5f25e60e
      strings[0] = "TraceComponent[com.ibm.ws.app.manager.internal.statemachine.StartAction$1,class com.ibm.ws.app.manager.internal.statemachine.StartAction$1,[applications, app.manager],com.ibm.ws.app.manager.internal.resources.AppManagerMessages,null]"
  serialVersionUID = 673965255474898916

Dump of objectArray[0]
Object type = com.ibm.ws.threading.internal.ScheduledExecutorImpl
  threadGroupName = "Scheduled Executor Thread Group"
  executor = class com.ibm.ws.threading.internal.ExecutorServiceImpl@12819b50
    threadPool = class java.util.concurrent.ThreadPoolExecutor@66b8464c
      ctl = class java.util.concurrent.atomic.AtomicInteger@6a67d9be
      COUNT_BITS = 29
      CAPACITY = 536870911
      RUNNING = -536870912
      SHUTDOWN = 0
      STOP = 536870912
      TIDYING = 1073741824
      TERMINATED = 1610612736
      workQueue = class com.ibm.ws.threading.internal.BoundedBuffer@71c7935a
      mainLock = class java.util.concurrent.locks.ReentrantLock@6e840a3a
      workers = class java.util.HashSet@73e34ef1
      termination = class java.util.concurrent.locks.AbstractQueuedSynchronizer$ConditionObject@279dc31a
      largestPoolSize = 12
      completedTaskCount = 517
      threadFactory = class com.ibm.ws.threading.internal.ThreadFactoryImpl@6a0dc9f0
      handler = class com.ibm.ws.threading.internal.ExecutorServiceImpl$ExpandPolicy@2416cb51
      keepAliveTime = 0
      allowCoreThreadTimeOut = false
      corePoolSize = 8
      maximumPoolSize = 8
      defaultHandler = class java.util.concurrent.ThreadPoolExecutor$AbortPolicy@9ee957
      shutdownPerm = class java.lang.RuntimePermission@26cbae68
      acc = null
      ONLY_ONE = true
      $assertionsDisabled = true
    threadPoolController = class com.ibm.ws.threading.internal.ThreadPoolController@7f4f60ec
      tc = class com.ibm.websphere.ras.TraceComponent@11ee3246
      interval = 1500
      hangInterval = 750
      hangResolutionCountdown = 0
      hangResolutionCycles = 3
      hangBufferPoolSize = 0
      controllerCyclesWithoutHang = 0
      noHangCyclesThreshold = 8
      compareRange = 4
      NUMBER_CPUS = 4
      controllerCycle = 172
      distributionReset = false
      poolIncrement = 4
      poolDecrement = 4
      maxThreadsPoolDecrement = 1
      poolChangeBasis = 4
      poolIncrementBoundLow = 64
      poolIncrementBoundMedium = 256
      poolIncrementMax = 16
      poolIncrementMin = 1
      POOL_INCREMENT_MIN_DEFAULT = 1
      POOL_INCREMENT_MAX_DEFAULT = 16
      minimumDesiredPoolSizeAdjustments = 10
      targetPoolSize = 8
      consecutiveTargetPoolSizeWrong = 0
      MAX_CONSECUTIVE_TARGET_POOLSIZE_WRONG = 3
      highCpu = 90
      lowTputThreadsRatio = 1.0
      dataAgePruneLevel = 5.0
      compareSpanPruneMultiplier = 2
      tputRatioPruneLevel = 5.0
      poolTputRatioHigh = 5.0
      poolTputRatioLow = 3.0
      compareSpanRatioMultiplier = 2
      growScoreFilterLevel = 0.5
      shrinkScoreFilterLevel = 0.5
      growShrinkDiffFilter = 0.25
      resetDistroStdDevEwmaRatio = 0.1
      resetDistroNewTputEwmaRatio = 0.5
      resetDistroConsecutiveOutliers = 5.0
      processCpuUtil = 11.060507482108003
      systemCpuUtil = 67.29857819905214
      cpuUtil = 67.29857819905214
      queueDepth = 0
      MAX_INTERVALS_WITHOUT_CHANGE = 5
      EMPTY_QUEUE_SHRINK_MAGIC_PER_INTERVAL = 0.04
      IDLE_INTERVALS_BEFORE_PAUSE = 3
      MAX_OUTLIER_AFTER_CHANGE_BEFORE_RESET = 10
      MAX_THREADS_TO_BREAK_HANG = 1000
      executorService = class com.ibm.ws.threading.internal.ExecutorServiceImpl@12819b50
      lastAction = class com.ibm.ws.threading.internal.ThreadPoolController$LastAction@16060b87
      timer = class java.util.Timer@516ecbc2
      activeTask = class com.ibm.ws.threading.internal.IntervalTask@189c3e80
      paused = false
      lastTimerPop = 1588369860562
      previousCompleted = 1774
      previousThroughput = 7.807417046193884
      consecutiveQueueEmptyCount = 50
      consecutiveNoAdjustment = 1
      consecutiveOutlierAfterAdjustment = 0
      consecutiveIdleCount = 0
      maxThreads = 2147483647
      coreThreads = 8
      threadRange = 2147483639
      threadPool = class java.util.concurrent.ThreadPoolExecutor@66b8464c
      threadStats = class java.util.TreeMap@68bf364e
      poolSizeWhenHangDetected = -1
      hangIntervalCounter = 0
      hangMaxThreadsMessageEmitted = false
      serialVersionUID = -8379665083788450020
    poolName = "Default Executor"
    MINIMUM_POOL_SIZE = 4
    componentConfig = class org.apache.felix.scr.impl.helper.ReadOnlyDictionary@3adbe873
      m_delegate = class java.util.Hashtable@6954a03c
      m_serviceReference = null
    interceptorsActive = false
    interceptors = class java.util.concurrent.CopyOnWriteArraySet@59ce07d1
      serialVersionUID = 5457747651344034263
      al = class java.util.concurrent.CopyOnWriteArrayList@d56c42
      MAX_ARRAY_SIZE = 2147483639
    threadFactory = null
    serverStopping = false
    phaser = class java.util.concurrent.Phaser@7de0a082
      state = 131074
      MAX_PARTIES = 65535
      MAX_PHASE = 2147483647
      PARTIES_SHIFT = 16
      PHASE_SHIFT = 32
      UNARRIVED_MASK = 65535
      PARTIES_MASK = 4294901760
      COUNTS_MASK = 4294967295
      TERMINATION_BIT = -9223372036854775808
      ONE_ARRIVAL = 1
      ONE_PARTY = 65536
      ONE_DEREGISTER = 65537
      EMPTY = 1
      parent = null
      root = class java.util.concurrent.Phaser@7de0a082
      evenQ = class java.util.concurrent.atomic.AtomicReference@2bd401f7
      oddQ = class java.util.concurrent.atomic.AtomicReference@8fb9148
      NCPU = 4
      SPINS_PER_ARRIVAL = 256
      UNSAFE = class sun.misc.Unsafe@33541b17
      stateOffset = 16
    serialVersionUID = 6930666794455919448
    $$$tc$$$ = class com.ibm.websphere.ras.TraceComponent@4c5cc7c0
      strings[0] = "TraceComponent[com.ibm.ws.threading.internal.ExecutorServiceImpl,class com.ibm.ws.threading.internal.ExecutorServiceImpl,[Threading],com.ibm.ws.threading.internal.resources.ThreadingMessages,null]"
  serialVersionUID = -9110693807503469597
  $$$tc$$$ = class com.ibm.websphere.ras.TraceComponent@3a95e1db
    strings[0] = "TraceComponent[com.ibm.ws.threading.internal.ScheduledExecutorImpl,class com.ibm.ws.threading.internal.ScheduledExecutorImpl,[Threading],com.ibm.ws.threading.internal.resources.ThreadingMessages,null]"
  continueExistingPeriodicTasksAfterShutdown = false
  executeExistingDelayedTasksAfterShutdown = true
  removeOnCancel = false
  sequencer = class java.util.concurrent.atomic.AtomicLong@492d8d58
    serialVersionUID = 1927816293512124184
    unsafe = class sun.misc.Unsafe@33541b17
      theUnsafe = class sun.misc.Unsafe@33541b17
      INVALID_FIELD_OFFSET = -1
      ARRAY_BOOLEAN_BASE_OFFSET = 16
      ARRAY_BYTE_BASE_OFFSET = 16
      ARRAY_SHORT_BASE_OFFSET = 16
      ARRAY_CHAR_BASE_OFFSET = 16
      ARRAY_INT_BASE_OFFSET = 16
      ARRAY_LONG_BASE_OFFSET = 16
      ARRAY_FLOAT_BASE_OFFSET = 16
      ARRAY_DOUBLE_BASE_OFFSET = 16
      ARRAY_OBJECT_BASE_OFFSET = 16
      ARRAY_BOOLEAN_INDEX_SCALE = 1
      ARRAY_BYTE_INDEX_SCALE = 1
      ARRAY_SHORT_INDEX_SCALE = 2
      ARRAY_CHAR_INDEX_SCALE = 2
      ARRAY_INT_INDEX_SCALE = 4
      ARRAY_LONG_INDEX_SCALE = 8
      ARRAY_FLOAT_INDEX_SCALE = 4
      ARRAY_DOUBLE_INDEX_SCALE = 8
      ARRAY_OBJECT_INDEX_SCALE = 4
      ADDRESS_SIZE = 8
    valueOffset = 16
    VM_SUPPORTS_LONG_CAS = true
    value = 1811
    serialVersionUID = -8742448824652078965
  ctl = class java.util.concurrent.atomic.AtomicInteger@1ee26a7d
    serialVersionUID = 6214790243416807050
    unsafe = class sun.misc.Unsafe@33541b17
    valueOffset = 12
    value = -536870911
    serialVersionUID = -8742448824652078965
  COUNT_BITS = 29
  CAPACITY = 536870911
  RUNNING = -536870912
  SHUTDOWN = 0
  STOP = 536870912
  TIDYING = 1073741824
  TERMINATED = 1610612736
  workQueue = class java.util.concurrent.ScheduledThreadPoolExecutor$DelayedWorkQueue@274bd8e
    INITIAL_CAPACITY = 16
    queue = interface java.util.concurrent.RunnableScheduledFuture[16]
      RunnableScheduledFuture[0] = class com.ibm.ws.threading.internal.SchedulingHelper@7559381f
      RunnableScheduledFuture[1] = class com.ibm.ws.threading.internal.SchedulingHelper@3222ac46
      RunnableScheduledFuture[2] = class com.ibm.ws.threading.internal.SchedulingHelper@10c50b8c
      RunnableScheduledFuture[3] = class com.ibm.ws.threading.internal.SchedulingHelper@5a4410e6
      RunnableScheduledFuture[4] = class com.ibm.ws.threading.internal.SchedulingHelper@66614271
      RunnableScheduledFuture[5] = class com.ibm.ws.threading.internal.SchedulingHelper@41868267
      RunnableScheduledFuture[6] = class com.ibm.ws.threading.internal.SchedulingHelper@792778b0
      RunnableScheduledFuture[7] = class com.ibm.ws.threading.internal.SchedulingHelper@39e9452
      RunnableScheduledFuture[8] = class com.ibm.ws.threading.internal.SchedulingHelper@123f0673
      RunnableScheduledFuture[9] = class com.ibm.ws.threading.internal.SchedulingHelper@6f002c9a
      RunnableScheduledFuture[10] = null
      RunnableScheduledFuture[11] = null
      RunnableScheduledFuture[12] = null
      RunnableScheduledFuture[13] = null
      RunnableScheduledFuture[14] = null
      RunnableScheduledFuture[15] = null
    lock = class java.util.concurrent.locks.ReentrantLock@fcd007d
      serialVersionUID = 7373984872572414699
      sync = class java.util.concurrent.locks.ReentrantLock$NonfairSync@1ae01ea7
    size = 10
    leader = class java.lang.Thread@3ccbe40b
      name = "Scheduled Executor-thread-1"
      priority = 5
      threadQ = null
      eetop = 139780650334208
      single_step = false
      daemon = true
      stillborn = false
      target = class java.util.concurrent.ThreadPoolExecutor$Worker@45abe1ca
      group = class java.lang.ThreadGroup@35886c30
      contextClassLoader = class org.eclipse.osgi.internal.framework.ContextFinder@90751c1
      inheritedAccessControlContext = class java.security.AccessControlContext@5f4b2dd1
      threadInitNumber = 19
      threadLocals = class java.lang.ThreadLocal$ThreadLocalMap@55111458
      inheritableThreadLocals = null
      stackSize = 0
      nativeParkEventPointer = 139780650326464
      tid = 28
      threadSeqNumber = 77
      threadStatus = 673
      parkBlocker = class java.util.concurrent.locks.AbstractQueuedSynchronizer$ConditionObject@6022c276
      blocker = null
      blockerLock = class java.lang.Object@3489701e
      MIN_PRIORITY = 1
      NORM_PRIORITY = 5
      MAX_PRIORITY = 10
      EMPTY_STACK_TRACE = class java.lang.StackTraceElement[0]
      SUBCLASS_IMPLEMENTATION_PERMISSION = class java.lang.RuntimePermission@44c9beda
      uncaughtExceptionHandler = null
      defaultUncaughtExceptionHandler = null
      threadLocalRandomSeed = 0
      threadLocalRandomProbe = 0
      threadLocalRandomSecondarySeed = 0
    available = class java.util.concurrent.locks.AbstractQueuedSynchronizer$ConditionObject@6022c276
      serialVersionUID = 1173984872572414699
      firstWaiter = class java.util.concurrent.locks.AbstractQueuedSynchronizer$Node@584017b3
      lastWaiter = class java.util.concurrent.locks.AbstractQueuedSynchronizer$Node@584017b3
      REINTERRUPT = 1
      THROW_IE = -1
      this$0 = class java.util.concurrent.locks.ReentrantLock$NonfairSync@1ae01ea7
    MAX_ARRAY_SIZE = 2147483639
  mainLock = class java.util.concurrent.locks.ReentrantLock@1c31fd8b
    serialVersionUID = 7373984872572414699
    sync = class java.util.concurrent.locks.ReentrantLock$NonfairSync@318a63a8
  workers = class java.util.HashSet@39d3f418
    serialVersionUID = -5024744406713321676
    map = class java.util.HashMap@63e4d6a0
      serialVersionUID = 362498820763181265
      DEFAULT_INITIAL_CAPACITY = 16
      MAXIMUM_CAPACITY = 1073741824
      DEFAULT_LOAD_FACTOR = 0.75
      TREEIFY_THRESHOLD = 8
      UNTREEIFY_THRESHOLD = 6
      MIN_TREEIFY_CAPACITY = 64
      table = class java.util.HashMap$Node[16]
      entrySet = null
      size = 1
      modCount = 1
      threshold = 12
      loadFactor = 0.75
      keySet = null
      values = null
    PRESENT = class java.lang.Object@4d229375
    MAX_ARRAY_SIZE = 2147483639
  termination = class java.util.concurrent.locks.AbstractQueuedSynchronizer$ConditionObject@34efd0dd
    serialVersionUID = 1173984872572414699
    firstWaiter = null
    lastWaiter = null
    REINTERRUPT = 1
    THROW_IE = -1
    this$0 = class java.util.concurrent.locks.ReentrantLock$NonfairSync@318a63a8
      serialVersionUID = 7316153563782823691
      serialVersionUID = -5179523762034025860
      serialVersionUID = 7373984972572414691
      head = null
      tail = null
      state = 0
      spinForTimeoutThreshold = 1000
      unsafe = class sun.misc.Unsafe@33541b17
      stateOffset = 16
      headOffset = 20
      tailOffset = 24
      waitStatusOffset = 12
      nextOffset = 20
      serialVersionUID = 3737899427754241961
      exclusiveOwnerThread = null
  largestPoolSize = 1
  completedTaskCount = 0
  threadFactory = class com.ibm.ws.threading.internal.ThreadFactoryImpl@13d08303
    tc = class com.ibm.websphere.ras.TraceComponent@71cd205e
      strings[0] = "TraceComponent[com.ibm.ws.threading.internal.ThreadFactoryImpl,class com.ibm.ws.threading.internal.ThreadFactoryImpl,[Threading],com.ibm.ws.threading.internal.resources.ThreadingMessages,null]"
    TRACE_ENABLED_AT_STARTUP = false
    createdThreadCount = class java.util.concurrent.atomic.AtomicInteger@1c5100e4
      serialVersionUID = 6214790243416807050
      unsafe = class sun.misc.Unsafe@33541b17
      valueOffset = 12
      value = 1
      serialVersionUID = -8742448824652078965
    executorName = "Scheduled Executor"
    threadGroup = class java.lang.ThreadGroup@35886c30
      parent = class java.lang.ThreadGroup@4101a97a
      name = "Scheduled Executor Thread Group"
      maxPriority = 10
      destroyed = false
      daemon = false
      vmAllowSuspension = false
      nUnstartedThreads = 0
      nthreads = 1
      threads = class java.lang.Thread[4]
      ngroups = 0
      groups = null
    contextClassLoader = class org.eclipse.osgi.internal.framework.ContextFinder@90751c1
      cycleDetector = class java.lang.ThreadLocal@31620e09
      finderClassLoader = class com.ibm.ws.kernel.internal.classloader.BootstrapChildFirstJarClassloader@cc34f4d
      contextFinder = class org.eclipse.osgi.internal.framework.ContextFinder$Finder@7c9ab399
      THIS = class java.lang.Class@611889f4
      parentContextClassLoader = class sun.misc.Launcher$AppClassLoader@18b4aac2
      parent = class sun.misc.Launcher$AppClassLoader@18b4aac2
      parallelLockMap = null
      package2certs = class java.util.Hashtable@64bb4be7
      nocerts = class java.security.cert.Certificate[0]
      classes = class java.util.Vector@740ee10e
      defaultDomain = class java.security.ProtectionDomain@55bdbbc0
      packages = class java.util.HashMap@7c12dc95
      scl = class sun.misc.Launcher$AppClassLoader@18b4aac2
      sclSet = true
      loadedLibraryNames = class java.util.Vector@42c84483
      systemNativeLibraries = class java.util.Vector@41cddb45
      nativeLibraries = class java.util.Vector@79960b07
      nativeLibraryContext = class java.util.Stack@138a86d4
      usr_paths = class java.lang.String[7]
      sys_paths = class java.lang.String[1]
      assertionLock = class org.eclipse.osgi.internal.framework.ContextFinder@90751c1
      defaultAssertionStatus = false
      packageAssertionStatus = null
      classAssertionStatus = null
    serialVersionUID = -3600085245630848128
  handler = class java.util.concurrent.ThreadPoolExecutor$AbortPolicy@9ee957
  keepAliveTime = 0
  allowCoreThreadTimeOut = false
  corePoolSize = 1
  maximumPoolSize = 2147483647
  defaultHandler = class java.util.concurrent.ThreadPoolExecutor$AbortPolicy@9ee957
  shutdownPerm = class java.lang.RuntimePermission@26cbae68
    serialVersionUID = 7399184964622342223
    serialVersionUID = 6279438298436773498
    wildcard = false
    path = "modifyThread"
    exitVM = false
    serialVersionUID = -5636570222231596674
    name = "modifyThread"
  acc = null
  ONLY_ONE = true
  $assertionsDisabled = true

