------Start of DE processing------ = [5/1/20 18:33:15:722 BRT]
Exception = java.net.MalformedURLException
Source = com.ibm.ws.kernel.launch.internal.ProvisionerImpl
probeid = checkInstallStatus
Stack Dump = java.net.MalformedURLException: unknown protocol: reference
	at java.net.URL.<init>(URL.java:618)
	at java.net.URL.<init>(URL.java:508)
	at java.net.URL.<init>(URL.java:457)
	at com.ibm.ws.kernel.launch.internal.ProvisionerImpl.installKernelBundle(ProvisionerImpl.java:276)
	at com.ibm.ws.kernel.launch.internal.ProvisionerImpl.installBundles(ProvisionerImpl.java:237)
	at com.ibm.ws.kernel.launch.internal.ProvisionerImpl.initialProvisioning(ProvisionerImpl.java:86)
	at com.ibm.ws.kernel.launch.internal.FrameworkManager.innerLaunchFramework(FrameworkManager.java:455)
	at com.ibm.ws.kernel.launch.internal.FrameworkManager.launchFramework(FrameworkManager.java:284)
	at com.ibm.ws.kernel.launch.internal.LauncherDelegateImpl.doFrameworkLaunch(LauncherDelegateImpl.java:114)
	at com.ibm.ws.kernel.launch.internal.LauncherDelegateImpl.launchFramework(LauncherDelegateImpl.java:100)
	at com.ibm.ws.kernel.boot.internal.KernelBootstrap.go(KernelBootstrap.java:213)
	at com.ibm.ws.kernel.boot.Launcher.handleActions(Launcher.java:241)
	at com.ibm.ws.kernel.boot.Launcher.createPlatform(Launcher.java:117)
	at com.ibm.ws.kernel.boot.cmdline.EnvCheck.main(EnvCheck.java:59)
	at com.ibm.ws.kernel.boot.cmdline.EnvCheck.main(EnvCheck.java:35)

Dump of callerThis
Object type = com.ibm.ws.kernel.launch.internal.ProvisionerImpl
  ME = "com.ibm.ws.kernel.launch.internal.ProvisionerImpl"
  tc = class com.ibm.websphere.ras.TraceComponent@279ad2e3
    strings[0] = "TraceComponent[com.ibm.ws.kernel.launch.internal.ProvisionerImpl,class com.ibm.ws.kernel.launch.internal.ProvisionerImpl,[bootstrap],com.ibm.ws.kernel.boot.resources.LauncherMessages,null]"
  BUNDLE_LOC_KERNEL_TAG = "kernel@"
  serviceTracker = class org.osgi.util.tracker.ServiceTracker@66d18979
    DEBUG = false
    context = class org.eclipse.osgi.internal.framework.BundleContextImpl@aecb35a
    filter = class org.eclipse.osgi.internal.framework.FilterImpl$Equal@58a9760d
      value = "com.ibm.ws.kernel.provisioning.LibertyBootRuntime"
      debug = false
      attr = "objectClass"
      filterString = null
    customizer = class org.osgi.util.tracker.ServiceTracker@66d18979
    listenerFilter = "(objectClass=com.ibm.ws.kernel.provisioning.LibertyBootRuntime)"
    trackClass = "com.ibm.ws.kernel.provisioning.LibertyBootRuntime"
    trackReference = null
    tracked = class org.osgi.util.tracker.ServiceTracker$Tracked@71e9ddb4
      this$0 = class org.osgi.util.tracker.ServiceTracker@66d18979
      DEBUG = false
      tracked = class java.util.HashMap@4e3958e7
      trackingCount = 0
      adding = class java.util.ArrayList@77f80c04
      closed = false
      initial = class java.util.LinkedList@1dac5ef
    cachedReference = null
    cachedService = null
  context = class org.eclipse.osgi.internal.framework.BundleContextImpl@aecb35a
    findHookName = "org.osgi.framework.hooks.bundle.FindHook"
    valid = false
    bundle = class org.eclipse.osgi.internal.framework.EquinoxBundle$SystemBundle@6366ebe0
      initListeners = class java.util.ArrayList@7ee8290b
      equinoxContainer = class org.eclipse.osgi.internal.framework.EquinoxContainer@5fbe4146
      module = class org.eclipse.osgi.internal.framework.EquinoxBundle$SystemBundle$EquinoxSystemModule@26b3fd41
      monitor = class java.lang.Object@7494f96a
      context = null
      signerInfos = null
      $SWITCH_TABLE$org$eclipse$osgi$container$Module$State = null
    container = class org.eclipse.osgi.internal.framework.EquinoxContainer@5fbe4146
      NAME = "org.eclipse.osgi"
      secureAction = class org.eclipse.osgi.framework.util.SecureAction@2e377400
      equinoxConfig = class org.eclipse.osgi.internal.framework.EquinoxConfiguration@1757cd72
      logServices = class org.eclipse.osgi.internal.log.EquinoxLogServices@445b295b
      storage = class org.eclipse.osgi.storage.Storage@49e5f737
      packageAdmin = class org.eclipse.osgi.internal.framework.legacy.PackageAdminImpl@5c671d7f
      startLevel = class org.eclipse.osgi.internal.framework.legacy.StartLevelImpl@757277dc
      bootDelegation = class java.util.HashSet@687e99d8
      bootDelegationStems = class java.lang.String[12]
      bootDelegateAll = false
      isProcessClassRecursionSupportedByAll = false
      eventPublisher = class org.eclipse.osgi.internal.framework.EquinoxEventPublisher@6aaceffd
      monitor = class java.lang.Object@c86b9e3
      bootLoader = class org.eclipse.osgi.internal.framework.EquinoxContainer$1@10aa41f2
      serviceRegistry = null
      contextFinder = class org.eclipse.osgi.internal.framework.ContextFinder@3af9c5b7
      signedContentFactory = class org.osgi.util.tracker.ServiceTracker@37271612
      executor = class java.util.concurrent.ScheduledThreadPoolExecutor@ed7f8b4
      storageSaver = class org.eclipse.osgi.internal.framework.StorageSaver@4c309d4d
    debug = class org.eclipse.osgi.internal.debug.Debug@1e66f1f5
      ECLIPSE_OSGI = "org.eclipse.osgi"
      OPTION_DEBUG_GENERAL = "org.eclipse.osgi/debug"
      OPTION_DEBUG_BUNDLE_TIME = "org.eclipse.osgi/debug/bundleTime"
      OPTION_DEBUG_BUNDLE_START_TIME = "org.eclipse.osgi/debug/bundleStartTime"
      OPTION_DEBUG_LOADER = "org.eclipse.osgi/debug/loader"
      OPTION_DEBUG_STORAGE = "org.eclipse.osgi/debug/storage"
      OPTION_DEBUG_EVENTS = "org.eclipse.osgi/debug/events"
      OPTION_DEBUG_SERVICES = "org.eclipse.osgi/debug/services"
      OPTION_DEBUG_HOOKS = "org.eclipse.osgi/debug/hooks"
      OPTION_DEBUG_MANIFEST = "org.eclipse.osgi/debug/manifest"
      OPTION_DEBUG_FILTER = "org.eclipse.osgi/debug/filter"
      OPTION_DEBUG_SECURITY = "org.eclipse.osgi/debug/security"
      OPTION_DEBUG_STARTLEVEL = "org.eclipse.osgi/debug/startlevel"
      OPTION_DEBUG_PACKAGEADMIN = "org.eclipse.osgi/debug/packageadmin"
      OPTION_DEBUG_PACKAGEADMIN_TIMING = "org.eclipse.osgi/debug/packageadmin/timing"
      OPTION_MONITOR_ACTIVATION = "org.eclipse.osgi/monitor/activation"
      OPTION_MONITOR_LAZY = "org.eclipse.osgi/monitor/lazy"
      OPTION_DEBUG_MESSAGE_BUNDLES = "org.eclipse.osgi/debug/messageBundles"
      OPTION_DEBUG_LOCATION = "org.eclipse.osgi/debug/location"
      OPTION_CACHED_MANIFEST = "org.eclipse.osgi/debug/cachedmanifest"
      OPTION_DEBUG_SYSTEM_BUNDLE = "org.eclipse.osgi/debug/systemBundle"
      OPTION_DEBUG_BUNDLE_FILE = "org.eclipse.osgi/debug/bundleFile"
      DEBUG_GENERAL = false
      DEBUG_BUNDLE_TIME = false
      DEBUG_LOADER = false
      DEBUG_STORAGE = false
      DEBUG_EVENTS = false
      DEBUG_SERVICES = false
      DEBUG_HOOKS = false
      DEBUG_MANIFEST = false
      DEBUG_FILTER = false
      DEBUG_SECURITY = false
      DEBUG_STARTLEVEL = false
      DEBUG_PACKAGEADMIN = false
      DEBUG_PACKAGEADMIN_TIMING = false
      DEBUG_MESSAGE_BUNDLES = false
      MONITOR_ACTIVATION = false
      DEBUG_LOCATION = false
      DEBUG_CACHED_MANIFEST = false
      DEBUG_SYSTEM_BUNDLE = false
      DEBUG_BUNDLE_FILE = false
      out = class com.ibm.ws.logging.internal.impl.BaseTraceService$TeePrintStream@4961f6af
    servicesInUse = null
    activator = null
    contextLock = class java.lang.Object@4e50c791
  frameworkStartLevel = class org.eclipse.osgi.container.ModuleContainer$ContainerStartLevel@bccb269
    USE_BEGINNING_START_LEVEL = -2147483648
    FRAMEWORK_STARTLEVEL = 1
    MODULE_STARTLEVEL = 2
    activeStartLevel = class java.util.concurrent.atomic.AtomicInteger@17f7cd29
      serialVersionUID = 6214790243416807050
      unsafe = class sun.misc.Unsafe@5c90e579
      valueOffset = 12
      value = 0
      serialVersionUID = -8742448824652078965
    eventManagerLock = class java.lang.Object@7d8704ef
    startLevelThread = class org.eclipse.osgi.framework.eventmgr.EventManager@13b6aecc
      DEBUG = false
      thread = null
      closed = true
      threadName = "Start Level: Equinox Container: 1f2bab38-dd61-40c8-b0fb-c5db246060c8"
      threadGroup = null
    frameworkStartLevelLock = class java.lang.Object@158a8276
    debugStartLevel = false
    this$0 = class org.eclipse.osgi.container.ModuleContainer@3c3d9b6b
      secureAction = class org.eclipse.osgi.framework.util.SecureAction@707194ba
      locationLocks = class org.eclipse.osgi.internal.container.LockSet@1190200a
      nameLocks = class org.eclipse.osgi.internal.container.LockSet@6a2f6f80
      frameworkWiring = class org.eclipse.osgi.container.ModuleContainer$ContainerWiring@45b4c3a9
      frameworkStartLevel = class org.eclipse.osgi.container.ModuleContainer$ContainerStartLevel@bccb269
      moduleDatabase = class org.eclipse.osgi.container.ModuleDatabase@399c4be1
      adaptor = class org.eclipse.osgi.internal.framework.EquinoxContainerAdaptor@291caca8
      moduleResolver = class org.eclipse.osgi.container.ModuleResolver@385e9564
      refreshingSystemModule = class java.util.concurrent.atomic.AtomicReference@5b94b04d
      moduleLockTimeout = 5
      autoStartOnResolve = false
      restrictParallelStart = true
      DEBUG_MONITOR_LAZY = false
      DEBUG_BUNDLE_START_TIME = false
      _resolutionLock = class org.eclipse.osgi.container.ModuleContainer$ResolutionLock@8c3b9d
      _bundleStateLock = class java.util.concurrent.locks.ReentrantLock@4c39bec8
  serialVersionUID = 5560492706102011330

Dump of objectArray[0]
Object type = java.lang.String
  String value = "com.ibm.ws.crypto.passwordutil;version="[1,1.0.100)""

