------Start of DE processing------ = [5/1/20 18:33:15:179 BRT]
Exception = java.net.MalformedURLException
Source = com.ibm.ws.kernel.launch.internal.ProvisionerImpl
probeid = 288
Stack Dump = java.net.MalformedURLException: unknown protocol: reference
	at java.net.URL.<init>(URL.java:618)
	at java.net.URL.<init>(URL.java:508)
	at java.net.URL.<init>(URL.java:457)
	at com.ibm.ws.kernel.launch.internal.ProvisionerImpl.installKernelBundle(ProvisionerImpl.java:276)
	at com.ibm.ws.kernel.launch.internal.ProvisionerImpl.installBundles(ProvisionerImpl.java:237)
	at com.ibm.ws.kernel.launch.internal.ProvisionerImpl.initialProvisioning(ProvisionerImpl.java:86)
	at com.ibm.ws.kernel.launch.internal.FrameworkManager.innerLaunchFramework(FrameworkManager.java:455)
	at com.ibm.ws.kernel.launch.internal.FrameworkManager.launchFramework(FrameworkManager.java:284)
	at com.ibm.ws.kernel.launch.internal.LauncherDelegateImpl.doFrameworkLaunch(LauncherDelegateImpl.java:114)
	at com.ibm.ws.kernel.launch.internal.LauncherDelegateImpl.launchFramework(LauncherDelegateImpl.java:100)
	at com.ibm.ws.kernel.boot.internal.KernelBootstrap.go(KernelBootstrap.java:213)
	at com.ibm.ws.kernel.boot.Launcher.handleActions(Launcher.java:241)
	at com.ibm.ws.kernel.boot.Launcher.createPlatform(Launcher.java:117)
	at com.ibm.ws.kernel.boot.cmdline.EnvCheck.main(EnvCheck.java:59)
	at com.ibm.ws.kernel.boot.cmdline.EnvCheck.main(EnvCheck.java:35)

Dump of callerThis
Object type = com.ibm.ws.kernel.launch.internal.ProvisionerImpl
  ME = "com.ibm.ws.kernel.launch.internal.ProvisionerImpl"
  tc = class com.ibm.websphere.ras.TraceComponent@279ad2e3
    strings[0] = "TraceComponent[com.ibm.ws.kernel.launch.internal.ProvisionerImpl,class com.ibm.ws.kernel.launch.internal.ProvisionerImpl,[bootstrap],com.ibm.ws.kernel.boot.resources.LauncherMessages,null]"
  BUNDLE_LOC_KERNEL_TAG = "kernel@"
  serviceTracker = class org.osgi.util.tracker.ServiceTracker@66d18979
    DEBUG = false
    context = class org.eclipse.osgi.internal.framework.BundleContextImpl@aecb35a
    filter = class org.eclipse.osgi.internal.framework.FilterImpl$Equal@58a9760d
      value = "com.ibm.ws.kernel.provisioning.LibertyBootRuntime"
      debug = false
      attr = "objectClass"
      filterString = null
    customizer = class org.osgi.util.tracker.ServiceTracker@66d18979
    listenerFilter = "(objectClass=com.ibm.ws.kernel.provisioning.LibertyBootRuntime)"
    trackClass = "com.ibm.ws.kernel.provisioning.LibertyBootRuntime"
    trackReference = null
    tracked = class org.osgi.util.tracker.ServiceTracker$Tracked@71e9ddb4
      this$0 = class org.osgi.util.tracker.ServiceTracker@66d18979
      DEBUG = false
      tracked = class java.util.HashMap@4e3958e7
      trackingCount = 0
      adding = class java.util.ArrayList@77f80c04
      closed = false
      initial = class java.util.LinkedList@1dac5ef
    cachedReference = null
    cachedService = null
  context = class org.eclipse.osgi.internal.framework.BundleContextImpl@aecb35a
    findHookName = "org.osgi.framework.hooks.bundle.FindHook"
    valid = false
    bundle = class org.eclipse.osgi.internal.framework.EquinoxBundle$SystemBundle@6366ebe0
      initListeners = class java.util.ArrayList@7ee8290b
      equinoxContainer = class org.eclipse.osgi.internal.framework.EquinoxContainer@5fbe4146
      module = class org.eclipse.osgi.internal.framework.EquinoxBundle$SystemBundle$EquinoxSystemModule@26b3fd41
      monitor = class java.lang.Object@7494f96a
      context = null
      signerInfos = null
      $SWITCH_TABLE$org$eclipse$osgi$container$Module$State = null
    container = class org.eclipse.osgi.internal.framework.EquinoxContainer@5fbe4146
      NAME = "org.eclipse.osgi"
      secureAction = class org.eclipse.osgi.framework.util.SecureAction@2e377400
      equinoxConfig = class org.eclipse.osgi.internal.framework.EquinoxConfiguration@1757cd72
      logServices = class org.eclipse.osgi.internal.log.EquinoxLogServices@445b295b
      storage = class org.eclipse.osgi.storage.Storage@49e5f737
      packageAdmin = class org.eclipse.osgi.internal.framework.legacy.PackageAdminImpl@5c671d7f
      startLevel = class org.eclipse.osgi.internal.framework.legacy.StartLevelImpl@757277dc
      bootDelegation = class java.util.HashSet@687e99d8
      bootDelegationStems = class java.lang.String[12]
      bootDelegateAll = false
      isProcessClassRecursionSupportedByAll = false
      eventPublisher = class org.eclipse.osgi.internal.framework.EquinoxEventPublisher@6aaceffd
      monitor = class java.lang.Object@c86b9e3
      bootLoader = class org.eclipse.osgi.internal.framework.EquinoxContainer$1@10aa41f2
      serviceRegistry = null
      contextFinder = class org.eclipse.osgi.internal.framework.ContextFinder@3af9c5b7
      signedContentFactory = class org.osgi.util.tracker.ServiceTracker@37271612
      executor = class java.util.concurrent.ScheduledThreadPoolExecutor@ed7f8b4
      storageSaver = class org.eclipse.osgi.internal.framework.StorageSaver@4c309d4d
    debug = class org.eclipse.osgi.internal.debug.Debug@1e66f1f5
      ECLIPSE_OSGI = "org.eclipse.osgi"
      OPTION_DEBUG_GENERAL = "org.eclipse.osgi/debug"
      OPTION_DEBUG_BUNDLE_TIME = "org.eclipse.osgi/debug/bundleTime"
      OPTION_DEBUG_BUNDLE_START_TIME = "org.eclipse.osgi/debug/bundleStartTime"
      OPTION_DEBUG_LOADER = "org.eclipse.osgi/debug/loader"
      OPTION_DEBUG_STORAGE = "org.eclipse.osgi/debug/storage"
      OPTION_DEBUG_EVENTS = "org.eclipse.osgi/debug/events"
      OPTION_DEBUG_SERVICES = "org.eclipse.osgi/debug/services"
      OPTION_DEBUG_HOOKS = "org.eclipse.osgi/debug/hooks"
      OPTION_DEBUG_MANIFEST = "org.eclipse.osgi/debug/manifest"
      OPTION_DEBUG_FILTER = "org.eclipse.osgi/debug/filter"
      OPTION_DEBUG_SECURITY = "org.eclipse.osgi/debug/security"
      OPTION_DEBUG_STARTLEVEL = "org.eclipse.osgi/debug/startlevel"
      OPTION_DEBUG_PACKAGEADMIN = "org.eclipse.osgi/debug/packageadmin"
      OPTION_DEBUG_PACKAGEADMIN_TIMING = "org.eclipse.osgi/debug/packageadmin/timing"
      OPTION_MONITOR_ACTIVATION = "org.eclipse.osgi/monitor/activation"
      OPTION_MONITOR_LAZY = "org.eclipse.osgi/monitor/lazy"
      OPTION_DEBUG_MESSAGE_BUNDLES = "org.eclipse.osgi/debug/messageBundles"
      OPTION_DEBUG_LOCATION = "org.eclipse.osgi/debug/location"
      OPTION_CACHED_MANIFEST = "org.eclipse.osgi/debug/cachedmanifest"
      OPTION_DEBUG_SYSTEM_BUNDLE = "org.eclipse.osgi/debug/systemBundle"
      OPTION_DEBUG_BUNDLE_FILE = "org.eclipse.osgi/debug/bundleFile"
      DEBUG_GENERAL = false
      DEBUG_BUNDLE_TIME = false
      DEBUG_LOADER = false
      DEBUG_STORAGE = false
      DEBUG_EVENTS = false
      DEBUG_SERVICES = false
      DEBUG_HOOKS = false
      DEBUG_MANIFEST = false
      DEBUG_FILTER = false
      DEBUG_SECURITY = false
      DEBUG_STARTLEVEL = false
      DEBUG_PACKAGEADMIN = false
      DEBUG_PACKAGEADMIN_TIMING = false
      DEBUG_MESSAGE_BUNDLES = false
      MONITOR_ACTIVATION = false
      DEBUG_LOCATION = false
      DEBUG_CACHED_MANIFEST = false
      DEBUG_SYSTEM_BUNDLE = false
      DEBUG_BUNDLE_FILE = false
      out = class com.ibm.ws.logging.internal.impl.BaseTraceService$TeePrintStream@4961f6af
    servicesInUse = null
    activator = null
    contextLock = class java.lang.Object@4e50c791
  frameworkStartLevel = class org.eclipse.osgi.container.ModuleContainer$ContainerStartLevel@bccb269
    USE_BEGINNING_START_LEVEL = -2147483648
    FRAMEWORK_STARTLEVEL = 1
    MODULE_STARTLEVEL = 2
    activeStartLevel = class java.util.concurrent.atomic.AtomicInteger@17f7cd29
      serialVersionUID = 6214790243416807050
      unsafe = class sun.misc.Unsafe@5c90e579
      valueOffset = 12
      value = 0
      serialVersionUID = -8742448824652078965
    eventManagerLock = class java.lang.Object@7d8704ef
    startLevelThread = class org.eclipse.osgi.framework.eventmgr.EventManager@13b6aecc
      DEBUG = false
      thread = null
      closed = true
      threadName = "Start Level: Equinox Container: 1f2bab38-dd61-40c8-b0fb-c5db246060c8"
      threadGroup = null
    frameworkStartLevelLock = class java.lang.Object@158a8276
    debugStartLevel = false
    this$0 = class org.eclipse.osgi.container.ModuleContainer@3c3d9b6b
      secureAction = class org.eclipse.osgi.framework.util.SecureAction@707194ba
      locationLocks = class org.eclipse.osgi.internal.container.LockSet@1190200a
      nameLocks = class org.eclipse.osgi.internal.container.LockSet@6a2f6f80
      frameworkWiring = class org.eclipse.osgi.container.ModuleContainer$ContainerWiring@45b4c3a9
      frameworkStartLevel = class org.eclipse.osgi.container.ModuleContainer$ContainerStartLevel@bccb269
      moduleDatabase = class org.eclipse.osgi.container.ModuleDatabase@399c4be1
      adaptor = class org.eclipse.osgi.internal.framework.EquinoxContainerAdaptor@291caca8
      moduleResolver = class org.eclipse.osgi.container.ModuleResolver@385e9564
      refreshingSystemModule = class java.util.concurrent.atomic.AtomicReference@5b94b04d
      moduleLockTimeout = 5
      autoStartOnResolve = false
      restrictParallelStart = true
      DEBUG_MONITOR_LAZY = false
      DEBUG_BUNDLE_START_TIME = false
      _resolutionLock = class org.eclipse.osgi.container.ModuleContainer$ResolutionLock@8c3b9d
      _bundleStateLock = class java.util.concurrent.locks.ReentrantLock@4c39bec8
  serialVersionUID = 5560492706102011330

Dump of objectArray[0]
Object type = com.ibm.ws.kernel.boot.internal.KernelResolver$BundleCacheElement
  element = class com.ibm.ws.kernel.boot.internal.KernelResolver$SubsystemContentElement@865dd6
    symbolicName = "com.ibm.ws.logging.osgi"
    type = null
    location = null
    vrangeString = "[1,1.0.100)"
    startPhase = "BOOTSTRAP"
  startLevel = 2
  cache = class com.ibm.ws.kernel.boot.internal.KernelResolver$ResolverCache@4da4253
    cacheEntries = class java.util.LinkedHashMap@770d3326
      serialVersionUID = 3801124242820219131
      head = class java.util.LinkedHashMap$Entry@73ee04c8
      tail = class java.util.LinkedHashMap$Entry@7671cb68
      accessOrder = false
      serialVersionUID = 362498820763181265
      DEFAULT_INITIAL_CAPACITY = 16
      MAXIMUM_CAPACITY = 1073741824
      DEFAULT_LOAD_FACTOR = 0.75
      TREEIFY_THRESHOLD = 8
      UNTREEIFY_THRESHOLD = 6
      MIN_TREEIFY_CAPACITY = 64
      table = class java.util.HashMap$Node[16]
      entrySet = null
      size = 2
      modCount = 2
      threshold = 12
      loadFactor = 0.75
      keySet = null
      values = class java.util.LinkedHashMap$LinkedValues@6b8ca3c8
    cacheFile = class java.io.File@4cc8eb05
      fs = class java.io.UnixFileSystem@503d687a
      path = "/c/Users/ernmarti/Downloads/wlp-webProfile8-20.0.0.4/wlp/usr/servers/defaultServer/workarea/platform/kernel.cache"
      status = class java.io.File$PathStatus@6a370f4
      prefixLength = 1
      separatorChar = /
      separator = "/"
      pathSeparatorChar = :
      pathSeparator = ":"
      PATH_OFFSET = 16
      PREFIX_LENGTH_OFFSET = 12
      UNSAFE = class sun.misc.Unsafe@5c90e579
      serialVersionUID = 301077366599181567
      filePath = null
      $assertionsDisabled = true
    libertyBoot = false
    featuresInUse = class java.util.ArrayList@51f116b8
      serialVersionUID = 8683452581122892189
      DEFAULT_CAPACITY = 10
      EMPTY_ELEMENTDATA = class java.lang.Object[0]
      DEFAULTCAPACITY_EMPTY_ELEMENTDATA = class java.lang.Object[0]
      elementData = class java.lang.Object[10]
      size = 2
      MAX_ARRAY_SIZE = 2147483639
      modCount = 2
      MAX_ARRAY_SIZE = 2147483639
    isDirty = true
  bestMatchFile = class java.io.File@3972a855
    fs = class java.io.UnixFileSystem@503d687a
      slash = /
      colon = :
      javaHome = "/usr/lib/jvm/java-8-openjdk-amd64/jre"
      cache = class java.io.ExpiringCache@1f97cf0d
      javaHomePrefixCache = class java.io.ExpiringCache@140c9f39
      BA_EXISTS = 1
      BA_REGULAR = 2
      BA_DIRECTORY = 4
      BA_HIDDEN = 8
      ACCESS_READ = 4
      ACCESS_WRITE = 2
      ACCESS_EXECUTE = 1
      SPACE_TOTAL = 0
      SPACE_FREE = 1
      SPACE_USABLE = 2
      useCanonCaches = true
      useCanonPrefixCache = true
    path = "/c/Users/ernmarti/Downloads/wlp-webProfile8-20.0.0.4/wlp/lib/com.ibm.ws.logging.osgi_1.0.39.jar"
    status = class java.io.File$PathStatus@6a370f4
      INVALID = class java.io.File$PathStatus@7690781
      CHECKED = class java.io.File$PathStatus@6a370f4
      $VALUES = class java.io.File$PathStatus[2]
      name = "CHECKED"
      ordinal = 1
    prefixLength = 1
    separatorChar = /
    separator = "/"
    pathSeparatorChar = :
    pathSeparator = ":"
    PATH_OFFSET = 16
    PREFIX_LENGTH_OFFSET = 12
    UNSAFE = class sun.misc.Unsafe@5c90e579
      theUnsafe = class sun.misc.Unsafe@5c90e579
      INVALID_FIELD_OFFSET = -1
      ARRAY_BOOLEAN_BASE_OFFSET = 16
      ARRAY_BYTE_BASE_OFFSET = 16
      ARRAY_SHORT_BASE_OFFSET = 16
      ARRAY_CHAR_BASE_OFFSET = 16
      ARRAY_INT_BASE_OFFSET = 16
      ARRAY_LONG_BASE_OFFSET = 16
      ARRAY_FLOAT_BASE_OFFSET = 16
      ARRAY_DOUBLE_BASE_OFFSET = 16
      ARRAY_OBJECT_BASE_OFFSET = 16
      ARRAY_BOOLEAN_INDEX_SCALE = 1
      ARRAY_BYTE_INDEX_SCALE = 1
      ARRAY_SHORT_INDEX_SCALE = 2
      ARRAY_CHAR_INDEX_SCALE = 2
      ARRAY_INT_INDEX_SCALE = 4
      ARRAY_LONG_INDEX_SCALE = 8
      ARRAY_FLOAT_INDEX_SCALE = 4
      ARRAY_DOUBLE_INDEX_SCALE = 8
      ARRAY_OBJECT_INDEX_SCALE = 4
      ADDRESS_SIZE = 8
    serialVersionUID = 301077366599181567
    filePath = null
    $assertionsDisabled = true

Dump of objectArray[1]
Object type = com.ibm.ws.kernel.launch.internal.BundleInstallStatus
  bundlesToStart = null
  missingBundles = null
  installExceptions = null
  serialVersionUID = 5001112411299096272
  $$$tc$$$ = class com.ibm.websphere.ras.TraceComponent@971d0d8
    strings[0] = "TraceComponent[com.ibm.ws.kernel.launch.internal.BundleInstallStatus,class com.ibm.ws.kernel.launch.internal.BundleInstallStatus,[bootstrap],com.ibm.ws.kernel.boot.resources.LauncherMessages,null]"

Dump of objectArray[2]
Object type = com.ibm.ws.kernel.provisioning.ContentBasedLocalBundleRepository
  _installDir = class java.io.File@2cd2a21f
    fs = class java.io.UnixFileSystem@503d687a
    path = "/c/Users/ernmarti/Downloads/wlp-webProfile8-20.0.0.4/wlp"
    status = null
    prefixLength = 1
    separatorChar = /
    separator = "/"
    pathSeparatorChar = :
    pathSeparator = ":"
    PATH_OFFSET = 16
    PREFIX_LENGTH_OFFSET = 12
    UNSAFE = class sun.misc.Unsafe@5c90e579
    serialVersionUID = 301077366599181567
    filePath = null
    $assertionsDisabled = true
  _cacheFile = class java.io.File@2e55dd0c
    fs = class java.io.UnixFileSystem@503d687a
      slash = /
      colon = :
      javaHome = "/usr/lib/jvm/java-8-openjdk-amd64/jre"
      cache = class java.io.ExpiringCache@1f97cf0d
      javaHomePrefixCache = class java.io.ExpiringCache@140c9f39
      BA_EXISTS = 1
      BA_REGULAR = 2
      BA_DIRECTORY = 4
      BA_HIDDEN = 8
      ACCESS_READ = 4
      ACCESS_WRITE = 2
      ACCESS_EXECUTE = 1
      SPACE_TOTAL = 0
      SPACE_FREE = 1
      SPACE_USABLE = 2
      useCanonCaches = true
      useCanonPrefixCache = true
    path = "/c/Users/ernmarti/Downloads/wlp-webProfile8-20.0.0.4/wlp/usr/servers/defaultServer/workarea/platform/bundle/.cache"
    status = class java.io.File$PathStatus@6a370f4
      INVALID = class java.io.File$PathStatus@7690781
      CHECKED = class java.io.File$PathStatus@6a370f4
      $VALUES = class java.io.File$PathStatus[2]
      name = "CHECKED"
      ordinal = 1
    prefixLength = 1
    separatorChar = /
    separator = "/"
    pathSeparatorChar = :
    pathSeparator = ":"
    PATH_OFFSET = 16
    PREFIX_LENGTH_OFFSET = 12
    UNSAFE = class sun.misc.Unsafe@5c90e579
      theUnsafe = class sun.misc.Unsafe@5c90e579
      INVALID_FIELD_OFFSET = -1
      ARRAY_BOOLEAN_BASE_OFFSET = 16
      ARRAY_BYTE_BASE_OFFSET = 16
      ARRAY_SHORT_BASE_OFFSET = 16
      ARRAY_CHAR_BASE_OFFSET = 16
      ARRAY_INT_BASE_OFFSET = 16
      ARRAY_LONG_BASE_OFFSET = 16
      ARRAY_FLOAT_BASE_OFFSET = 16
      ARRAY_DOUBLE_BASE_OFFSET = 16
      ARRAY_OBJECT_BASE_OFFSET = 16
      ARRAY_BOOLEAN_INDEX_SCALE = 1
      ARRAY_BYTE_INDEX_SCALE = 1
      ARRAY_SHORT_INDEX_SCALE = 2
      ARRAY_CHAR_INDEX_SCALE = 2
      ARRAY_INT_INDEX_SCALE = 4
      ARRAY_LONG_INDEX_SCALE = 8
      ARRAY_FLOAT_INDEX_SCALE = 4
      ARRAY_DOUBLE_INDEX_SCALE = 8
      ARRAY_OBJECT_INDEX_SCALE = 4
      ADDRESS_SIZE = 8
    serialVersionUID = 301077366599181567
    filePath = null
    $assertionsDisabled = true
  _defaultLocation = "lib/"
  _cacheBySymbolicName = class java.util.concurrent.ConcurrentHashMap@74455848
    serialVersionUID = 7249069246763182397
    MAXIMUM_CAPACITY = 1073741824
    DEFAULT_CAPACITY = 16
    MAX_ARRAY_SIZE = 2147483639
    DEFAULT_CONCURRENCY_LEVEL = 16
    LOAD_FACTOR = 0.75
    TREEIFY_THRESHOLD = 8
    UNTREEIFY_THRESHOLD = 6
    MIN_TREEIFY_CAPACITY = 64
    MIN_TRANSFER_STRIDE = 16
    RESIZE_STAMP_BITS = 16
    MAX_RESIZERS = 65535
    RESIZE_STAMP_SHIFT = 16
    MOVED = -1
    TREEBIN = -2
    RESERVED = -3
    HASH_BITS = 2147483647
    NCPU = 4
    serialPersistentFields = class java.io.ObjectStreamField[3]
      ObjectStreamField[0] = class java.io.ObjectStreamField@20140db9
      ObjectStreamField[1] = class java.io.ObjectStreamField@1e6a3214
      ObjectStreamField[2] = class java.io.ObjectStreamField@368247b9
    table = class java.util.concurrent.ConcurrentHashMap$Node[1024]
      Node[0] = null
      Node[1] = null
      Node[2] = class java.util.concurrent.ConcurrentHashMap$Node@5fd4f8f5
      Node[3] = null
      Node[4] = null
      Node[5] = null
      Node[6] = class java.util.concurrent.ConcurrentHashMap$Node@696da30b
      Node[7] = null
      Node[8] = class java.util.concurrent.ConcurrentHashMap$Node@4e7912d8
      Node[9] = class java.util.concurrent.ConcurrentHashMap$Node@53976f5c
      Node[10] = null
      Node[11] = class java.util.concurrent.ConcurrentHashMap$Node@2bfc268b
      Node[12] = null
      Node[13] = null
      Node[14] = class java.util.concurrent.ConcurrentHashMap$Node@2f8dad04
      Node[15] = null
      Node[16] = class java.util.concurrent.ConcurrentHashMap$Node@29e495ff
      Node[17] = null
      Node[18] = null
      Node[19] = null
      Node[20] = class java.util.concurrent.ConcurrentHashMap$Node@41e1e210
      Node[21] = class java.util.concurrent.ConcurrentHashMap$Node@be35cd9
      Node[22] = null
      Node[23] = null
      Node[24] = class java.util.concurrent.ConcurrentHashMap$Node@4944252c
      Node[25] = null
      Node[26] = class java.util.concurrent.ConcurrentHashMap$Node@44821a96
      Node[27] = class java.util.concurrent.ConcurrentHashMap$Node@a3d8174
      Node[28] = null
      Node[29] = null
      Node[30] = null
      Node[31] = null
      Node[32] = class java.util.concurrent.ConcurrentHashMap$Node@1ba9117e
      Node[33] = class java.util.concurrent.ConcurrentHashMap$Node@732c2a62
      Node[34] = class java.util.concurrent.ConcurrentHashMap$Node@272ed83b
      Node[35] = null
      Node[36] = class java.util.concurrent.ConcurrentHashMap$Node@41fecb8b
      Node[37] = null
      Node[38] = null
      Node[39] = null
      Node[40] = class java.util.concurrent.ConcurrentHashMap$Node@120f102b
      Node[41] = null
      Node[42] = null
      Node[43] = class java.util.concurrent.ConcurrentHashMap$Node@625732
      Node[44] = class java.util.concurrent.ConcurrentHashMap$Node@51dcb805
      Node[45] = null
      Node[46] = class java.util.concurrent.ConcurrentHashMap$Node@66498326
      Node[47] = null
      Node[48] = null
      Node[49] = null
      Node[50] = null
      Node[51] = null
      Node[52] = null
      Node[53] = null
      Node[54] = null
      Node[55] = class java.util.concurrent.ConcurrentHashMap$Node@cad498c
      Node[56] = null
      Node[57] = class java.util.concurrent.ConcurrentHashMap$Node@1e6454ec
      Node[58] = null
      Node[59] = null
      Node[60] = class java.util.concurrent.ConcurrentHashMap$Node@2accdbb5
      Node[61] = class java.util.concurrent.ConcurrentHashMap$Node@b62d79
      Node[62] = null
      Node[63] = null
      Node[64] = null
      Node[65] = null
      Node[66] = null
      Node[67] = null
      Node[68] = null
      Node[69] = null
      Node[70] = null
      Node[71] = null
      Node[72] = null
      Node[73] = class java.util.concurrent.ConcurrentHashMap$Node@6631f5ca
      Node[74] = null
      Node[75] = null
      Node[76] = null
      Node[77] = class java.util.concurrent.ConcurrentHashMap$Node@5ace1ed4
      Node[78] = class java.util.concurrent.ConcurrentHashMap$Node@1613674b
      Node[79] = class java.util.concurrent.ConcurrentHashMap$Node@27ff5d15
      Node[80] = null
      Node[81] = null
      Node[82] = null
      Node[83] = null
      Node[84] = null
      Node[85] = null
      Node[86] = null
      Node[87] = class java.util.concurrent.ConcurrentHashMap$Node@4e096385
      Node[88] = null
      Node[89] = null
      Node[90] = null
      Node[91] = class java.util.concurrent.ConcurrentHashMap$Node@649bec2e
      Node[92] = class java.util.concurrent.ConcurrentHashMap$Node@693fe6c9
      Node[93] = class java.util.concurrent.ConcurrentHashMap$Node@34f5090e
      Node[94] = class java.util.concurrent.ConcurrentHashMap$Node@31e5415e
      Node[95] = null
      Node[96] = class java.util.concurrent.ConcurrentHashMap$Node@a2431d0
      Node[97] = null
      Node[98] = class java.util.concurrent.ConcurrentHashMap$Node@1cbb87f3
      Node[99] = class java.util.concurrent.ConcurrentHashMap$Node@1a4013
      Node[100] = null
      Node[101] = null
      Node[102] = class java.util.concurrent.ConcurrentHashMap$Node@1b6e1eff
      Node[103] = null
      Node[104] = null
      Node[105] = class java.util.concurrent.ConcurrentHashMap$Node@306f16f3
      Node[106] = null
      Node[107] = null
      Node[108] = null
      Node[109] = class java.util.concurrent.ConcurrentHashMap$Node@702b8b12
      Node[110] = class java.util.concurrent.ConcurrentHashMap$Node@22e357dc
      Node[111] = null
      Node[112] = class java.util.concurrent.ConcurrentHashMap$Node@49912c99
      Node[113] = class java.util.concurrent.ConcurrentHashMap$Node@10163d6
      Node[114] = null
      Node[115] = class java.util.concurrent.ConcurrentHashMap$Node@2dde1bff
      Node[116] = null
      Node[117] = class java.util.concurrent.ConcurrentHashMap$Node@15bbf42f
      Node[118] = null
      Node[119] = null
      Node[120] = null
      Node[121] = null
      Node[122] = null
      Node[123] = null
      Node[124] = null
      Node[125] = null
      Node[126] = null
      Node[127] = null
      Node[128] = null
      Node[129] = class java.util.concurrent.ConcurrentHashMap$Node@550ee7e5
      Node[130] = class java.util.concurrent.ConcurrentHashMap$Node@5f9b2141
      Node[131] = null
      Node[132] = null
      Node[133] = class java.util.concurrent.ConcurrentHashMap$Node@247d8ae
      Node[134] = class java.util.concurrent.ConcurrentHashMap$Node@48974e45
      Node[135] = class java.util.concurrent.ConcurrentHashMap$Node@6a84a97d
      Node[136] = class java.util.concurrent.ConcurrentHashMap$Node@6c130c45
      Node[137] = null
      Node[138] = null
      Node[139] = null
      Node[140] = class java.util.concurrent.ConcurrentHashMap$Node@50ad3bc1
      Node[141] = class java.util.concurrent.ConcurrentHashMap$Node@223aa2f7
      Node[142] = class java.util.concurrent.ConcurrentHashMap$Node@6d3a388c
      Node[143] = null
      Node[144] = null
      Node[145] = null
      Node[146] = null
      Node[147] = null
      Node[148] = null
      Node[149] = null
      Node[150] = null
      Node[151] = class java.util.concurrent.ConcurrentHashMap$Node@193f604a
      Node[152] = null
      Node[153] = class java.util.concurrent.ConcurrentHashMap$Node@20f5239f
      Node[154] = class java.util.concurrent.ConcurrentHashMap$Node@57af006c
      Node[155] = null
      Node[156] = null
      Node[157] = class java.util.concurrent.ConcurrentHashMap$Node@6bedbc4d
      Node[158] = null
      Node[159] = null
      Node[160] = null
      Node[161] = class java.util.concurrent.ConcurrentHashMap$Node@932bc4a
      Node[162] = null
      Node[163] = null
      Node[164] = class java.util.concurrent.ConcurrentHashMap$Node@d29f28
      Node[165] = null
      Node[166] = null
      Node[167] = class java.util.concurrent.ConcurrentHashMap$Node@2fd1433e
      Node[168] = null
      Node[169] = class java.util.concurrent.ConcurrentHashMap$Node@29d89d5d
      Node[170] = null
      Node[171] = null
      Node[172] = class java.util.concurrent.ConcurrentHashMap$Node@3514a4c0
      Node[173] = null
      Node[174] = class java.util.concurrent.ConcurrentHashMap$Node@212b5695
      Node[175] = class java.util.concurrent.ConcurrentHashMap$Node@446293d
      Node[176] = class java.util.concurrent.ConcurrentHashMap$Node@69997e9d
      Node[177] = null
      Node[178] = null
      Node[179] = null
      Node[180] = null
      Node[181] = null
      Node[182] = null
      Node[183] = class java.util.concurrent.ConcurrentHashMap$Node@793be5ca
      Node[184] = class java.util.concurrent.ConcurrentHashMap$Node@2df9b86
      Node[185] = class java.util.concurrent.ConcurrentHashMap$Node@37654521
      Node[186] = class java.util.concurrent.ConcurrentHashMap$Node@15aab8c6
      Node[187] = null
      Node[188] = null
      Node[189] = class java.util.concurrent.ConcurrentHashMap$Node@33990a0c
      Node[190] = class java.util.concurrent.ConcurrentHashMap$Node@4de4b452
      Node[191] = null
      Node[192] = null
      Node[193] = class java.util.concurrent.ConcurrentHashMap$Node@50b5ac82
      Node[194] = null
      Node[195] = class java.util.concurrent.ConcurrentHashMap$Node@101952da
      Node[196] = null
      Node[197] = null
      Node[198] = null
      Node[199] = null
      Node[200] = null
      Node[201] = class java.util.concurrent.ConcurrentHashMap$Node@6babf3bf
      Node[202] = class java.util.concurrent.ConcurrentHashMap$Node@3059cbc
      Node[203] = class java.util.concurrent.ConcurrentHashMap$Node@7ea9e1e2
      Node[204] = null
      Node[205] = null
      Node[206] = null
      Node[207] = null
      Node[208] = null
      Node[209] = null
      Node[210] = null
      Node[211] = null
      Node[212] = class java.util.concurrent.ConcurrentHashMap$Node@24fcf36f
      Node[213] = null
      Node[214] = null
      Node[215] = null
      Node[216] = null
      Node[217] = class java.util.concurrent.ConcurrentHashMap$Node@10feca44
      Node[218] = null
      Node[219] = class java.util.concurrent.ConcurrentHashMap$Node@3fb1549b
      Node[220] = null
      Node[221] = null
      Node[222] = class java.util.concurrent.ConcurrentHashMap$Node@ea6147e
      Node[223] = class java.util.concurrent.ConcurrentHashMap$Node@4d02f94e
      Node[224] = class java.util.concurrent.ConcurrentHashMap$Node@2b48a640
      Node[225] = null
      Node[226] = null
      Node[227] = null
      Node[228] = class java.util.concurrent.ConcurrentHashMap$Node@1e683a3e
      Node[229] = null
      Node[230] = class java.util.concurrent.ConcurrentHashMap$Node@2053d869
      Node[231] = null
      Node[232] = null
      Node[233] = null
      Node[234] = null
      Node[235] = class java.util.concurrent.ConcurrentHashMap$Node@7a419da4
      Node[236] = null
      Node[237] = class java.util.concurrent.ConcurrentHashMap$Node@14555e0a
      Node[238] = null
      Node[239] = class java.util.concurrent.ConcurrentHashMap$Node@4bb33f74
      Node[240] = null
      Node[241] = null
      Node[242] = class java.util.concurrent.ConcurrentHashMap$Node@759d26fb
      Node[243] = class java.util.concurrent.ConcurrentHashMap$Node@3c73951
      Node[244] = class java.util.concurrent.ConcurrentHashMap$Node@3d5c822d
      Node[245] = class java.util.concurrent.ConcurrentHashMap$Node@6f46426d
      Node[246] = null
      Node[247] = null
      Node[248] = class java.util.concurrent.ConcurrentHashMap$Node@73700b80
      Node[249] = null
      Node[250] = null
      Node[251] = class java.util.concurrent.ConcurrentHashMap$Node@49c7b90e
      Node[252] = class java.util.concurrent.ConcurrentHashMap$Node@10d307f1
      Node[253] = null
      Node[254] = null
      Node[255] = null
      Node[256] = null
      Node[257] = null
      Node[258] = null
      Node[259] = null
      Node[260] = null
      Node[261] = null
      Node[262] = null
      Node[263] = class java.util.concurrent.ConcurrentHashMap$Node@4d5b6aac
      Node[264] = null
      Node[265] = null
      Node[266] = null
      Node[267] = null
      Node[268] = class java.util.concurrent.ConcurrentHashMap$Node@3e84448c
      Node[269] = null
      Node[270] = class java.util.concurrent.ConcurrentHashMap$Node@4a7f959b
      Node[271] = class java.util.concurrent.ConcurrentHashMap$Node@429bffaa
      Node[272] = null
      Node[273] = null
      Node[274] = null
      Node[275] = null
      Node[276] = null
      Node[277] = null
      Node[278] = null
      Node[279] = null
      Node[280] = null
      Node[281] = class java.util.concurrent.ConcurrentHashMap$Node@5403f35f
      Node[282] = null
      Node[283] = null
      Node[284] = null
      Node[285] = null
      Node[286] = class java.util.concurrent.ConcurrentHashMap$Node@483f6d77
      Node[287] = null
      Node[288] = class java.util.concurrent.ConcurrentHashMap$Node@7e5afaa6
      Node[289] = class java.util.concurrent.ConcurrentHashMap$Node@63a12c68
      Node[290] = null
      Node[291] = null
      Node[292] = null
      Node[293] = null
      Node[294] = null
      Node[295] = class java.util.concurrent.ConcurrentHashMap$Node@28f3b248
      Node[296] = class java.util.concurrent.ConcurrentHashMap$Node@1b1426f4
      Node[297] = null
      Node[298] = null
      Node[299] = class java.util.concurrent.ConcurrentHashMap$Node@32b260fa
      Node[300] = class java.util.concurrent.ConcurrentHashMap$Node@581ac8a8
      Node[301] = null
      Node[302] = null
      Node[303] = null
      Node[304] = null
      Node[305] = null
      Node[306] = null
      Node[307] = null
      Node[308] = null
      Node[309] = null
      Node[310] = class java.util.concurrent.ConcurrentHashMap$Node@6d4e5011
      Node[311] = null
      Node[312] = null
      Node[313] = class java.util.concurrent.ConcurrentHashMap$Node@57d7f8ca
      Node[314] = null
      Node[315] = class java.util.concurrent.ConcurrentHashMap$Node@76c3e77a
      Node[316] = null
      Node[317] = null
      Node[318] = null
      Node[319] = null
      Node[320] = null
      Node[321] = class java.util.concurrent.ConcurrentHashMap$Node@78123e82
      Node[322] = null
      Node[323] = null
      Node[324] = class java.util.concurrent.ConcurrentHashMap$Node@67c33749
      Node[325] = null
      Node[326] = class java.util.concurrent.ConcurrentHashMap$Node@fba92d3
      Node[327] = null
      Node[328] = null
      Node[329] = class java.util.concurrent.ConcurrentHashMap$Node@662b4c69
      Node[330] = null
      Node[331] = null
      Node[332] = null
      Node[333] = class java.util.concurrent.ConcurrentHashMap$Node@fa49800
      Node[334] = null
      Node[335] = null
      Node[336] = null
      Node[337] = null
      Node[338] = class java.util.concurrent.ConcurrentHashMap$Node@71238fc2
      Node[339] = null
      Node[340] = null
      Node[341] = null
      Node[342] = null
      Node[343] = class java.util.concurrent.ConcurrentHashMap$Node@2a54a73f
      Node[344] = class java.util.concurrent.ConcurrentHashMap$Node@16a0ee18
      Node[345] = null
      Node[346] = null
      Node[347] = class java.util.concurrent.ConcurrentHashMap$Node@3d6f0054
      Node[348] = null
      Node[349] = null
      Node[350] = null
      Node[351] = class java.util.concurrent.ConcurrentHashMap$Node@505fc5a4
      Node[352] = null
      Node[353] = class java.util.concurrent.ConcurrentHashMap$Node@5fbdfdcf
      Node[354] = null
      Node[355] = class java.util.concurrent.ConcurrentHashMap$Node@4efc180e
      Node[356] = class java.util.concurrent.ConcurrentHashMap$Node@bd4dc25
      Node[357] = null
      Node[358] = class java.util.concurrent.ConcurrentHashMap$Node@25084a1e
      Node[359] = class java.util.concurrent.ConcurrentHashMap$Node@156b88f5
      Node[360] = null
      Node[361] = null
      Node[362] = null
      Node[363] = null
      Node[364] = null
      Node[365] = null
      Node[366] = class java.util.concurrent.ConcurrentHashMap$Node@3bf9ce3e
      Node[367] = null
      Node[368] = null
      Node[369] = class java.util.concurrent.ConcurrentHashMap$Node@16610890
      Node[370] = null
      Node[371] = null
      Node[372] = null
      Node[373] = class java.util.concurrent.ConcurrentHashMap$Node@71def8f8
      Node[374] = null
      Node[375] = class java.util.concurrent.ConcurrentHashMap$Node@383bfa16
      Node[376] = null
      Node[377] = class java.util.concurrent.ConcurrentHashMap$Node@4d465b11
      Node[378] = class java.util.concurrent.ConcurrentHashMap$Node@53fdffa1
      Node[379] = class java.util.concurrent.ConcurrentHashMap$Node@5562c41e
      Node[380] = null
      Node[381] = class java.util.concurrent.ConcurrentHashMap$Node@32ee6fee
      Node[382] = null
      Node[383] = null
      Node[384] = null
      Node[385] = null
      Node[386] = null
      Node[387] = null
      Node[388] = null
      Node[389] = null
      Node[390] = class java.util.concurrent.ConcurrentHashMap$Node@4d0f2471
      Node[391] = null
      Node[392] = null
      Node[393] = null
      Node[394] = class java.util.concurrent.ConcurrentHashMap$Node@7133da86
      Node[395] = null
      Node[396] = class java.util.concurrent.ConcurrentHashMap$Node@3232a28a
      Node[397] = null
      Node[398] = null
      Node[399] = null
      Node[400] = class java.util.concurrent.ConcurrentHashMap$Node@73e22a3d
      Node[401] = class java.util.concurrent.ConcurrentHashMap$Node@47faa49c
      Node[402] = null
      Node[403] = class java.util.concurrent.ConcurrentHashMap$Node@28f2a10f
      Node[404] = class java.util.concurrent.ConcurrentHashMap$Node@f736069
      Node[405] = null
      Node[406] = class java.util.concurrent.ConcurrentHashMap$Node@6da21078
      Node[407] = null
      Node[408] = null
      Node[409] = null
      Node[410] = null
      Node[411] = null
      Node[412] = null
      Node[413] = class java.util.concurrent.ConcurrentHashMap$Node@7fee8714
      Node[414] = null
      Node[415] = null
      Node[416] = class java.util.concurrent.ConcurrentHashMap$Node@4229bb3f
      Node[417] = class java.util.concurrent.ConcurrentHashMap$Node@56cdfb3b
      Node[418] = class java.util.concurrent.ConcurrentHashMap$Node@2b91004a
      Node[419] = class java.util.concurrent.ConcurrentHashMap$Node@20ccf40b
      Node[420] = null
      Node[421] = class java.util.concurrent.ConcurrentHashMap$Node@2fb3536e
      Node[422] = null
      Node[423] = null
      Node[424] = class java.util.concurrent.ConcurrentHashMap$Node@169e6180
      Node[425] = class java.util.concurrent.ConcurrentHashMap$Node@35aea049
      Node[426] = class java.util.concurrent.ConcurrentHashMap$Node@7205765b
      Node[427] = null
      Node[428] = null
      Node[429] = null
      Node[430] = class java.util.concurrent.ConcurrentHashMap$Node@47987356
      Node[431] = class java.util.concurrent.ConcurrentHashMap$Node@22ef9844
      Node[432] = class java.util.concurrent.ConcurrentHashMap$Node@6283d8b8
      Node[433] = class java.util.concurrent.ConcurrentHashMap$Node@3b6ddd1d
      Node[434] = null
      Node[435] = null
      Node[436] = null
      Node[437] = null
      Node[438] = null
      Node[439] = null
      Node[440] = class java.util.concurrent.ConcurrentHashMap$Node@3f6b0be5
      Node[441] = null
      Node[442] = null
      Node[443] = null
      Node[444] = null
      Node[445] = null
      Node[446] = null
      Node[447] = class java.util.concurrent.ConcurrentHashMap$Node@611889f4
      Node[448] = class java.util.concurrent.ConcurrentHashMap$Node@1da2cb77
      Node[449] = class java.util.concurrent.ConcurrentHashMap$Node@48f278eb
      Node[450] = null
      Node[451] = null
      Node[452] = null
      Node[453] = class java.util.concurrent.ConcurrentHashMap$Node@2f217633
      Node[454] = null
      Node[455] = class java.util.concurrent.ConcurrentHashMap$Node@a530d0a
      Node[456] = null
      Node[457] = null
      Node[458] = null
      Node[459] = null
      Node[460] = class java.util.concurrent.ConcurrentHashMap$Node@1a18644
      Node[461] = class java.util.concurrent.ConcurrentHashMap$Node@5acf93bb
      Node[462] = class java.util.concurrent.ConcurrentHashMap$Node@7e7be63f
      Node[463] = null
      Node[464] = null
      Node[465] = null
      Node[466] = class java.util.concurrent.ConcurrentHashMap$Node@6cd28fa7
      Node[467] = null
      Node[468] = class java.util.concurrent.ConcurrentHashMap$Node@614ca7df
      Node[469] = class java.util.concurrent.ConcurrentHashMap$Node@4738a206
      Node[470] = null
      Node[471] = null
      Node[472] = null
      Node[473] = null
      Node[474] = null
      Node[475] = null
      Node[476] = null
      Node[477] = null
      Node[478] = null
      Node[479] = null
      Node[480] = null
      Node[481] = null
      Node[482] = null
      Node[483] = class java.util.concurrent.ConcurrentHashMap$Node@66d3eec0
      Node[484] = null
      Node[485] = class java.util.concurrent.ConcurrentHashMap$Node@1e04fa0a
      Node[486] = null
      Node[487] = null
      Node[488] = null
      Node[489] = class java.util.concurrent.ConcurrentHashMap$Node@1af2d44a
      Node[490] = null
      Node[491] = null
      Node[492] = null
      Node[493] = null
      Node[494] = null
      Node[495] = null
      Node[496] = class java.util.concurrent.ConcurrentHashMap$Node@18d87d80
      Node[497] = null
      Node[498] = class java.util.concurrent.ConcurrentHashMap$Node@618425b5
      Node[499] = null
      Node[500] = null
      Node[501] = class java.util.concurrent.ConcurrentHashMap$Node@58695725
      Node[502] = class java.util.concurrent.ConcurrentHashMap$Node@543588e6
      Node[503] = class java.util.concurrent.ConcurrentHashMap$Node@f5acb9d
      Node[504] = class java.util.concurrent.ConcurrentHashMap$Node@4fb3ee4e
      Node[505] = null
      Node[506] = class java.util.concurrent.ConcurrentHashMap$Node@5d7148e2
      Node[507] = null
      Node[508] = class java.util.concurrent.ConcurrentHashMap$Node@25fb8912
      Node[509] = class java.util.concurrent.ConcurrentHashMap$Node@7c24b813
      Node[510] = null
      Node[511] = null
      Node[512] = class java.util.concurrent.ConcurrentHashMap$Node@2c35e847
      Node[513] = null
      Node[514] = null
      Node[515] = null
      Node[516] = null
      Node[517] = null
      Node[518] = class java.util.concurrent.ConcurrentHashMap$Node@7bd4937b
      Node[519] = null
      Node[520] = class java.util.concurrent.ConcurrentHashMap$Node@21e360a
      Node[521] = class java.util.concurrent.ConcurrentHashMap$Node@5ba3f27a
      Node[522] = null
      Node[523] = null
      Node[524] = class java.util.concurrent.ConcurrentHashMap$Node@58d75e99
      Node[525] = class java.util.concurrent.ConcurrentHashMap$Node@74751b3
      Node[526] = null
      Node[527] = null
      Node[528] = class java.util.concurrent.ConcurrentHashMap$Node@741a8937
      Node[529] = class java.util.concurrent.ConcurrentHashMap$Node@306e95ec
      Node[530] = null
      Node[531] = class java.util.concurrent.ConcurrentHashMap$Node@52af26ee
      Node[532] = null
      Node[533] = class java.util.concurrent.ConcurrentHashMap$Node@6fd83fc1
      Node[534] = null
      Node[535] = null
      Node[536] = null
      Node[537] = null
      Node[538] = class java.util.concurrent.ConcurrentHashMap$Node@4f2b503c
      Node[539] = class java.util.concurrent.ConcurrentHashMap$Node@bae7dc0
      Node[540] = class java.util.concurrent.ConcurrentHashMap$Node@209da20d
      Node[541] = class java.util.concurrent.ConcurrentHashMap$Node@e15b7e8
      Node[542] = class java.util.concurrent.ConcurrentHashMap$Node@1b2abca6
      Node[543] = null
      Node[544] = class java.util.concurrent.ConcurrentHashMap$Node@6392827e
      Node[545] = null
      Node[546] = class java.util.concurrent.ConcurrentHashMap$Node@2ed2d9cb
      Node[547] = class java.util.concurrent.ConcurrentHashMap$Node@d5b810e
      Node[548] = null
      Node[549] = class java.util.concurrent.ConcurrentHashMap$Node@43dac38f
      Node[550] = class java.util.concurrent.ConcurrentHashMap$Node@342c38f8
      Node[551] = null
      Node[552] = class java.util.concurrent.ConcurrentHashMap$Node@c88a337
      Node[553] = null
      Node[554] = class java.util.concurrent.ConcurrentHashMap$Node@5d0a1059
      Node[555] = null
      Node[556] = null
      Node[557] = null
      Node[558] = class java.util.concurrent.ConcurrentHashMap$Node@485966cc
      Node[559] = class java.util.concurrent.ConcurrentHashMap$Node@1de76cc7
      Node[560] = null
      Node[561] = null
      Node[562] = null
      Node[563] = null
      Node[564] = class java.util.concurrent.ConcurrentHashMap$Node@54bff557
      Node[565] = null
      Node[566] = class java.util.concurrent.ConcurrentHashMap$Node@593aaf41
      Node[567] = null
      Node[568] = null
      Node[569] = null
      Node[570] = null
      Node[571] = class java.util.concurrent.ConcurrentHashMap$Node@5a56cdac
      Node[572] = null
      Node[573] = class java.util.concurrent.ConcurrentHashMap$Node@7c711375
      Node[574] = class java.util.concurrent.ConcurrentHashMap$Node@57cf54e1
      Node[575] = null
      Node[576] = null
      Node[577] = class java.util.concurrent.ConcurrentHashMap$Node@5b03b9fe
      Node[578] = null
      Node[579] = null
      Node[580] = null
      Node[581] = null
      Node[582] = class java.util.concurrent.ConcurrentHashMap$Node@37d4349f
      Node[583] = class java.util.concurrent.ConcurrentHashMap$Node@434a63ab
      Node[584] = class java.util.concurrent.ConcurrentHashMap$Node@6e0f5f7f
      Node[585] = null
      Node[586] = null
      Node[587] = null
      Node[588] = null
      Node[589] = null
      Node[590] = null
      Node[591] = class java.util.concurrent.ConcurrentHashMap$Node@2805d709
      Node[592] = class java.util.concurrent.ConcurrentHashMap$Node@3ee37e5a
      Node[593] = class java.util.concurrent.ConcurrentHashMap$Node@2ea41516
      Node[594] = null
      Node[595] = null
      Node[596] = class java.util.concurrent.ConcurrentHashMap$Node@3a44431a
      Node[597] = null
      Node[598] = null
      Node[599] = class java.util.concurrent.ConcurrentHashMap$Node@3c7f66c4
      Node[600] = null
      Node[601] = null
      Node[602] = null
      Node[603] = null
      Node[604] = class java.util.concurrent.ConcurrentHashMap$Node@194bcebf
      Node[605] = null
      Node[606] = null
      Node[607] = null
      Node[608] = class java.util.concurrent.ConcurrentHashMap$Node@17497425
      Node[609] = null
      Node[610] = null
      Node[611] = null
      Node[612] = null
      Node[613] = null
      Node[614] = null
      Node[615] = null
      Node[616] = null
      Node[617] = null
      Node[618] = class java.util.concurrent.ConcurrentHashMap$Node@f0da945
      Node[619] = null
      Node[620] = null
      Node[621] = null
      Node[622] = null
      Node[623] = null
      Node[624] = null
      Node[625] = null
      Node[626] = null
      Node[627] = null
      Node[628] = null
      Node[629] = class java.util.concurrent.ConcurrentHashMap$Node@4803b726
      Node[630] = null
      Node[631] = class java.util.concurrent.ConcurrentHashMap$Node@ffaa6af
      Node[632] = null
      Node[633] = class java.util.concurrent.ConcurrentHashMap$Node@53ce1329
      Node[634] = class java.util.concurrent.ConcurrentHashMap$Node@316bcf94
      Node[635] = null
      Node[636] = null
      Node[637] = null
      Node[638] = null
      Node[639] = null
      Node[640] = null
      Node[641] = class java.util.concurrent.ConcurrentHashMap$Node@6404f418
      Node[642] = null
      Node[643] = null
      Node[644] = null
      Node[645] = null
      Node[646] = class java.util.concurrent.ConcurrentHashMap$Node@3e11f9e9
      Node[647] = class java.util.concurrent.ConcurrentHashMap$Node@1de5f259
      Node[648] = class java.util.concurrent.ConcurrentHashMap$Node@729d991e
      Node[649] = null
      Node[650] = class java.util.concurrent.ConcurrentHashMap$Node@31fa1761
      Node[651] = class java.util.concurrent.ConcurrentHashMap$Node@957e06
      Node[652] = class java.util.concurrent.ConcurrentHashMap$Node@32502377
      Node[653] = class java.util.concurrent.ConcurrentHashMap$Node@2c1b194a
      Node[654] = null
      Node[655] = null
      Node[656] = null
      Node[657] = class java.util.concurrent.ConcurrentHashMap$Node@4dbb42b7
      Node[658] = null
      Node[659] = null
      Node[660] = null
      Node[661] = null
      Node[662] = class java.util.concurrent.ConcurrentHashMap$Node@66f57048
      Node[663] = null
      Node[664] = null
      Node[665] = null
      Node[666] = null
      Node[667] = null
      Node[668] = null
      Node[669] = null
      Node[670] = null
      Node[671] = class java.util.concurrent.ConcurrentHashMap$Node@550dbc7a
      Node[672] = null
      Node[673] = null
      Node[674] = null
      Node[675] = null
      Node[676] = null
      Node[677] = null
      Node[678] = null
      Node[679] = class java.util.concurrent.ConcurrentHashMap$Node@21282ed8
      Node[680] = null
      Node[681] = null
      Node[682] = null
      Node[683] = class java.util.concurrent.ConcurrentHashMap$Node@36916eb0
      Node[684] = null
      Node[685] = null
      Node[686] = null
      Node[687] = null
      Node[688] = class java.util.concurrent.ConcurrentHashMap$Node@7bab3f1a
      Node[689] = null
      Node[690] = class java.util.concurrent.ConcurrentHashMap$Node@437da279
      Node[691] = null
      Node[692] = null
      Node[693] = null
      Node[694] = class java.util.concurrent.ConcurrentHashMap$Node@23c30a20
      Node[695] = null
      Node[696] = null
      Node[697] = null
      Node[698] = null
      Node[699] = null
      Node[700] = null
      Node[701] = null
      Node[702] = null
      Node[703] = null
      Node[704] = null
      Node[705] = null
      Node[706] = class java.util.concurrent.ConcurrentHashMap$Node@1e1a0406
      Node[707] = null
      Node[708] = class java.util.concurrent.ConcurrentHashMap$Node@3cebbb30
      Node[709] = null
      Node[710] = null
      Node[711] = null
      Node[712] = class java.util.concurrent.ConcurrentHashMap$Node@12aba8be
      Node[713] = class java.util.concurrent.ConcurrentHashMap$Node@290222c1
      Node[714] = null
      Node[715] = null
      Node[716] = class java.util.concurrent.ConcurrentHashMap$Node@67f639d3
      Node[717] = class java.util.concurrent.ConcurrentHashMap$Node@6253c26
      Node[718] = class java.util.concurrent.ConcurrentHashMap$Node@49049a04
      Node[719] = class java.util.concurrent.ConcurrentHashMap$Node@71a8adcf
      Node[720] = class java.util.concurrent.ConcurrentHashMap$Node@27462a88
      Node[721] = null
      Node[722] = class java.util.concurrent.ConcurrentHashMap$Node@82de64a
      Node[723] = null
      Node[724] = null
      Node[725] = class java.util.concurrent.ConcurrentHashMap$Node@659499f1
      Node[726] = null
      Node[727] = null
      Node[728] = null
      Node[729] = null
      Node[730] = null
      Node[731] = class java.util.concurrent.ConcurrentHashMap$Node@51e69659
      Node[732] = null
      Node[733] = class java.util.concurrent.ConcurrentHashMap$Node@47e2e487
      Node[734] = null
      Node[735] = null
      Node[736] = null
      Node[737] = null
      Node[738] = null
      Node[739] = null
      Node[740] = class java.util.concurrent.ConcurrentHashMap$Node@201a4587
      Node[741] = null
      Node[742] = null
      Node[743] = null
      Node[744] = class java.util.concurrent.ConcurrentHashMap$Node@61001b64
      Node[745] = null
      Node[746] = null
      Node[747] = class java.util.concurrent.ConcurrentHashMap$Node@4310d43
      Node[748] = class java.util.concurrent.ConcurrentHashMap$Node@54a7079e
      Node[749] = null
      Node[750] = null
      Node[751] = null
      Node[752] = null
      Node[753] = class java.util.concurrent.ConcurrentHashMap$Node@26e356f0
      Node[754] = null
      Node[755] = null
      Node[756] = class java.util.concurrent.ConcurrentHashMap$Node@47d9a273
      Node[757] = null
      Node[758] = class java.util.concurrent.ConcurrentHashMap$Node@4b8ee4de
      Node[759] = class java.util.concurrent.ConcurrentHashMap$Node@27f981c6
      Node[760] = null
      Node[761] = class java.util.concurrent.ConcurrentHashMap$Node@1b11171f
      Node[762] = class java.util.concurrent.ConcurrentHashMap$Node@1151e434
      Node[763] = null
      Node[764] = null
      Node[765] = class java.util.concurrent.ConcurrentHashMap$Node@2dc54ad4
      Node[766] = class java.util.concurrent.ConcurrentHashMap$Node@4659191b
      Node[767] = null
      Node[768] = class java.util.concurrent.ConcurrentHashMap$Node@55634720
      Node[769] = class java.util.concurrent.ConcurrentHashMap$Node@4b0d79fc
      Node[770] = class java.util.concurrent.ConcurrentHashMap$Node@4c1909a3
      Node[771] = class java.util.concurrent.ConcurrentHashMap$Node@428640fa
      Node[772] = null
      Node[773] = null
      Node[774] = null
      Node[775] = null
      Node[776] = class java.util.concurrent.ConcurrentHashMap$Node@d9345cd
      Node[777] = null
      Node[778] = null
      Node[779] = null
      Node[780] = null
      Node[781] = class java.util.concurrent.ConcurrentHashMap$Node@2d710f1a
      Node[782] = class java.util.concurrent.ConcurrentHashMap$Node@29215f06
      Node[783] = null
      Node[784] = class java.util.concurrent.ConcurrentHashMap$Node@59505b48
      Node[785] = null
      Node[786] = null
      Node[787] = class java.util.concurrent.ConcurrentHashMap$Node@4efac082
      Node[788] = class java.util.concurrent.ConcurrentHashMap$Node@6bd61f98
      Node[789] = class java.util.concurrent.ConcurrentHashMap$Node@48aca48b
      Node[790] = class java.util.concurrent.ConcurrentHashMap$Node@13fd2ccd
      Node[791] = null
      Node[792] = null
      Node[793] = null
      Node[794] = class java.util.concurrent.ConcurrentHashMap$Node@b9b00e0
      Node[795] = null
      Node[796] = null
      Node[797] = null
      Node[798] = null
      Node[799] = null
      Node[800] = null
      Node[801] = null
      Node[802] = class java.util.concurrent.ConcurrentHashMap$Node@506ae4d4
      Node[803] = class java.util.concurrent.ConcurrentHashMap$Node@7d4f9aae
      Node[804] = null
      Node[805] = null
      Node[806] = class java.util.concurrent.ConcurrentHashMap$Node@72e5a8e
      Node[807] = null
      Node[808] = null
      Node[809] = class java.util.concurrent.ConcurrentHashMap$Node@54e1c68b
      Node[810] = null
      Node[811] = null
      Node[812] = class java.util.concurrent.ConcurrentHashMap$Node@53aac487
      Node[813] = null
      Node[814] = null
      Node[815] = null
      Node[816] = null
      Node[817] = null
      Node[818] = null
      Node[819] = null
      Node[820] = null
      Node[821] = class java.util.concurrent.ConcurrentHashMap$Node@52b1beb6
      Node[822] = null
      Node[823] = null
      Node[824] = null
      Node[825] = null
      Node[826] = class java.util.concurrent.ConcurrentHashMap$Node@273e7444
      Node[827] = null
      Node[828] = class java.util.concurrent.ConcurrentHashMap$Node@7db12bb6
      Node[829] = null
      Node[830] = null
      Node[831] = null
      Node[832] = null
      Node[833] = class java.util.concurrent.ConcurrentHashMap$Node@783a467b
      Node[834] = null
      Node[835] = null
      Node[836] = null
      Node[837] = class java.util.concurrent.ConcurrentHashMap$Node@272113c4
      Node[838] = null
      Node[839] = class java.util.concurrent.ConcurrentHashMap$Node@73e9cf30
      Node[840] = class java.util.concurrent.ConcurrentHashMap$Node@771a660
      Node[841] = null
      Node[842] = null
      Node[843] = null
      Node[844] = null
      Node[845] = null
      Node[846] = class java.util.concurrent.ConcurrentHashMap$Node@2d52216b
      Node[847] = class java.util.concurrent.ConcurrentHashMap$Node@242b836
      Node[848] = null
      Node[849] = null
      Node[850] = class java.util.concurrent.ConcurrentHashMap$Node@3f6f6701
      Node[851] = null
      Node[852] = null
      Node[853] = class java.util.concurrent.ConcurrentHashMap$Node@3527942a
      Node[854] = class java.util.concurrent.ConcurrentHashMap$Node@942a29c
      Node[855] = null
      Node[856] = null
      Node[857] = null
      Node[858] = null
      Node[859] = null
      Node[860] = null
      Node[861] = null
      Node[862] = null
      Node[863] = null
      Node[864] = null
      Node[865] = class java.util.concurrent.ConcurrentHashMap$Node@1ed6388a
      Node[866] = null
      Node[867] = class java.util.concurrent.ConcurrentHashMap$Node@5a45133e
      Node[868] = null
      Node[869] = class java.util.concurrent.ConcurrentHashMap$Node@534a5a98
      Node[870] = class java.util.concurrent.ConcurrentHashMap$Node@4f80542f
      Node[871] = class java.util.concurrent.ConcurrentHashMap$Node@60bd273d
      Node[872] = null
      Node[873] = null
      Node[874] = null
      Node[875] = null
      Node[876] = class java.util.concurrent.ConcurrentHashMap$Node@121314f7
      Node[877] = class java.util.concurrent.ConcurrentHashMap$Node@130c12b7
      Node[878] = class java.util.concurrent.ConcurrentHashMap$Node@5e600dd5
      Node[879] = class java.util.concurrent.ConcurrentHashMap$Node@576d5deb
      Node[880] = null
      Node[881] = class java.util.concurrent.ConcurrentHashMap$Node@5d534f5d
      Node[882] = null
      Node[883] = class java.util.concurrent.ConcurrentHashMap$Node@2e3967ea
      Node[884] = null
      Node[885] = null
      Node[886] = class java.util.concurrent.ConcurrentHashMap$Node@70e9c95d
      Node[887] = class java.util.concurrent.ConcurrentHashMap$Node@4d5650ae
      Node[888] = null
      Node[889] = class java.util.concurrent.ConcurrentHashMap$Node@a38c7fe
      Node[890] = class java.util.concurrent.ConcurrentHashMap$Node@6fdbe764
      Node[891] = null
      Node[892] = null
      Node[893] = class java.util.concurrent.ConcurrentHashMap$Node@51c668e3
      Node[894] = null
      Node[895] = null
      Node[896] = null
      Node[897] = null
      Node[898] = null
      Node[899] = class java.util.concurrent.ConcurrentHashMap$Node@2e6a8155
      Node[900] = null
      Node[901] = null
      Node[902] = null
      Node[903] = null
      Node[904] = null
      Node[905] = null
      Node[906] = null
      Node[907] = class java.util.concurrent.ConcurrentHashMap$Node@6221a451
      Node[908] = null
      Node[909] = null
      Node[910] = null
      Node[911] = null
      Node[912] = null
      Node[913] = null
      Node[914] = null
      Node[915] = class java.util.concurrent.ConcurrentHashMap$Node@52719fb6
      Node[916] = null
      Node[917] = class java.util.concurrent.ConcurrentHashMap$Node@3012646b
      Node[918] = class java.util.concurrent.ConcurrentHashMap$Node@4a883b15
      Node[919] = null
      Node[920] = null
      Node[921] = class java.util.concurrent.ConcurrentHashMap$Node@25641d39
      Node[922] = class java.util.concurrent.ConcurrentHashMap$Node@7b36aa0c
      Node[923] = null
      Node[924] = null
      Node[925] = null
      Node[926] = null
      Node[927] = null
      Node[928] = null
      Node[929] = null
      Node[930] = null
      Node[931] = null
      Node[932] = null
      Node[933] = class java.util.concurrent.ConcurrentHashMap$Node@5824a83d
      Node[934] = null
      Node[935] = null
      Node[936] = null
      Node[937] = null
      Node[938] = class java.util.concurrent.ConcurrentHashMap$Node@537f60bf
      Node[939] = null
      Node[940] = null
      Node[941] = null
      Node[942] = class java.util.concurrent.ConcurrentHashMap$Node@5677323c
      Node[943] = null
      Node[944] = null
      Node[945] = null
      Node[946] = null
      Node[947] = null
      Node[948] = null
      Node[949] = null
      Node[950] = null
      Node[951] = null
      Node[952] = null
      Node[953] = class java.util.concurrent.ConcurrentHashMap$Node@18df8434
      Node[954] = null
      Node[955] = class java.util.concurrent.ConcurrentHashMap$Node@65c7a252
      Node[956] = null
      Node[957] = null
      Node[958] = null
      Node[959] = null
      Node[960] = null
      Node[961] = class java.util.concurrent.ConcurrentHashMap$Node@4d154ccd
      Node[962] = null
      Node[963] = null
      Node[964] = null
      Node[965] = class java.util.concurrent.ConcurrentHashMap$Node@229c6181
      Node[966] = null
      Node[967] = class java.util.concurrent.ConcurrentHashMap$Node@4686afc2
      Node[968] = null
      Node[969] = null
      Node[970] = class java.util.concurrent.ConcurrentHashMap$Node@1e0b4072
      Node[971] = class java.util.concurrent.ConcurrentHashMap$Node@791f145a
      Node[972] = null
      Node[973] = null
      Node[974] = null
      Node[975] = null
      Node[976] = class java.util.concurrent.ConcurrentHashMap$Node@38cee291
      Node[977] = null
      Node[978] = class java.util.concurrent.ConcurrentHashMap$Node@4b45a2f5
      Node[979] = null
      Node[980] = null
      Node[981] = null
      Node[982] = null
      Node[983] = null
      Node[984] = class java.util.concurrent.ConcurrentHashMap$Node@f09733f
      Node[985] = class java.util.concurrent.ConcurrentHashMap$Node@e350b40
      Node[986] = null
      Node[987] = null
      Node[988] = null
      Node[989] = class java.util.concurrent.ConcurrentHashMap$Node@41a0aa7d
      Node[990] = class java.util.concurrent.ConcurrentHashMap$Node@2794eab6
      Node[991] = null
      Node[992] = null
      Node[993] = null
      Node[994] = null
      Node[995] = null
      Node[996] = null
      Node[997] = null
      Node[998] = null
      Node[999] = null
      Node[1000] = class java.util.concurrent.ConcurrentHashMap$Node@6340e5f0
      Node[1001] = null
      Node[1002] = class java.util.concurrent.ConcurrentHashMap$Node@45099dd3
      Node[1003] = null
      Node[1004] = null
      Node[1005] = class java.util.concurrent.ConcurrentHashMap$Node@13e344d
      Node[1006] = null
      Node[1007] = class java.util.concurrent.ConcurrentHashMap$Node@1ffaf86
      Node[1008] = null
      Node[1009] = null
      Node[1010] = null
      Node[1011] = class java.util.concurrent.ConcurrentHashMap$Node@6574a52c
      Node[1012] = null
      Node[1013] = null
      Node[1014] = class java.util.concurrent.ConcurrentHashMap$Node@6c1a5b54
      Node[1015] = null
      Node[1016] = class java.util.concurrent.ConcurrentHashMap$Node@1c7696c6
      Node[1017] = null
      Node[1018] = null
      Node[1019] = null
      Node[1020] = null
      Node[1021] = class java.util.concurrent.ConcurrentHashMap$Node@60099951
      Node[1022] = null
      Node[1023] = null
    nextTable = null
    baseCount = 418
    sizeCtl = 768
    transferIndex = 0
    cellsBusy = 0
    counterCells = null
    keySet = null
    values = null
    entrySet = null
    U = class sun.misc.Unsafe@5c90e579
    SIZECTL = 20
    TRANSFERINDEX = 32
    BASECOUNT = 24
    CELLSBUSY = 36
    CELLVALUE = 144
    ABASE = 16
    ASHIFT = 2
    keySet = null
    values = null
  _bundleLocations = class java.util.HashSet@e7edb54
    serialVersionUID = -5024744406713321676
    map = class java.util.HashMap@c333c60
      serialVersionUID = 362498820763181265
      DEFAULT_INITIAL_CAPACITY = 16
      MAXIMUM_CAPACITY = 1073741824
      DEFAULT_LOAD_FACTOR = 0.75
      TREEIFY_THRESHOLD = 8
      UNTREEIFY_THRESHOLD = 6
      MIN_TREEIFY_CAPACITY = 64
      table = class java.util.HashMap$Node[1024]
      entrySet = null
      size = 418
      modCount = 418
      threshold = 768
      loadFactor = 0.75
      keySet = null
      values = null
    PRESENT = class java.lang.Object@3c947bc5
    MAX_ARRAY_SIZE = 2147483639
  _locations = class java.util.HashSet@378542de
    serialVersionUID = -5024744406713321676
    map = class java.util.HashMap@79da8dc5
      serialVersionUID = 362498820763181265
      DEFAULT_INITIAL_CAPACITY = 16
      MAXIMUM_CAPACITY = 1073741824
      DEFAULT_LOAD_FACTOR = 0.75
      TREEIFY_THRESHOLD = 8
      UNTREEIFY_THRESHOLD = 6
      MIN_TREEIFY_CAPACITY = 64
      table = class java.util.HashMap$Node[16]
      entrySet = null
      size = 1
      modCount = 1
      threshold = 12
      loadFactor = 0.75
      keySet = class java.util.HashMap$KeySet@1a942c18
      values = null
    PRESENT = class java.lang.Object@3c947bc5
    MAX_ARRAY_SIZE = 2147483639
  _dirty = true
  _msgs = class com.ibm.ws.kernel.provisioning.ContentBasedLocalBundleRepository$TrMessages@3738449f
    _tc = class com.ibm.websphere.ras.TraceComponent@4206a205
      strings[0] = "TraceComponent[com.ibm.ws.kernel.provisioning.ContentBasedLocalBundleRepository$TrMessages,class com.ibm.ws.kernel.provisioning.ContentBasedLocalBundleRepository$TrMessages,[bootstrap],com.ibm.ws.kernel.boot.resources.LauncherMessages,null]"
  _cacheRead = true

